<?xml version="1.0" encoding="utf-8"?>
<TestRun id="d88a7efa-4ca4-40da-8416-ebe62d3eb20f" name="@onur-TULPAR-T7-V20-5 2025-09-12 15:29:55" xmlns="http://microsoft.com/schemas/VisualStudio/TeamTest/2010">
  <Times creation="2025-09-12T15:29:55.8150191+03:00" queuing="2025-09-12T15:29:55.8150191+03:00" start="2025-09-12T15:29:55.0907493+03:00" finish="2025-09-12T15:29:57.6224801+03:00" />
  <TestSettings name="default" id="375346f1-c09b-4651-9f1e-ebc7ebf4c5b6">
    <Deployment runDeploymentRoot="_onur-TULPAR-T7-V20-5_2025-09-12_15_29_55" />
  </TestSettings>
  <Results>
    <UnitTestResult executionId="3d84544a-3b93-45bc-a2d8-48ba8a90c755" testId="6eb99c4a-01bc-c2e9-d8c3-c10f390a5232" testName="Enterprise.Shared.Storage.Tests.Services.ClamAVTarayiciServisTestleri.Constructor_NullOptions_ArgumentNullExceptionFirlatmali" computerName="onur-TULPAR-T7-V20-5" duration="00:00:00.0430460" startTime="2025-09-12T15:29:55.7855332+03:00" endTime="2025-09-12T15:29:55.7855333+03:00" testType="13cdc9d9-ddb5-4fa4-a97d-d965ccfc6d4b" outcome="Passed" testListId="8c84fa94-04c1-424b-9868-57a2d4851a1d" relativeResultsDirectory="3d84544a-3b93-45bc-a2d8-48ba8a90c755" />
    <UnitTestResult executionId="ac52d3a9-215d-4fd1-9a4e-7db1afbb3035" testId="050f5418-717c-0616-f15d-60ec01d72cca" testName="Enterprise.Shared.Storage.Tests.Models.StorageModelsTests.DosyaYuklemeIstegi_ValidModel_ValidationPassed" computerName="onur-TULPAR-T7-V20-5" duration="00:00:00.0002858" startTime="2025-09-12T15:29:55.7847465+03:00" endTime="2025-09-12T15:29:55.7847465+03:00" testType="13cdc9d9-ddb5-4fa4-a97d-d965ccfc6d4b" outcome="Passed" testListId="8c84fa94-04c1-424b-9868-57a2d4851a1d" relativeResultsDirectory="ac52d3a9-215d-4fd1-9a4e-7db1afbb3035" />
    <UnitTestResult executionId="2a042e1b-f384-42af-a3df-758bdd151c00" testId="4c92c0a2-9077-a097-915f-460bf7eda0c3" testName="Enterprise.Shared.Storage.Tests.Models.StorageModelsTests.GuvenlikAyarlari_BosAllowedExtensions_ValidasyonHatasiVermeli(extension: &quot;&quot;)" computerName="onur-TULPAR-T7-V20-5" duration="00:00:00.0000200" startTime="2025-09-12T15:29:55.7846078+03:00" endTime="2025-09-12T15:29:55.7846079+03:00" testType="13cdc9d9-ddb5-4fa4-a97d-d965ccfc6d4b" outcome="Passed" testListId="8c84fa94-04c1-424b-9868-57a2d4851a1d" relativeResultsDirectory="2a042e1b-f384-42af-a3df-758bdd151c00" />
    <UnitTestResult executionId="bc2171de-b592-4659-8e91-d12be660140f" testId="e256f369-04ce-2b10-12bb-4a7231d718f0" testName="Enterprise.Shared.Storage.Tests.Services.DosyaValidasyonServisTestleri.ValidateAsync_GecersizKarakterler_HataVermeliMeli(dosyaAdi: &quot;test&lt;file&gt;.txt&quot;)" computerName="onur-TULPAR-T7-V20-5" duration="00:00:00.0003967" startTime="2025-09-12T15:29:55.8640693+03:00" endTime="2025-09-12T15:29:55.8640694+03:00" testType="13cdc9d9-ddb5-4fa4-a97d-d965ccfc6d4b" outcome="Failed" testListId="8c84fa94-04c1-424b-9868-57a2d4851a1d" relativeResultsDirectory="bc2171de-b592-4659-8e91-d12be660140f">
      <Output>
        <ErrorInfo>
          <Message>Expected sonuc.IsValid to be False, but found True.</Message>
          <StackTrace>   at FluentAssertions.Execution.XUnit2TestFramework.Throw(String message)
   at FluentAssertions.Execution.TestFrameworkProvider.Throw(String message)
   at FluentAssertions.Execution.DefaultAssertionStrategy.HandleFailure(String message)
   at FluentAssertions.Execution.AssertionScope.FailWith(Func`1 failReasonFunc)
   at FluentAssertions.Execution.AssertionScope.FailWith(Func`1 failReasonFunc)
   at FluentAssertions.Execution.AssertionScope.FailWith(String message, Object[] args)
   at FluentAssertions.Primitives.BooleanAssertions`1.BeFalse(String because, Object[] becauseArgs)
   at Enterprise.Shared.Storage.Tests.Services.DosyaValidasyonServisTestleri.ValidateAsync_GecersizKarakterler_HataVermeliMeli(String dosyaAdi) in /home/onur/Desktop/PlatformV1/src/Shared/Enterprise.Shared.Storage.Tests/Services/FileValidationServiceTests.cs:line 187
--- End of stack trace from previous location ---</StackTrace>
        </ErrorInfo>
      </Output>
    </UnitTestResult>
    <UnitTestResult executionId="6c0061c0-540e-4c9b-8c52-7183b5c78950" testId="d1e7751a-f78a-d6d6-e4d1-3b177d5d2849" testName="Enterprise.Shared.Storage.Tests.Extensions.ServiceCollectionExtensionsTests.AddEnterpriseStorage_GecerliKonfigürasyon_ServislerEklenmeli" computerName="onur-TULPAR-T7-V20-5" duration="00:00:00.0039768" startTime="2025-09-12T15:29:55.8040619+03:00" endTime="2025-09-12T15:29:55.8040620+03:00" testType="13cdc9d9-ddb5-4fa4-a97d-d965ccfc6d4b" outcome="Passed" testListId="8c84fa94-04c1-424b-9868-57a2d4851a1d" relativeResultsDirectory="6c0061c0-540e-4c9b-8c52-7183b5c78950" />
    <UnitTestResult executionId="27753767-9a07-4324-8f20-921cf5a79db7" testId="3932fc5c-8a7d-db96-142c-68fffa2dd87c" testName="Enterprise.Shared.Storage.Tests.Extensions.ServiceCollectionExtensionsTests.HasStorageSettings_KonfigürasyonYok_FalseDondurmeli" computerName="onur-TULPAR-T7-V20-5" duration="00:00:00.0014596" startTime="2025-09-12T15:29:55.7855600+03:00" endTime="2025-09-12T15:29:55.7855601+03:00" testType="13cdc9d9-ddb5-4fa4-a97d-d965ccfc6d4b" outcome="Passed" testListId="8c84fa94-04c1-424b-9868-57a2d4851a1d" relativeResultsDirectory="27753767-9a07-4324-8f20-921cf5a79db7" />
    <UnitTestResult executionId="02ecf339-44bf-4c96-8d28-cb5ef2fba55a" testId="00d1ae19-1e33-a988-217e-102646f74288" testName="Enterprise.Shared.Storage.Tests.Services.ResimIslemeServisTestleri.ResimFormatiniDegistirAsync_JpegdenWebp_WebpDondururMeli" computerName="onur-TULPAR-T7-V20-5" duration="00:00:00.0878566" startTime="2025-09-12T15:29:57.4973737+03:00" endTime="2025-09-12T15:29:57.4973738+03:00" testType="13cdc9d9-ddb5-4fa4-a97d-d965ccfc6d4b" outcome="Passed" testListId="8c84fa94-04c1-424b-9868-57a2d4851a1d" relativeResultsDirectory="02ecf339-44bf-4c96-8d28-cb5ef2fba55a" />
    <UnitTestResult executionId="a9087d53-6d1f-4ad3-95da-4fd8cc25adc3" testId="66e4263d-a33f-9f76-5248-e0ea0462567e" testName="Enterprise.Shared.Storage.Tests.Services.DosyaValidasyonServisTestleri.MimeTipiGecerliMi_GecerliTip_TrueDondurmeli" computerName="onur-TULPAR-T7-V20-5" duration="00:00:00.0001421" startTime="2025-09-12T15:29:55.8656382+03:00" endTime="2025-09-12T15:29:55.8656383+03:00" testType="13cdc9d9-ddb5-4fa4-a97d-d965ccfc6d4b" outcome="Passed" testListId="8c84fa94-04c1-424b-9868-57a2d4851a1d" relativeResultsDirectory="a9087d53-6d1f-4ad3-95da-4fd8cc25adc3" />
    <UnitTestResult executionId="7c714722-b147-4fad-a0a2-b73bfb274df5" testId="d5c68c46-c896-a96f-a99c-e12ce7f25031" testName="Enterprise.Shared.Storage.Tests.Models.StorageModelsTests.DosyaYuklemeIstegi_ExitFields_ValidationFailed(eksikAlan: &quot;IcerikTuru&quot;)" computerName="onur-TULPAR-T7-V20-5" duration="00:00:00.0056645" startTime="2025-09-12T15:29:55.7559998+03:00" endTime="2025-09-12T15:29:55.7559999+03:00" testType="13cdc9d9-ddb5-4fa4-a97d-d965ccfc6d4b" outcome="Passed" testListId="8c84fa94-04c1-424b-9868-57a2d4851a1d" relativeResultsDirectory="7c714722-b147-4fad-a0a2-b73bfb274df5" />
    <UnitTestResult executionId="3f6e27a8-9730-42af-b6e3-d43646c9ebcb" testId="22df29ca-1919-bfd8-40d0-5cffe65d98c0" testName="Enterprise.Shared.Storage.Tests.Extensions.DepolamaServisiFactoryTests.CreateStorageService_MinIOProvider_IDepolamaServisinerendurmeli" computerName="onur-TULPAR-T7-V20-5" duration="00:00:00.0356182" startTime="2025-09-12T15:29:55.7851190+03:00" endTime="2025-09-12T15:29:55.7851190+03:00" testType="13cdc9d9-ddb5-4fa4-a97d-d965ccfc6d4b" outcome="Passed" testListId="8c84fa94-04c1-424b-9868-57a2d4851a1d" relativeResultsDirectory="3f6e27a8-9730-42af-b6e3-d43646c9ebcb" />
    <UnitTestResult executionId="147ee995-ee2e-48a9-88fb-db9fff972bc8" testId="6b10ae76-054b-2eef-8d5d-e6115f7b869b" testName="Enterprise.Shared.Storage.Tests.Models.StorageModelsTests.DosyaYuklemeIstegi_ExitFields_ValidationFailed(eksikAlan: &quot;DosyaAdi&quot;)" computerName="onur-TULPAR-T7-V20-5" duration="00:00:00.0000251" startTime="2025-09-12T15:29:55.7830934+03:00" endTime="2025-09-12T15:29:55.7830934+03:00" testType="13cdc9d9-ddb5-4fa4-a97d-d965ccfc6d4b" outcome="Passed" testListId="8c84fa94-04c1-424b-9868-57a2d4851a1d" relativeResultsDirectory="147ee995-ee2e-48a9-88fb-db9fff972bc8" />
    <UnitTestResult executionId="499a171b-89c0-49d8-9345-a260296e97aa" testId="8c8453f3-1b9c-3bfc-7145-aa2819e3ff59" testName="Enterprise.Shared.Storage.Tests.Models.StorageModelsTests.DosyaYuklemeIstegi_ExitFields_ValidationFailed(eksikAlan: &quot;BucketAdi&quot;)" computerName="onur-TULPAR-T7-V20-5" duration="00:00:00.0000115" startTime="2025-09-12T15:29:55.7832514+03:00" endTime="2025-09-12T15:29:55.7832515+03:00" testType="13cdc9d9-ddb5-4fa4-a97d-d965ccfc6d4b" outcome="Passed" testListId="8c84fa94-04c1-424b-9868-57a2d4851a1d" relativeResultsDirectory="499a171b-89c0-49d8-9345-a260296e97aa" />
    <UnitTestResult executionId="e459597f-7ace-47fc-bd3c-fb4411cb3c46" testId="f8298d54-baa5-d2dc-db6d-c9ef0bf1832a" testName="Enterprise.Shared.Storage.Tests.Services.VirusTarayiciServisTestleri.TaraAsync_BuyukDosya_SuspheliSonucuVermeli" computerName="onur-TULPAR-T7-V20-5" duration="00:00:00.0009855" startTime="2025-09-12T15:29:55.8044356+03:00" endTime="2025-09-12T15:29:55.8044356+03:00" testType="13cdc9d9-ddb5-4fa4-a97d-d965ccfc6d4b" outcome="Passed" testListId="8c84fa94-04c1-424b-9868-57a2d4851a1d" relativeResultsDirectory="e459597f-7ace-47fc-bd3c-fb4411cb3c46" />
    <UnitTestResult executionId="7e87e41e-6646-483d-ba5b-0acd0c49c902" testId="ac2cb801-acd3-e8d1-6e82-b6d4b1b48910" testName="Enterprise.Shared.Storage.Tests.Services.ResimIslemeServisTestleri.ResimBoyutlandirAsync_GecerliResim_BoyutlandirilmisDondururMeli" computerName="onur-TULPAR-T7-V20-5" duration="00:00:00.0918976" startTime="2025-09-12T15:29:57.2900519+03:00" endTime="2025-09-12T15:29:57.2900520+03:00" testType="13cdc9d9-ddb5-4fa4-a97d-d965ccfc6d4b" outcome="Passed" testListId="8c84fa94-04c1-424b-9868-57a2d4851a1d" relativeResultsDirectory="7e87e41e-6646-483d-ba5b-0acd0c49c902" />
    <UnitTestResult executionId="99d96a31-05e5-4e0a-8aec-a91c4ac0fa11" testId="bf57b459-8be1-2213-c2f2-d0d3bb54333c" testName="Enterprise.Shared.Storage.Tests.Services.DosyaValidasyonServisTestleri.ValidateAsync_GeçersizDosyaAdi_HataVermeliMeli(dosyaAdi: &quot;   &quot;)" computerName="onur-TULPAR-T7-V20-5" duration="00:00:00.1172613" startTime="2025-09-12T15:29:55.8578513+03:00" endTime="2025-09-12T15:29:55.8578514+03:00" testType="13cdc9d9-ddb5-4fa4-a97d-d965ccfc6d4b" outcome="Failed" testListId="8c84fa94-04c1-424b-9868-57a2d4851a1d" relativeResultsDirectory="99d96a31-05e5-4e0a-8aec-a91c4ac0fa11">
      <Output>
        <ErrorInfo>
          <Message>Expected sonuc.ErrorMessages {"Desteklenmeyen dosya uzantısı: "} to have an item matching x.Contains("Dosya adı").</Message>
          <StackTrace>   at FluentAssertions.Execution.XUnit2TestFramework.Throw(String message)
   at FluentAssertions.Execution.TestFrameworkProvider.Throw(String message)
   at FluentAssertions.Execution.DefaultAssertionStrategy.HandleFailure(String message)
   at FluentAssertions.Execution.AssertionScope.FailWith(Func`1 failReasonFunc)
   at FluentAssertions.Execution.AssertionScope.FailWith(Func`1 failReasonFunc)
   at FluentAssertions.Execution.AssertionScope.FailWith(String message, Object[] args)
   at FluentAssertions.Collections.GenericCollectionAssertions`3.Contain(Expression`1 predicate, String because, Object[] becauseArgs)
   at Enterprise.Shared.Storage.Tests.Services.DosyaValidasyonServisTestleri.ValidateAsync_GeçersizDosyaAdi_HataVermeliMeli(String dosyaAdi) in /home/onur/Desktop/PlatformV1/src/Shared/Enterprise.Shared.Storage.Tests/Services/FileValidationServiceTests.cs:line 156
--- End of stack trace from previous location ---</StackTrace>
        </ErrorInfo>
      </Output>
    </UnitTestResult>
    <UnitTestResult executionId="419af891-d5b1-46fe-a056-c2eb388978ec" testId="2b7d0b21-4591-5f61-149f-2d20880e8c4e" testName="Enterprise.Shared.Storage.Tests.Extensions.ServiceCollectionExtensionsTests.GetMinIOConnectionString_GecerliAyarlar_ConnectionStringOlusturmali" computerName="onur-TULPAR-T7-V20-5" duration="00:00:00.0049270" startTime="2025-09-12T15:29:55.8029767+03:00" endTime="2025-09-12T15:29:55.8029768+03:00" testType="13cdc9d9-ddb5-4fa4-a97d-d965ccfc6d4b" outcome="Passed" testListId="8c84fa94-04c1-424b-9868-57a2d4851a1d" relativeResultsDirectory="419af891-d5b1-46fe-a056-c2eb388978ec" />
    <UnitTestResult executionId="fda9a1c8-8c33-4ef9-9f2c-fec3e1563445" testId="25e2a728-abcd-630a-d595-081c7325d260" testName="Enterprise.Shared.Storage.Tests.Models.StorageModelsTests.DepolamaAyarlari_ConfigSection_DogruSectionAdiniDondurmeli" computerName="onur-TULPAR-T7-V20-5" duration="00:00:00.0001862" startTime="2025-09-12T15:29:55.7834223+03:00" endTime="2025-09-12T15:29:55.7834223+03:00" testType="13cdc9d9-ddb5-4fa4-a97d-d965ccfc6d4b" outcome="Passed" testListId="8c84fa94-04c1-424b-9868-57a2d4851a1d" relativeResultsDirectory="fda9a1c8-8c33-4ef9-9f2c-fec3e1563445" />
    <UnitTestResult executionId="c4cec5da-6c7e-4b41-83a0-0deb1c056ee9" testId="0e876ae0-e77c-4ca7-7879-98cd54300afa" testName="Enterprise.Shared.Storage.Tests.Models.StorageModelsTests.DosyaBilgisi_TamYolProperty_BucketveNesneAdiniIcermeli" computerName="onur-TULPAR-T7-V20-5" duration="00:00:00.0004975" startTime="2025-09-12T15:29:55.7832824+03:00" endTime="2025-09-12T15:29:55.7832824+03:00" testType="13cdc9d9-ddb5-4fa4-a97d-d965ccfc6d4b" outcome="Passed" testListId="8c84fa94-04c1-424b-9868-57a2d4851a1d" relativeResultsDirectory="c4cec5da-6c7e-4b41-83a0-0deb1c056ee9" />
    <UnitTestResult executionId="a2a7e3ad-1b08-4245-8ae6-7b25003da35e" testId="cf8667da-b6a3-bb34-46c4-02e50a6f4aa1" testName="Enterprise.Shared.Storage.Tests.Extensions.ServiceCollectionExtensionsTests.AddMockVirusScanner_MockServisEklenmeli" computerName="onur-TULPAR-T7-V20-5" duration="00:00:00.0004635" startTime="2025-09-12T15:29:55.8018609+03:00" endTime="2025-09-12T15:29:55.8018610+03:00" testType="13cdc9d9-ddb5-4fa4-a97d-d965ccfc6d4b" outcome="Failed" testListId="8c84fa94-04c1-424b-9868-57a2d4851a1d" relativeResultsDirectory="a2a7e3ad-1b08-4245-8ae6-7b25003da35e">
      <Output>
        <ErrorInfo>
          <Message>System.InvalidOperationException : Unable to resolve service for type 'Microsoft.Extensions.Logging.ILogger`1[Enterprise.Shared.Storage.Services.MockVirusTarayiciServisi]' while attempting to activate 'Enterprise.Shared.Storage.Services.MockVirusTarayiciServisi'.</Message>
          <StackTrace>   at Microsoft.Extensions.DependencyInjection.ServiceLookup.CallSiteFactory.CreateArgumentCallSites(ServiceIdentifier serviceIdentifier, Type implementationType, CallSiteChain callSiteChain, ParameterInfo[] parameters, Boolean throwIfCallSiteNotFound)
   at Microsoft.Extensions.DependencyInjection.ServiceLookup.CallSiteFactory.CreateConstructorCallSite(ResultCache lifetime, ServiceIdentifier serviceIdentifier, Type implementationType, CallSiteChain callSiteChain)
   at Microsoft.Extensions.DependencyInjection.ServiceLookup.CallSiteFactory.TryCreateExact(ServiceDescriptor descriptor, ServiceIdentifier serviceIdentifier, CallSiteChain callSiteChain, Int32 slot)
   at Microsoft.Extensions.DependencyInjection.ServiceLookup.CallSiteFactory.TryCreateExact(ServiceIdentifier serviceIdentifier, CallSiteChain callSiteChain)
   at Microsoft.Extensions.DependencyInjection.ServiceLookup.CallSiteFactory.CreateCallSite(ServiceIdentifier serviceIdentifier, CallSiteChain callSiteChain)
   at Microsoft.Extensions.DependencyInjection.ServiceLookup.CallSiteFactory.GetCallSite(ServiceIdentifier serviceIdentifier, CallSiteChain callSiteChain)
   at Microsoft.Extensions.DependencyInjection.ServiceProvider.CreateServiceAccessor(ServiceIdentifier serviceIdentifier)
   at System.Collections.Concurrent.ConcurrentDictionary`2.GetOrAdd(TKey key, Func`2 valueFactory)
   at Microsoft.Extensions.DependencyInjection.ServiceProvider.GetService(ServiceIdentifier serviceIdentifier, ServiceProviderEngineScope serviceProviderEngineScope)
   at Microsoft.Extensions.DependencyInjection.ServiceProvider.GetService(Type serviceType)
   at Microsoft.Extensions.DependencyInjection.ServiceProviderServiceExtensions.GetService[T](IServiceProvider provider)
   at Enterprise.Shared.Storage.Tests.Extensions.ServiceCollectionExtensionsTests.AddMockVirusScanner_MockServisEklenmeli() in /home/onur/Desktop/PlatformV1/src/Shared/Enterprise.Shared.Storage.Tests/Extensions/ServiceCollectionExtensionsTests.cs:line 181
   at System.RuntimeMethodHandle.InvokeMethod(Object target, Void** arguments, Signature sig, Boolean isConstructor)
   at System.Reflection.MethodBaseInvoker.InvokeWithNoArgs(Object obj, BindingFlags invokeAttr)</StackTrace>
        </ErrorInfo>
      </Output>
    </UnitTestResult>
    <UnitTestResult executionId="4064ae1b-dd00-44e0-8c79-02c43d440f38" testId="ac0bc820-4f76-beb5-ec12-ae63c751fbef" testName="Enterprise.Shared.Storage.Tests.Services.ResimIslemeServisTestleri.KucukResimOlusturAsync_GecerliResim_KucukResimDondururMeli" computerName="onur-TULPAR-T7-V20-5" duration="00:00:00.0506861" startTime="2025-09-12T15:29:57.5481546+03:00" endTime="2025-09-12T15:29:57.5481547+03:00" testType="13cdc9d9-ddb5-4fa4-a97d-d965ccfc6d4b" outcome="Passed" testListId="8c84fa94-04c1-424b-9868-57a2d4851a1d" relativeResultsDirectory="4064ae1b-dd00-44e0-8c79-02c43d440f38" />
    <UnitTestResult executionId="5ed47284-47aa-46ff-8786-42a197321014" testId="fa73ac31-f989-94e7-97d6-5698892d9422" testName="Enterprise.Shared.Storage.Tests.Models.StorageModelsTests.YedekBilgisi_DefaultConstructor_PropertilerBaslatilmali" computerName="onur-TULPAR-T7-V20-5" duration="00:00:00.0065407" startTime="2025-09-12T15:29:55.7508689+03:00" endTime="2025-09-12T15:29:55.7508846+03:00" testType="13cdc9d9-ddb5-4fa4-a97d-d965ccfc6d4b" outcome="Passed" testListId="8c84fa94-04c1-424b-9868-57a2d4851a1d" relativeResultsDirectory="5ed47284-47aa-46ff-8786-42a197321014" />
    <UnitTestResult executionId="62363f4a-cf9d-4a62-ba24-a4b816638823" testId="be82b51c-3be8-bcc0-0e3f-6e24abe28fed" testName="Enterprise.Shared.Storage.Tests.Models.StorageModelsTests.GuvenlikAyarlari_BosAllowedExtensions_ValidasyonHatasiVermeli(extension: &quot;   &quot;)" computerName="onur-TULPAR-T7-V20-5" duration="00:00:00.0003316" startTime="2025-09-12T15:29:55.7845839+03:00" endTime="2025-09-12T15:29:55.7845839+03:00" testType="13cdc9d9-ddb5-4fa4-a97d-d965ccfc6d4b" outcome="Passed" testListId="8c84fa94-04c1-424b-9868-57a2d4851a1d" relativeResultsDirectory="62363f4a-cf9d-4a62-ba24-a4b816638823" />
    <UnitTestResult executionId="f0cde9e4-22e8-40f4-aeaa-003a2c4e0389" testId="14f66f59-ce3c-9807-2426-71130979e6d4" testName="Enterprise.Shared.Storage.Tests.Services.VirusTarayiciServisTestleri.TaraAsync_FarkliDosyaBoyutlari_UygunSonucVermeli(dosyaBoyutu: 0)" computerName="onur-TULPAR-T7-V20-5" duration="00:00:00.0005472" startTime="2025-09-12T15:29:55.8028724+03:00" endTime="2025-09-12T15:29:55.8028725+03:00" testType="13cdc9d9-ddb5-4fa4-a97d-d965ccfc6d4b" outcome="Passed" testListId="8c84fa94-04c1-424b-9868-57a2d4851a1d" relativeResultsDirectory="f0cde9e4-22e8-40f4-aeaa-003a2c4e0389" />
    <UnitTestResult executionId="b1207f65-57e1-496f-95e6-48fe42b753eb" testId="9507dc98-5599-be8a-b135-ace9c72db944" testName="Enterprise.Shared.Storage.Tests.Models.StorageModelsTests.VirusTaramaSonucu_TemizDosya_DogruPropertilerleOlusturmali" computerName="onur-TULPAR-T7-V20-5" duration="00:00:00.0006520" startTime="2025-09-12T15:29:55.7847214+03:00" endTime="2025-09-12T15:29:55.7847214+03:00" testType="13cdc9d9-ddb5-4fa4-a97d-d965ccfc6d4b" outcome="Passed" testListId="8c84fa94-04c1-424b-9868-57a2d4851a1d" relativeResultsDirectory="b1207f65-57e1-496f-95e6-48fe42b753eb" />
    <UnitTestResult executionId="84a1badb-b1b3-4575-8c3e-34a9bd716768" testId="3e00b09b-68c1-faa6-6b39-9e8efa1da9eb" testName="Enterprise.Shared.Storage.Tests.Services.ResimIslemeServisTestleri.ResimDosyasiMi_FarkliIcerikTurleri_DogruSonucVermeli(icerikTuru: &quot;image/png&quot;, beklenenSonuc: True)" computerName="onur-TULPAR-T7-V20-5" duration="00:00:00.0001079" startTime="2025-09-12T15:29:55.8006168+03:00" endTime="2025-09-12T15:29:55.8006168+03:00" testType="13cdc9d9-ddb5-4fa4-a97d-d965ccfc6d4b" outcome="Passed" testListId="8c84fa94-04c1-424b-9868-57a2d4851a1d" relativeResultsDirectory="84a1badb-b1b3-4575-8c3e-34a9bd716768" />
    <UnitTestResult executionId="167cb4e5-fa93-4ef3-ad48-016822caa364" testId="e03b5bdd-230d-53c3-fbcb-79212c2eceea" testName="Enterprise.Shared.Storage.Tests.Services.VirusTarayiciServisTestleri.TemizMiAsync_HerDosya_TrueDondurmeli" computerName="onur-TULPAR-T7-V20-5" duration="00:00:00.0007721" startTime="2025-09-12T15:29:55.8037592+03:00" endTime="2025-09-12T15:29:55.8037592+03:00" testType="13cdc9d9-ddb5-4fa4-a97d-d965ccfc6d4b" outcome="Passed" testListId="8c84fa94-04c1-424b-9868-57a2d4851a1d" relativeResultsDirectory="167cb4e5-fa93-4ef3-ad48-016822caa364" />
    <UnitTestResult executionId="48cd666e-1704-4182-89ab-b714646486a3" testId="90d351de-9252-a77d-cb14-a74503773f9c" testName="Enterprise.Shared.Storage.Tests.Extensions.ServiceCollectionExtensionsTests.HasStorageSettings_KonfigürasyonVar_TrueDondurmeli" computerName="onur-TULPAR-T7-V20-5" duration="00:00:00.0020312" startTime="2025-09-12T15:29:55.7873707+03:00" endTime="2025-09-12T15:29:55.7873708+03:00" testType="13cdc9d9-ddb5-4fa4-a97d-d965ccfc6d4b" outcome="Passed" testListId="8c84fa94-04c1-424b-9868-57a2d4851a1d" relativeResultsDirectory="48cd666e-1704-4182-89ab-b714646486a3" />
    <UnitTestResult executionId="0f9a2c57-e86f-44ef-8fde-95a52e4d9471" testId="3da88a3e-b6f5-d800-66e5-348fb3505fed" testName="Enterprise.Shared.Storage.Tests.Models.StorageModelsTests.ValidationResult_AddWarning_WarningEklenmeli" computerName="onur-TULPAR-T7-V20-5" duration="00:00:00.0003518" startTime="2025-09-12T15:29:55.7833629+03:00" endTime="2025-09-12T15:29:55.7833629+03:00" testType="13cdc9d9-ddb5-4fa4-a97d-d965ccfc6d4b" outcome="Passed" testListId="8c84fa94-04c1-424b-9868-57a2d4851a1d" relativeResultsDirectory="0f9a2c57-e86f-44ef-8fde-95a52e4d9471" />
    <UnitTestResult executionId="d699ffee-0f4d-4968-b2fe-2263b44810bb" testId="172d5222-b9fc-660d-50b2-49274d6424c1" testName="Enterprise.Shared.Storage.Tests.Models.StorageModelsTests.YedekTipi_GecerliDegerler_EnumDegerleriTanimliOlmali(tip: TransaksiyonLogYedek)" computerName="onur-TULPAR-T7-V20-5" duration="00:00:00.0001878" startTime="2025-09-12T15:29:55.7846522+03:00" endTime="2025-09-12T15:29:55.7846522+03:00" testType="13cdc9d9-ddb5-4fa4-a97d-d965ccfc6d4b" outcome="Passed" testListId="8c84fa94-04c1-424b-9868-57a2d4851a1d" relativeResultsDirectory="d699ffee-0f4d-4968-b2fe-2263b44810bb" />
    <UnitTestResult executionId="d0b7179f-7bb9-4d62-a59a-a49d4a81c339" testId="acfc01fa-94be-4bdb-e207-7fd8de9a95cd" testName="Enterprise.Shared.Storage.Tests.Services.DosyaValidasyonServisTestleri.ValidateAsync_BuyukDosya_HataVermeliMeli" computerName="onur-TULPAR-T7-V20-5" duration="00:00:00.0012636" startTime="2025-09-12T15:29:55.8645068+03:00" endTime="2025-09-12T15:29:55.8645069+03:00" testType="13cdc9d9-ddb5-4fa4-a97d-d965ccfc6d4b" outcome="Passed" testListId="8c84fa94-04c1-424b-9868-57a2d4851a1d" relativeResultsDirectory="d0b7179f-7bb9-4d62-a59a-a49d4a81c339" />
    <UnitTestResult executionId="55024d0e-035e-4d1d-bf39-233dbd99f3d5" testId="52a39535-f531-efc2-9989-54e8da844dd6" testName="Enterprise.Shared.Storage.Tests.Models.StorageModelsTests.DosyaYuklemeIstegi_ExitFields_ValidationFailed(eksikAlan: &quot;DosyaStream&quot;)" computerName="onur-TULPAR-T7-V20-5" duration="00:00:00.0003454" startTime="2025-09-12T15:29:55.7565393+03:00" endTime="2025-09-12T15:29:55.7565394+03:00" testType="13cdc9d9-ddb5-4fa4-a97d-d965ccfc6d4b" outcome="Passed" testListId="8c84fa94-04c1-424b-9868-57a2d4851a1d" relativeResultsDirectory="55024d0e-035e-4d1d-bf39-233dbd99f3d5" />
    <UnitTestResult executionId="4611680f-f88a-426c-8bf4-1e8ed6b8dfff" testId="1b49adf1-4016-2333-bfa5-3112e1389a5a" testName="Enterprise.Shared.Storage.Tests.Extensions.DepolamaServisiFactoryTests.CreateBackupService_IYedeklemeServisinerendurmeli" computerName="onur-TULPAR-T7-V20-5" duration="00:00:00.0024991" startTime="2025-09-12T15:29:55.7851722+03:00" endTime="2025-09-12T15:29:55.7851722+03:00" testType="13cdc9d9-ddb5-4fa4-a97d-d965ccfc6d4b" outcome="Passed" testListId="8c84fa94-04c1-424b-9868-57a2d4851a1d" relativeResultsDirectory="4611680f-f88a-426c-8bf4-1e8ed6b8dfff" />
    <UnitTestResult executionId="24cc69ed-98a5-4c01-8761-98bb36ed67f1" testId="5c451b10-6d89-dedd-df26-8d95496c7669" testName="Enterprise.Shared.Storage.Tests.Services.ResimIslemeServisTestleri.ResimIsleAsync_BozukResim_HataFirlatmali" computerName="onur-TULPAR-T7-V20-5" duration="00:00:00.0033477" startTime="2025-09-12T15:29:57.5515904+03:00" endTime="2025-09-12T15:29:57.5515905+03:00" testType="13cdc9d9-ddb5-4fa4-a97d-d965ccfc6d4b" outcome="Passed" testListId="8c84fa94-04c1-424b-9868-57a2d4851a1d" relativeResultsDirectory="24cc69ed-98a5-4c01-8761-98bb36ed67f1" />
    <UnitTestResult executionId="b48b6baa-67b0-4cdf-8084-c95fec1faf62" testId="238d6161-d560-b29b-9b2b-f26a292d411e" testName="Enterprise.Shared.Storage.Tests.Models.StorageModelsTests.ValidationResult_AddError_ErrorEklenmeli" computerName="onur-TULPAR-T7-V20-5" duration="00:00:00.0011797" startTime="2025-09-12T15:29:55.7833380+03:00" endTime="2025-09-12T15:29:55.7833381+03:00" testType="13cdc9d9-ddb5-4fa4-a97d-d965ccfc6d4b" outcome="Passed" testListId="8c84fa94-04c1-424b-9868-57a2d4851a1d" relativeResultsDirectory="b48b6baa-67b0-4cdf-8084-c95fec1faf62" />
    <UnitTestResult executionId="b2702069-b8f5-4c73-ad84-7d43f2ca4500" testId="e41f65a5-124b-abc8-1f30-3ea05e547824" testName="Enterprise.Shared.Storage.Tests.Services.VirusTarayiciServisTestleri.TaraAsync_CancellationToken_IptalEdildigindeOperationCanceledFirlatmali" computerName="onur-TULPAR-T7-V20-5" duration="00:00:00.0032214" startTime="2025-09-12T15:29:55.8030898+03:00" endTime="2025-09-12T15:29:55.8030898+03:00" testType="13cdc9d9-ddb5-4fa4-a97d-d965ccfc6d4b" outcome="Passed" testListId="8c84fa94-04c1-424b-9868-57a2d4851a1d" relativeResultsDirectory="b2702069-b8f5-4c73-ad84-7d43f2ca4500" />
    <UnitTestResult executionId="b27b08e8-3b74-4e5f-b18a-5198c2be093e" testId="f711a204-d998-0916-98b3-93660763166b" testName="Enterprise.Shared.Storage.Tests.Services.VirusTarayiciServisTestleri.SaglikliMiAsync_MockServis_HepSaglikliDondurmeli" computerName="onur-TULPAR-T7-V20-5" duration="00:00:00.0008411" startTime="2025-09-12T15:29:55.8036959+03:00" endTime="2025-09-12T15:29:55.8036960+03:00" testType="13cdc9d9-ddb5-4fa4-a97d-d965ccfc6d4b" outcome="Passed" testListId="8c84fa94-04c1-424b-9868-57a2d4851a1d" relativeResultsDirectory="b27b08e8-3b74-4e5f-b18a-5198c2be093e" />
    <UnitTestResult executionId="f7592e38-0025-42e6-befd-4a09899f261b" testId="0cf4f303-b8ae-c881-1399-73c030b9a8c3" testName="Enterprise.Shared.Storage.Tests.Extensions.ServiceCollectionExtensionsTests.AddImageProcessing_KonfigurasyonAction_ResimServisiEklenmeli" computerName="onur-TULPAR-T7-V20-5" duration="00:00:00.0011849" startTime="2025-09-12T15:29:55.8001349+03:00" endTime="2025-09-12T15:29:55.8001350+03:00" testType="13cdc9d9-ddb5-4fa4-a97d-d965ccfc6d4b" outcome="Failed" testListId="8c84fa94-04c1-424b-9868-57a2d4851a1d" relativeResultsDirectory="f7592e38-0025-42e6-befd-4a09899f261b">
      <Output>
        <ErrorInfo>
          <Message>System.InvalidOperationException : Unable to resolve service for type 'Microsoft.Extensions.Logging.ILogger`1[Enterprise.Shared.Storage.Services.ResimIslemeServisi]' while attempting to activate 'Enterprise.Shared.Storage.Services.ResimIslemeServisi'.</Message>
          <StackTrace>   at Microsoft.Extensions.DependencyInjection.ServiceLookup.CallSiteFactory.CreateArgumentCallSites(ServiceIdentifier serviceIdentifier, Type implementationType, CallSiteChain callSiteChain, ParameterInfo[] parameters, Boolean throwIfCallSiteNotFound)
   at Microsoft.Extensions.DependencyInjection.ServiceLookup.CallSiteFactory.CreateConstructorCallSite(ResultCache lifetime, ServiceIdentifier serviceIdentifier, Type implementationType, CallSiteChain callSiteChain)
   at Microsoft.Extensions.DependencyInjection.ServiceLookup.CallSiteFactory.TryCreateExact(ServiceDescriptor descriptor, ServiceIdentifier serviceIdentifier, CallSiteChain callSiteChain, Int32 slot)
   at Microsoft.Extensions.DependencyInjection.ServiceLookup.CallSiteFactory.TryCreateExact(ServiceIdentifier serviceIdentifier, CallSiteChain callSiteChain)
   at Microsoft.Extensions.DependencyInjection.ServiceLookup.CallSiteFactory.CreateCallSite(ServiceIdentifier serviceIdentifier, CallSiteChain callSiteChain)
   at Microsoft.Extensions.DependencyInjection.ServiceLookup.CallSiteFactory.GetCallSite(ServiceIdentifier serviceIdentifier, CallSiteChain callSiteChain)
   at Microsoft.Extensions.DependencyInjection.ServiceProvider.CreateServiceAccessor(ServiceIdentifier serviceIdentifier)
   at System.Collections.Concurrent.ConcurrentDictionary`2.GetOrAdd(TKey key, Func`2 valueFactory)
   at Microsoft.Extensions.DependencyInjection.ServiceProvider.GetService(ServiceIdentifier serviceIdentifier, ServiceProviderEngineScope serviceProviderEngineScope)
   at Microsoft.Extensions.DependencyInjection.ServiceProvider.GetService(Type serviceType)
   at Microsoft.Extensions.DependencyInjection.ServiceProviderServiceExtensions.GetService[T](IServiceProvider provider)
   at Enterprise.Shared.Storage.Tests.Extensions.ServiceCollectionExtensionsTests.AddImageProcessing_KonfigurasyonAction_ResimServisiEklenmeli() in /home/onur/Desktop/PlatformV1/src/Shared/Enterprise.Shared.Storage.Tests/Extensions/ServiceCollectionExtensionsTests.cs:line 137
   at System.RuntimeMethodHandle.InvokeMethod(Object target, Void** arguments, Signature sig, Boolean isConstructor)
   at System.Reflection.MethodBaseInvoker.InvokeWithNoArgs(Object obj, BindingFlags invokeAttr)</StackTrace>
        </ErrorInfo>
      </Output>
    </UnitTestResult>
    <UnitTestResult executionId="abb96da0-9b3e-4f79-bd94-af07ef8f7eec" testId="975bb357-e96e-64a7-408f-e212511c9c2e" testName="Enterprise.Shared.Storage.Tests.Extensions.ServiceCollectionExtensionsTests.AddClamAVVirusScanner_Ayarlar_VirusServisiveHttpClientEklenmeli" computerName="onur-TULPAR-T7-V20-5" duration="00:00:00.0415685" startTime="2025-09-12T15:29:55.7851964+03:00" endTime="2025-09-12T15:29:55.7851964+03:00" testType="13cdc9d9-ddb5-4fa4-a97d-d965ccfc6d4b" outcome="Passed" testListId="8c84fa94-04c1-424b-9868-57a2d4851a1d" relativeResultsDirectory="abb96da0-9b3e-4f79-bd94-af07ef8f7eec" />
    <UnitTestResult executionId="39815cb9-e2ea-4b5a-92f9-7213c5977500" testId="340b429b-cb7c-f1cb-c7fd-563586b2e442" testName="Enterprise.Shared.Storage.Tests.Extensions.DepolamaServisiFactoryTests.Constructor_NullServiceProvider_ArgumentNullExceptionFirlatmali" computerName="onur-TULPAR-T7-V20-5" duration="00:00:00.0009262" startTime="2025-09-12T15:29:55.7852229+03:00" endTime="2025-09-12T15:29:55.7852230+03:00" testType="13cdc9d9-ddb5-4fa4-a97d-d965ccfc6d4b" outcome="Passed" testListId="8c84fa94-04c1-424b-9868-57a2d4851a1d" relativeResultsDirectory="39815cb9-e2ea-4b5a-92f9-7213c5977500" />
    <UnitTestResult executionId="ffae6e59-abd4-4872-a464-bd0a807e7ed6" testId="272b23ff-f63d-4eb8-3096-16de66a4efef" testName="Enterprise.Shared.Storage.Tests.Models.StorageModelsTests.YedekTipi_GecerliDegerler_EnumDegerleriTanimliOlmali(tip: DifferansiyalYedek)" computerName="onur-TULPAR-T7-V20-5" duration="00:00:00.0003142" startTime="2025-09-12T15:29:55.7846331+03:00" endTime="2025-09-12T15:29:55.7846331+03:00" testType="13cdc9d9-ddb5-4fa4-a97d-d965ccfc6d4b" outcome="Passed" testListId="8c84fa94-04c1-424b-9868-57a2d4851a1d" relativeResultsDirectory="ffae6e59-abd4-4872-a464-bd0a807e7ed6" />
    <UnitTestResult executionId="74fd05c1-0946-45d9-99ca-3f01e1f127a7" testId="f05caa87-f69e-b71e-3668-ed6af5dc5a8c" testName="Enterprise.Shared.Storage.Tests.Services.DosyaValidasyonServisTestleri.ValidateAsync_UzunDosyaAdi_HataVermeliMeli" computerName="onur-TULPAR-T7-V20-5" duration="00:00:00.0007728" startTime="2025-09-12T15:29:55.8660698+03:00" endTime="2025-09-12T15:29:55.8660699+03:00" testType="13cdc9d9-ddb5-4fa4-a97d-d965ccfc6d4b" outcome="Passed" testListId="8c84fa94-04c1-424b-9868-57a2d4851a1d" relativeResultsDirectory="74fd05c1-0946-45d9-99ca-3f01e1f127a7" />
    <UnitTestResult executionId="1a32b6e4-85ee-4e48-b52d-4c50189cdda9" testId="a60dd689-bb3d-0403-fed6-74ea9caff3d2" testName="Enterprise.Shared.Storage.Tests.Services.ResimIslemeServisTestleri.DesteklenenFormatlar_ListelenmisFormatlar_DogruFormatlariIcermeliMeli" computerName="onur-TULPAR-T7-V20-5" duration="00:00:00.0011687" startTime="2025-09-12T15:29:55.8027636+03:00" endTime="2025-09-12T15:29:55.8027637+03:00" testType="13cdc9d9-ddb5-4fa4-a97d-d965ccfc6d4b" outcome="Passed" testListId="8c84fa94-04c1-424b-9868-57a2d4851a1d" relativeResultsDirectory="1a32b6e4-85ee-4e48-b52d-4c50189cdda9" />
    <UnitTestResult executionId="176ead28-945b-4476-b572-2f552b1e9a5e" testId="1cd0370b-9adf-338b-b1eb-b461a43afc4c" testName="Enterprise.Shared.Storage.Tests.Services.DosyaValidasyonServisTestleri.ValidateAsync_GeçersizDosyaAdi_HataVermeliMeli(dosyaAdi: &quot;&quot;)" computerName="onur-TULPAR-T7-V20-5" duration="00:00:00.0005122" startTime="2025-09-12T15:29:55.8579326+03:00" endTime="2025-09-12T15:29:55.8579326+03:00" testType="13cdc9d9-ddb5-4fa4-a97d-d965ccfc6d4b" outcome="Passed" testListId="8c84fa94-04c1-424b-9868-57a2d4851a1d" relativeResultsDirectory="176ead28-945b-4476-b572-2f552b1e9a5e" />
    <UnitTestResult executionId="718faa2c-c8e3-4c11-a723-627c549bb944" testId="7b36674a-6731-09c1-bb69-026aa2292060" testName="Enterprise.Shared.Storage.Tests.Services.VirusTarayiciServisTestleri.SonGuncellemeTarihiAsync_MockServis_BugununTarihiniDondurmeli" computerName="onur-TULPAR-T7-V20-5" duration="00:00:00.0090141" startTime="2025-09-12T15:29:55.8136647+03:00" endTime="2025-09-12T15:29:55.8136648+03:00" testType="13cdc9d9-ddb5-4fa4-a97d-d965ccfc6d4b" outcome="Passed" testListId="8c84fa94-04c1-424b-9868-57a2d4851a1d" relativeResultsDirectory="718faa2c-c8e3-4c11-a723-627c549bb944" />
    <UnitTestResult executionId="ad4795f1-7c8f-4ec8-8307-f1fa2fbf22cc" testId="5fce9f5b-44f5-4e68-b548-4157a52c2c21" testName="Enterprise.Shared.Storage.Tests.Models.StorageModelsTests.IslenmisResim_StreamProperty_DisposableOlmali" computerName="onur-TULPAR-T7-V20-5" duration="00:00:00.0008516" startTime="2025-09-12T15:29:55.7850561+03:00" endTime="2025-09-12T15:29:55.7850561+03:00" testType="13cdc9d9-ddb5-4fa4-a97d-d965ccfc6d4b" outcome="Passed" testListId="8c84fa94-04c1-424b-9868-57a2d4851a1d" relativeResultsDirectory="ad4795f1-7c8f-4ec8-8307-f1fa2fbf22cc" />
    <UnitTestResult executionId="4126c11b-cba0-4f66-8072-5a11b5ac9e58" testId="ecf06a14-ada8-ce31-dbf3-612d3b2c4fdd" testName="Enterprise.Shared.Storage.Tests.Services.DosyaValidasyonServisTestleri.ValidateAsync_GecerliDosya_BasariliSonucDondururMeli" computerName="onur-TULPAR-T7-V20-5" duration="00:00:00.0005266" startTime="2025-09-12T15:29:55.8671683+03:00" endTime="2025-09-12T15:29:55.8671683+03:00" testType="13cdc9d9-ddb5-4fa4-a97d-d965ccfc6d4b" outcome="Passed" testListId="8c84fa94-04c1-424b-9868-57a2d4851a1d" relativeResultsDirectory="4126c11b-cba0-4f66-8072-5a11b5ac9e58" />
    <UnitTestResult executionId="a67e6a93-966b-4bf3-be32-4b785c3e3c9a" testId="1c33ab4a-bd84-adef-0a00-ad253a33a66f" testName="Enterprise.Shared.Storage.Tests.Services.VirusTarayiciServisTestleri.TaraAsync_FarkliDosyaBoyutlari_UygunSonucVermeli(dosyaBoyutu: 50000)" computerName="onur-TULPAR-T7-V20-5" duration="00:00:00.0000847" startTime="2025-09-12T15:29:55.8029204+03:00" endTime="2025-09-12T15:29:55.8029204+03:00" testType="13cdc9d9-ddb5-4fa4-a97d-d965ccfc6d4b" outcome="Passed" testListId="8c84fa94-04c1-424b-9868-57a2d4851a1d" relativeResultsDirectory="a67e6a93-966b-4bf3-be32-4b785c3e3c9a" />
    <UnitTestResult executionId="c87ea512-03df-48f5-afa8-59372f24f0af" testId="733d28bf-5c7c-b507-4fcc-10f98a754bb9" testName="Enterprise.Shared.Storage.Tests.Services.DosyaValidasyonServisTestleri.ValidateAsync_GecersizKarakterler_HataVermeliMeli(dosyaAdi: &quot;test|file.txt&quot;)" computerName="onur-TULPAR-T7-V20-5" duration="00:00:00.0005902" startTime="2025-09-12T15:29:55.8633526+03:00" endTime="2025-09-12T15:29:55.8633527+03:00" testType="13cdc9d9-ddb5-4fa4-a97d-d965ccfc6d4b" outcome="Failed" testListId="8c84fa94-04c1-424b-9868-57a2d4851a1d" relativeResultsDirectory="c87ea512-03df-48f5-afa8-59372f24f0af">
      <Output>
        <ErrorInfo>
          <Message>Expected sonuc.IsValid to be False, but found True.</Message>
          <StackTrace>   at FluentAssertions.Execution.XUnit2TestFramework.Throw(String message)
   at FluentAssertions.Execution.TestFrameworkProvider.Throw(String message)
   at FluentAssertions.Execution.DefaultAssertionStrategy.HandleFailure(String message)
   at FluentAssertions.Execution.AssertionScope.FailWith(Func`1 failReasonFunc)
   at FluentAssertions.Execution.AssertionScope.FailWith(Func`1 failReasonFunc)
   at FluentAssertions.Execution.AssertionScope.FailWith(String message, Object[] args)
   at FluentAssertions.Primitives.BooleanAssertions`1.BeFalse(String because, Object[] becauseArgs)
   at Enterprise.Shared.Storage.Tests.Services.DosyaValidasyonServisTestleri.ValidateAsync_GecersizKarakterler_HataVermeliMeli(String dosyaAdi) in /home/onur/Desktop/PlatformV1/src/Shared/Enterprise.Shared.Storage.Tests/Services/FileValidationServiceTests.cs:line 187
--- End of stack trace from previous location ---</StackTrace>
        </ErrorInfo>
      </Output>
    </UnitTestResult>
    <UnitTestResult executionId="3257e666-c43c-4ed1-b6e3-6c088185ee2e" testId="2a3523ac-fdf5-c5b9-c307-497d28bb65f8" testName="Enterprise.Shared.Storage.Tests.Extensions.ServiceCollectionExtensionsTests.AddMinIOStorage_OzelAyarlar_MinIOAyarlariGuncellenmeli" computerName="onur-TULPAR-T7-V20-5" duration="00:00:00.0007076" startTime="2025-09-12T15:29:55.8030329+03:00" endTime="2025-09-12T15:29:55.8030329+03:00" testType="13cdc9d9-ddb5-4fa4-a97d-d965ccfc6d4b" outcome="Passed" testListId="8c84fa94-04c1-424b-9868-57a2d4851a1d" relativeResultsDirectory="3257e666-c43c-4ed1-b6e3-6c088185ee2e" />
    <UnitTestResult executionId="bcff76fc-95cd-40d9-9998-d5e83b20d877" testId="1c88859b-4113-0216-b2f3-2b25555ba917" testName="Enterprise.Shared.Storage.Tests.Services.ResimIslemeServisTestleri.ResimMetadataAlAsync_GecerliResim_MetadataVermeli" computerName="onur-TULPAR-T7-V20-5" duration="00:00:00.0125308" startTime="2025-09-12T15:29:57.5641819+03:00" endTime="2025-09-12T15:29:57.5641820+03:00" testType="13cdc9d9-ddb5-4fa4-a97d-d965ccfc6d4b" outcome="Passed" testListId="8c84fa94-04c1-424b-9868-57a2d4851a1d" relativeResultsDirectory="bcff76fc-95cd-40d9-9998-d5e83b20d877" />
    <UnitTestResult executionId="ba2528d1-589c-46c0-a209-a1f12d89d923" testId="61fd8226-7b52-b909-bd0a-4672fb4bf31b" testName="Enterprise.Shared.Storage.Tests.Extensions.DepolamaServisiFactoryTests.CreateStorageService_DesteklenmevenProvider_NotSupportedExceptionFirlatmali" computerName="onur-TULPAR-T7-V20-5" duration="00:00:00.0024549" startTime="2025-09-12T15:29:55.7851455+03:00" endTime="2025-09-12T15:29:55.7851456+03:00" testType="13cdc9d9-ddb5-4fa4-a97d-d965ccfc6d4b" outcome="Passed" testListId="8c84fa94-04c1-424b-9868-57a2d4851a1d" relativeResultsDirectory="ba2528d1-589c-46c0-a209-a1f12d89d923" />
    <UnitTestResult executionId="2ec1092a-2868-4537-a53d-d9b9a878bb6a" testId="e7892a4f-a7f9-4559-9176-4da4301dff02" testName="Enterprise.Shared.Storage.Tests.Services.DosyaValidasyonServisTestleri.ValidateAsync_GeçersizDosyaAdi_HataVermeliMeli(dosyaAdi: null)" computerName="onur-TULPAR-T7-V20-5" duration="00:00:00.0015261" startTime="2025-09-12T15:29:55.8596046+03:00" endTime="2025-09-12T15:29:55.8596047+03:00" testType="13cdc9d9-ddb5-4fa4-a97d-d965ccfc6d4b" outcome="Failed" testListId="8c84fa94-04c1-424b-9868-57a2d4851a1d" relativeResultsDirectory="2ec1092a-2868-4537-a53d-d9b9a878bb6a">
      <Output>
        <ErrorInfo>
          <Message>Expected sonuc.ErrorMessages {"Validasyon hatası: Object reference not set to an instance of an object."} to have an item matching x.Contains("Dosya adı").</Message>
          <StackTrace>   at FluentAssertions.Execution.XUnit2TestFramework.Throw(String message)
   at FluentAssertions.Execution.TestFrameworkProvider.Throw(String message)
   at FluentAssertions.Execution.DefaultAssertionStrategy.HandleFailure(String message)
   at FluentAssertions.Execution.AssertionScope.FailWith(Func`1 failReasonFunc)
   at FluentAssertions.Execution.AssertionScope.FailWith(Func`1 failReasonFunc)
   at FluentAssertions.Execution.AssertionScope.FailWith(String message, Object[] args)
   at FluentAssertions.Collections.GenericCollectionAssertions`3.Contain(Expression`1 predicate, String because, Object[] becauseArgs)
   at Enterprise.Shared.Storage.Tests.Services.DosyaValidasyonServisTestleri.ValidateAsync_GeçersizDosyaAdi_HataVermeliMeli(String dosyaAdi) in /home/onur/Desktop/PlatformV1/src/Shared/Enterprise.Shared.Storage.Tests/Services/FileValidationServiceTests.cs:line 156
--- End of stack trace from previous location ---</StackTrace>
        </ErrorInfo>
      </Output>
    </UnitTestResult>
    <UnitTestResult executionId="7103ce4c-ca76-4e65-811b-0a010d231fd6" testId="e290abb5-4a4c-a6bc-7766-5c20f40d23f0" testName="Enterprise.Shared.Storage.Tests.Services.DosyaValidasyonServisTestleri.DosyaBoyutuGecerliMi_GecerliBoyut_TrueDondurmeli" computerName="onur-TULPAR-T7-V20-5" duration="00:00:00.0001605" startTime="2025-09-12T15:29:55.8656934+03:00" endTime="2025-09-12T15:29:55.8656934+03:00" testType="13cdc9d9-ddb5-4fa4-a97d-d965ccfc6d4b" outcome="Passed" testListId="8c84fa94-04c1-424b-9868-57a2d4851a1d" relativeResultsDirectory="7103ce4c-ca76-4e65-811b-0a010d231fd6" />
    <UnitTestResult executionId="0010e93d-4bc4-4da8-88dc-ad0d37816516" testId="c8a7a4b8-68dc-6d4c-01fc-9f5efada5ae5" testName="Enterprise.Shared.Storage.Tests.Extensions.ServiceCollectionExtensionsTests.GetStorageSettings_GecerliKonfigürasyon_AyarlariDondururMeli" computerName="onur-TULPAR-T7-V20-5" duration="00:00:00.0107522" startTime="2025-09-12T15:29:55.8150017+03:00" endTime="2025-09-12T15:29:55.8150018+03:00" testType="13cdc9d9-ddb5-4fa4-a97d-d965ccfc6d4b" outcome="Passed" testListId="8c84fa94-04c1-424b-9868-57a2d4851a1d" relativeResultsDirectory="0010e93d-4bc4-4da8-88dc-ad0d37816516" />
    <UnitTestResult executionId="9b27be24-9dc0-4deb-94f6-cdba3921baad" testId="a09e1861-d612-ccea-38e2-f226c6a5598f" testName="Enterprise.Shared.Storage.Tests.Services.DosyaValidasyonServisTestleri.DosyaUzantisiGecerliMi_YasakliUzanti_FalseDondurmeli" computerName="onur-TULPAR-T7-V20-5" duration="00:00:00.0002062" startTime="2025-09-12T15:29:55.8596838+03:00" endTime="2025-09-12T15:29:55.8596839+03:00" testType="13cdc9d9-ddb5-4fa4-a97d-d965ccfc6d4b" outcome="Passed" testListId="8c84fa94-04c1-424b-9868-57a2d4851a1d" relativeResultsDirectory="9b27be24-9dc0-4deb-94f6-cdba3921baad" />
    <UnitTestResult executionId="535b863e-fe3d-470d-a46d-16ee43028455" testId="f69d475d-04a3-9295-61fa-6ab20d8f5671" testName="Enterprise.Shared.Storage.Tests.Services.DosyaValidasyonServisTestleri.ValidateAsync_GecersizKarakterler_HataVermeliMeli(dosyaAdi: &quot;test?file.txt&quot;)" computerName="onur-TULPAR-T7-V20-5" duration="00:00:00.0019235" startTime="2025-09-12T15:29:55.8625908+03:00" endTime="2025-09-12T15:29:55.8625909+03:00" testType="13cdc9d9-ddb5-4fa4-a97d-d965ccfc6d4b" outcome="Failed" testListId="8c84fa94-04c1-424b-9868-57a2d4851a1d" relativeResultsDirectory="535b863e-fe3d-470d-a46d-16ee43028455">
      <Output>
        <ErrorInfo>
          <Message>Expected sonuc.IsValid to be False, but found True.</Message>
          <StackTrace>   at FluentAssertions.Execution.XUnit2TestFramework.Throw(String message)
   at FluentAssertions.Execution.TestFrameworkProvider.Throw(String message)
   at FluentAssertions.Execution.DefaultAssertionStrategy.HandleFailure(String message)
   at FluentAssertions.Execution.AssertionScope.FailWith(Func`1 failReasonFunc)
   at FluentAssertions.Execution.AssertionScope.FailWith(Func`1 failReasonFunc)
   at FluentAssertions.Execution.AssertionScope.FailWith(String message, Object[] args)
   at FluentAssertions.Primitives.BooleanAssertions`1.BeFalse(String because, Object[] becauseArgs)
   at Enterprise.Shared.Storage.Tests.Services.DosyaValidasyonServisTestleri.ValidateAsync_GecersizKarakterler_HataVermeliMeli(String dosyaAdi) in /home/onur/Desktop/PlatformV1/src/Shared/Enterprise.Shared.Storage.Tests/Services/FileValidationServiceTests.cs:line 187
--- End of stack trace from previous location ---</StackTrace>
        </ErrorInfo>
      </Output>
    </UnitTestResult>
    <UnitTestResult executionId="86a8822a-116f-4632-ab3a-4a69e6a35b3e" testId="d2c34e9e-d124-d5ac-2582-481d1b778665" testName="Enterprise.Shared.Storage.Tests.Extensions.ServiceCollectionExtensionsTests.AddEnterpriseStorage_VarsayilanAyarlar_DefaultDegerlerleServislerEklenmeli" computerName="onur-TULPAR-T7-V20-5" duration="00:00:00.0003196" startTime="2025-09-12T15:29:55.7855850+03:00" endTime="2025-09-12T15:29:55.7855851+03:00" testType="13cdc9d9-ddb5-4fa4-a97d-d965ccfc6d4b" outcome="Passed" testListId="8c84fa94-04c1-424b-9868-57a2d4851a1d" relativeResultsDirectory="86a8822a-116f-4632-ab3a-4a69e6a35b3e" />
    <UnitTestResult executionId="5d396483-fa34-472d-b4d7-d95dc1677b82" testId="aa616321-cac9-b063-562c-1b535b053cef" testName="Enterprise.Shared.Storage.Tests.Services.VirusTarayiciServisTestleri.TaraAsync_KucukDosya_TemizSonucuVermeli" computerName="onur-TULPAR-T7-V20-5" duration="00:00:00.0008843" startTime="2025-09-12T15:29:55.8038173+03:00" endTime="2025-09-12T15:29:55.8038173+03:00" testType="13cdc9d9-ddb5-4fa4-a97d-d965ccfc6d4b" outcome="Passed" testListId="8c84fa94-04c1-424b-9868-57a2d4851a1d" relativeResultsDirectory="5d396483-fa34-472d-b4d7-d95dc1677b82" />
    <UnitTestResult executionId="ff2d9fb3-2204-4eab-99b1-deb8e0777073" testId="51579947-a00a-89fd-8c29-c2c7b7c4f814" testName="Enterprise.Shared.Storage.Tests.Services.ClamAVTarayiciServisTestleri.Constructor_NullHttpClient_ArgumentNullExceptionFirlatmali" computerName="onur-TULPAR-T7-V20-5" duration="00:00:00.0039170" startTime="2025-09-12T15:29:55.7888512+03:00" endTime="2025-09-12T15:29:55.7888513+03:00" testType="13cdc9d9-ddb5-4fa4-a97d-d965ccfc6d4b" outcome="Passed" testListId="8c84fa94-04c1-424b-9868-57a2d4851a1d" relativeResultsDirectory="ff2d9fb3-2204-4eab-99b1-deb8e0777073" />
    <UnitTestResult executionId="54d5a9bc-2bbc-46f6-90ea-04b01db9d483" testId="5522037e-e5a0-021b-d0b7-c7d234eb0f03" testName="Enterprise.Shared.Storage.Tests.Services.ResimIslemeServisTestleri.ResimDosyasiMi_FarkliIcerikTurleri_DogruSonucVermeli(icerikTuru: &quot;image/jpeg&quot;, beklenenSonuc: True)" computerName="onur-TULPAR-T7-V20-5" duration="00:00:00.0534773" startTime="2025-09-12T15:29:55.7923989+03:00" endTime="2025-09-12T15:29:55.7923990+03:00" testType="13cdc9d9-ddb5-4fa4-a97d-d965ccfc6d4b" outcome="Passed" testListId="8c84fa94-04c1-424b-9868-57a2d4851a1d" relativeResultsDirectory="54d5a9bc-2bbc-46f6-90ea-04b01db9d483" />
    <UnitTestResult executionId="6e9a9ebc-9c02-40f4-9c64-99793a96d39f" testId="01e9ce06-687f-1328-629f-877fb3d6b1de" testName="Enterprise.Shared.Storage.Tests.Models.StorageModelsTests.ResimIslemeSecenekleri_DefaultValues_VarsayilanDegerereSahipOlmali" computerName="onur-TULPAR-T7-V20-5" duration="00:00:00.0032799" startTime="2025-09-12T15:29:55.7850832+03:00" endTime="2025-09-12T15:29:55.7850832+03:00" testType="13cdc9d9-ddb5-4fa4-a97d-d965ccfc6d4b" outcome="Passed" testListId="8c84fa94-04c1-424b-9868-57a2d4851a1d" relativeResultsDirectory="6e9a9ebc-9c02-40f4-9c64-99793a96d39f" />
    <UnitTestResult executionId="b7780ac8-e8bd-46fa-a162-37983e296b38" testId="057adc5d-b9c7-9ec4-b79a-8781edbe539f" testName="Enterprise.Shared.Storage.Tests.Services.ClamAVTarayiciServisTestleri.Constructor_NullLogger_ArgumentNullExceptionFirlatmali" computerName="onur-TULPAR-T7-V20-5" duration="00:00:00.0029956" startTime="2025-09-12T15:29:55.7918914+03:00" endTime="2025-09-12T15:29:55.7918915+03:00" testType="13cdc9d9-ddb5-4fa4-a97d-d965ccfc6d4b" outcome="Passed" testListId="8c84fa94-04c1-424b-9868-57a2d4851a1d" relativeResultsDirectory="b7780ac8-e8bd-46fa-a162-37983e296b38" />
    <UnitTestResult executionId="7cbf48cc-7b41-4c58-8308-41eb2887fb6f" testId="7288a54e-575a-a093-4ab8-963830294c29" testName="Enterprise.Shared.Storage.Tests.Services.ResimIslemeServisTestleri.ResimIsleAsync_BuyukResim_KucukResimlerleIslenmisResimDondururMeli" computerName="onur-TULPAR-T7-V20-5" duration="00:00:01.4028766" startTime="2025-09-12T15:29:57.1980542+03:00" endTime="2025-09-12T15:29:57.1980543+03:00" testType="13cdc9d9-ddb5-4fa4-a97d-d965ccfc6d4b" outcome="Passed" testListId="8c84fa94-04c1-424b-9868-57a2d4851a1d" relativeResultsDirectory="7cbf48cc-7b41-4c58-8308-41eb2887fb6f" />
    <UnitTestResult executionId="35089a7c-4506-4f39-b350-affa2c4f6457" testId="a841b8c6-52fb-8406-beef-ffef5bf7c9f1" testName="Enterprise.Shared.Storage.Tests.Models.StorageModelsTests.YedekTipi_GecerliDegerler_EnumDegerleriTanimliOlmali(tip: TamYedek)" computerName="onur-TULPAR-T7-V20-5" duration="00:00:00.0000072" startTime="2025-09-12T15:29:55.7846734+03:00" endTime="2025-09-12T15:29:55.7846735+03:00" testType="13cdc9d9-ddb5-4fa4-a97d-d965ccfc6d4b" outcome="Passed" testListId="8c84fa94-04c1-424b-9868-57a2d4851a1d" relativeResultsDirectory="35089a7c-4506-4f39-b350-affa2c4f6457" />
    <UnitTestResult executionId="e0a10bc8-91d5-4712-8131-4eecbc3708f6" testId="8f242e89-bf70-67a6-4013-7e1bcb746ba1" testName="Enterprise.Shared.Storage.Tests.Services.DosyaValidasyonServisTestleri.DosyaUzantisiGecerliMi_GecerliUzanti_TrueDondurmeli" computerName="onur-TULPAR-T7-V20-5" duration="00:00:00.0001823" startTime="2025-09-12T15:29:55.8646959+03:00" endTime="2025-09-12T15:29:55.8646960+03:00" testType="13cdc9d9-ddb5-4fa4-a97d-d965ccfc6d4b" outcome="Passed" testListId="8c84fa94-04c1-424b-9868-57a2d4851a1d" relativeResultsDirectory="e0a10bc8-91d5-4712-8131-4eecbc3708f6" />
    <UnitTestResult executionId="313f5e9b-2cf3-4a33-a824-f0474a2b7ca8" testId="d8edb4ad-4531-f937-2bac-550c98aef40e" testName="Enterprise.Shared.Storage.Tests.Extensions.ServiceCollectionExtensionsTests.AddEnterpriseStorage_ActionKonfigürasyon_ServislerEklenmeli" computerName="onur-TULPAR-T7-V20-5" duration="00:00:00.0006150" startTime="2025-09-12T15:29:55.8020142+03:00" endTime="2025-09-12T15:29:55.8020143+03:00" testType="13cdc9d9-ddb5-4fa4-a97d-d965ccfc6d4b" outcome="Passed" testListId="8c84fa94-04c1-424b-9868-57a2d4851a1d" relativeResultsDirectory="313f5e9b-2cf3-4a33-a824-f0474a2b7ca8" />
    <UnitTestResult executionId="8979cad1-dad8-4240-af11-dbdb41b8f5de" testId="1635d350-77c7-937d-5384-a1d89274fb26" testName="Enterprise.Shared.Storage.Tests.Extensions.DepolamaServisiFactoryTests.CreateImageProcessingService_IResimIslemeServisimrDerendurmeli" computerName="onur-TULPAR-T7-V20-5" duration="00:00:00.0009274" startTime="2025-09-12T15:29:55.7852473+03:00" endTime="2025-09-12T15:29:55.7852474+03:00" testType="13cdc9d9-ddb5-4fa4-a97d-d965ccfc6d4b" outcome="Passed" testListId="8c84fa94-04c1-424b-9868-57a2d4851a1d" relativeResultsDirectory="8979cad1-dad8-4240-af11-dbdb41b8f5de" />
    <UnitTestResult executionId="662e5457-9ecc-4455-a115-4a3e697467b4" testId="c785965f-54f5-0958-d1b3-031adc08431b" testName="Enterprise.Shared.Storage.Tests.Extensions.DepolamaServisiFactoryTests.CreateStorageService_NullProvider_DefaultServiceDondurmeli" computerName="onur-TULPAR-T7-V20-5" duration="00:00:00.0007310" startTime="2025-09-12T15:29:55.7856096+03:00" endTime="2025-09-12T15:29:55.7856097+03:00" testType="13cdc9d9-ddb5-4fa4-a97d-d965ccfc6d4b" outcome="Passed" testListId="8c84fa94-04c1-424b-9868-57a2d4851a1d" relativeResultsDirectory="662e5457-9ecc-4455-a115-4a3e697467b4" />
    <UnitTestResult executionId="84077af2-a938-49e2-ba5b-3051d0d12057" testId="1ebb3d19-c1f5-6337-c253-fab534601faf" testName="Enterprise.Shared.Storage.Tests.Services.ResimIslemeServisTestleri.WatermarkEkleAsync_GecerliResim_WatermarkEklenmisResimDondururMeli" computerName="onur-TULPAR-T7-V20-5" duration="00:00:00.1191593" startTime="2025-09-12T15:29:57.4093988+03:00" endTime="2025-09-12T15:29:57.4093989+03:00" testType="13cdc9d9-ddb5-4fa4-a97d-d965ccfc6d4b" outcome="Passed" testListId="8c84fa94-04c1-424b-9868-57a2d4851a1d" relativeResultsDirectory="84077af2-a938-49e2-ba5b-3051d0d12057" />
    <UnitTestResult executionId="88601651-1b91-47d2-a86b-f3ba32cc0828" testId="79cfc419-cc18-83db-6883-06584171e046" testName="Enterprise.Shared.Storage.Tests.Models.StorageModelsTests.ValidationResult_AddInfo_InfoEklenmeli" computerName="onur-TULPAR-T7-V20-5" duration="00:00:00.0026057" startTime="2025-09-12T15:29:55.7834472+03:00" endTime="2025-09-12T15:29:55.7834472+03:00" testType="13cdc9d9-ddb5-4fa4-a97d-d965ccfc6d4b" outcome="Passed" testListId="8c84fa94-04c1-424b-9868-57a2d4851a1d" relativeResultsDirectory="88601651-1b91-47d2-a86b-f3ba32cc0828" />
    <UnitTestResult executionId="a56f6825-2df0-42dc-9939-f79b2d2a4c49" testId="c616ef4a-ff6a-726e-c8c2-0be8e6f710ca" testName="Enterprise.Shared.Storage.Tests.Services.DosyaValidasyonServisTestleri.DosyaImzasiGecerliMiAsync_YanlisImza_FalseDondurmeli" computerName="onur-TULPAR-T7-V20-5" duration="00:00:00.0005546" startTime="2025-09-12T15:29:55.8597381+03:00" endTime="2025-09-12T15:29:55.8597382+03:00" testType="13cdc9d9-ddb5-4fa4-a97d-d965ccfc6d4b" outcome="Passed" testListId="8c84fa94-04c1-424b-9868-57a2d4851a1d" relativeResultsDirectory="a56f6825-2df0-42dc-9939-f79b2d2a4c49" />
    <UnitTestResult executionId="a667040f-c3f1-4b14-84a6-67393d666bcd" testId="ccbf1a1c-bb15-00d8-6c30-83490d79c7a4" testName="Enterprise.Shared.Storage.Tests.Models.StorageModelsTests.DosyaMetadata_TurkiyeSaatiSonDegistirilme_TurkiyeSaatiniDondurmeli" computerName="onur-TULPAR-T7-V20-5" duration="00:00:00.0009934" startTime="2025-09-12T15:29:55.7833066+03:00" endTime="2025-09-12T15:29:55.7833066+03:00" testType="13cdc9d9-ddb5-4fa4-a97d-d965ccfc6d4b" outcome="Passed" testListId="8c84fa94-04c1-424b-9868-57a2d4851a1d" relativeResultsDirectory="a667040f-c3f1-4b14-84a6-67393d666bcd" />
    <UnitTestResult executionId="0f367276-109d-477c-aa1d-bee52d69dd40" testId="6725ca6e-2db4-d52b-666e-c5c0c5700fbf" testName="Enterprise.Shared.Storage.Tests.Models.StorageModelsTests.ValidationResult_Success_BasariliSonucOlusturmali" computerName="onur-TULPAR-T7-V20-5" duration="00:00:00.0009019" startTime="2025-09-12T15:29:55.7833880+03:00" endTime="2025-09-12T15:29:55.7833880+03:00" testType="13cdc9d9-ddb5-4fa4-a97d-d965ccfc6d4b" outcome="Passed" testListId="8c84fa94-04c1-424b-9868-57a2d4851a1d" relativeResultsDirectory="0f367276-109d-477c-aa1d-bee52d69dd40" />
    <UnitTestResult executionId="e3672c50-62b8-4596-bf50-96e443ed16f3" testId="f8ea8402-12b5-9b66-aba4-1b9181b3d22f" testName="Enterprise.Shared.Storage.Tests.Services.ResimIslemeServisTestleri.ResimDosyasiMi_FarkliIcerikTurleri_DogruSonucVermeli(icerikTuru: &quot;image/gif&quot;, beklenenSonuc: True)" computerName="onur-TULPAR-T7-V20-5" duration="00:00:00.0001332" startTime="2025-09-12T15:29:55.8005202+03:00" endTime="2025-09-12T15:29:55.8005202+03:00" testType="13cdc9d9-ddb5-4fa4-a97d-d965ccfc6d4b" outcome="Passed" testListId="8c84fa94-04c1-424b-9868-57a2d4851a1d" relativeResultsDirectory="e3672c50-62b8-4596-bf50-96e443ed16f3" />
    <UnitTestResult executionId="0a91d436-d747-45be-ab52-7e65f0512e75" testId="36bf94e8-b2fb-7995-11dd-0edf10cf9046" testName="Enterprise.Shared.Storage.Tests.Models.StorageModelsTests.GuvenlikAyarlari_BosAllowedExtensions_ValidasyonHatasiVermeli(extension: null)" computerName="onur-TULPAR-T7-V20-5" duration="00:00:00.0011322" startTime="2025-09-12T15:29:55.7845552+03:00" endTime="2025-09-12T15:29:55.7845552+03:00" testType="13cdc9d9-ddb5-4fa4-a97d-d965ccfc6d4b" outcome="Passed" testListId="8c84fa94-04c1-424b-9868-57a2d4851a1d" relativeResultsDirectory="0a91d436-d747-45be-ab52-7e65f0512e75" />
    <UnitTestResult executionId="85419cd7-b5d6-4fe4-a968-e4c6e33c79a6" testId="f7194480-9399-0052-3b84-846249066dbf" testName="Enterprise.Shared.Storage.Tests.Models.StorageModelsTests.ValidationResult_Failure_HataileFailureSonucuOlusturmali" computerName="onur-TULPAR-T7-V20-5" duration="00:00:00.0002700" startTime="2025-09-12T15:29:55.7846973+03:00" endTime="2025-09-12T15:29:55.7846973+03:00" testType="13cdc9d9-ddb5-4fa4-a97d-d965ccfc6d4b" outcome="Passed" testListId="8c84fa94-04c1-424b-9868-57a2d4851a1d" relativeResultsDirectory="85419cd7-b5d6-4fe4-a968-e4c6e33c79a6" />
    <UnitTestResult executionId="1781c37e-0e0e-4efe-bc92-fd39e975c51d" testId="9ff69c44-faa5-e60c-d71c-2cfcdff220ca" testName="Enterprise.Shared.Storage.Tests.Services.ResimIslemeServisTestleri.ResimDosyasiMi_FarkliIcerikTurleri_DogruSonucVermeli(icerikTuru: &quot;image/webp&quot;, beklenenSonuc: True)" computerName="onur-TULPAR-T7-V20-5" duration="00:00:00.0005709" startTime="2025-09-12T15:29:55.8004574+03:00" endTime="2025-09-12T15:29:55.8004574+03:00" testType="13cdc9d9-ddb5-4fa4-a97d-d965ccfc6d4b" outcome="Passed" testListId="8c84fa94-04c1-424b-9868-57a2d4851a1d" relativeResultsDirectory="1781c37e-0e0e-4efe-bc92-fd39e975c51d" />
    <UnitTestResult executionId="fb4ced08-64b5-42c5-a947-ecfb0d8e907f" testId="81e8f42e-2b74-f5ee-0e5a-f94f93713110" testName="Enterprise.Shared.Storage.Tests.Services.DosyaValidasyonServisTestleri.DosyaImzasiGecerliMiAsync_GecerliJpegImza_TrueDondurmeli" computerName="onur-TULPAR-T7-V20-5" duration="00:00:00.0004801" startTime="2025-09-12T15:29:55.8666399+03:00" endTime="2025-09-12T15:29:55.8666400+03:00" testType="13cdc9d9-ddb5-4fa4-a97d-d965ccfc6d4b" outcome="Passed" testListId="8c84fa94-04c1-424b-9868-57a2d4851a1d" relativeResultsDirectory="fb4ced08-64b5-42c5-a947-ecfb0d8e907f" />
    <UnitTestResult executionId="8c398ff5-926e-42ab-9c6b-686d318187ca" testId="ace63b21-b7f0-20d8-5d67-074f4026efd0" testName="Enterprise.Shared.Storage.Tests.Services.ResimIslemeServisTestleri.ResimDosyasiMi_FarkliIcerikTurleri_DogruSonucVermeli(icerikTuru: &quot;text/plain&quot;, beklenenSonuc: False)" computerName="onur-TULPAR-T7-V20-5" duration="00:00:00.0001130" startTime="2025-09-12T15:29:55.8005692+03:00" endTime="2025-09-12T15:29:55.8005692+03:00" testType="13cdc9d9-ddb5-4fa4-a97d-d965ccfc6d4b" outcome="Passed" testListId="8c84fa94-04c1-424b-9868-57a2d4851a1d" relativeResultsDirectory="8c398ff5-926e-42ab-9c6b-686d318187ca" />
    <UnitTestResult executionId="6e952b9f-02bb-4418-ab45-cc94bb4b769a" testId="eec139e4-b8d2-4787-eec5-f37b72dfef14" testName="Enterprise.Shared.Storage.Tests.Services.DosyaValidasyonServisTestleri.DosyaBoyutuGecerliMi_SifirVeyaNegatif_FalseDondurmeli" computerName="onur-TULPAR-T7-V20-5" duration="00:00:00.0002073" startTime="2025-09-12T15:29:55.8648958+03:00" endTime="2025-09-12T15:29:55.8648959+03:00" testType="13cdc9d9-ddb5-4fa4-a97d-d965ccfc6d4b" outcome="Passed" testListId="8c84fa94-04c1-424b-9868-57a2d4851a1d" relativeResultsDirectory="6e952b9f-02bb-4418-ab45-cc94bb4b769a" />
    <UnitTestResult executionId="11673639-627b-45ef-8553-24bcbc326c15" testId="5b952f12-da7a-60a0-2d0b-adb17c4e2527" testName="Enterprise.Shared.Storage.Tests.Services.VirusTarayiciServisTestleri.TaraAsync_FarkliDosyaBoyutlari_UygunSonucVermeli(dosyaBoyutu: 500)" computerName="onur-TULPAR-T7-V20-5" duration="00:00:00.0576113" startTime="2025-09-12T15:29:55.8028233+03:00" endTime="2025-09-12T15:29:55.8028234+03:00" testType="13cdc9d9-ddb5-4fa4-a97d-d965ccfc6d4b" outcome="Passed" testListId="8c84fa94-04c1-424b-9868-57a2d4851a1d" relativeResultsDirectory="11673639-627b-45ef-8553-24bcbc326c15" />
    <UnitTestResult executionId="e8641313-6b43-4612-9df0-aaf1210101d1" testId="6cd4aab2-0a9a-d20f-25d8-3ba767ab2bf5" testName="Enterprise.Shared.Storage.Tests.Services.ResimIslemeServisTestleri.ResimDosyasiMi_FarkliIcerikTurleri_DogruSonucVermeli(icerikTuru: &quot;application/pdf&quot;, beklenenSonuc: False)" computerName="onur-TULPAR-T7-V20-5" duration="00:00:00.0001064" startTime="2025-09-12T15:29:55.8019567+03:00" endTime="2025-09-12T15:29:55.8019567+03:00" testType="13cdc9d9-ddb5-4fa4-a97d-d965ccfc6d4b" outcome="Passed" testListId="8c84fa94-04c1-424b-9868-57a2d4851a1d" relativeResultsDirectory="e8641313-6b43-4612-9df0-aaf1210101d1" />
  </Results>
  <TestDefinitions>
    <UnitTest name="Enterprise.Shared.Storage.Tests.Models.StorageModelsTests.DosyaYuklemeIstegi_ExitFields_ValidationFailed(eksikAlan: &quot;BucketAdi&quot;)" storage="/home/onur/desktop/platformv1/src/shared/enterprise.shared.storage.tests/bin/debug/net8.0/enterprise.shared.storage.tests.dll" id="8c8453f3-1b9c-3bfc-7145-aa2819e3ff59">
      <Execution id="499a171b-89c0-49d8-9345-a260296e97aa" />
      <TestMethod codeBase="/home/onur/Desktop/PlatformV1/src/Shared/Enterprise.Shared.Storage.Tests/bin/Debug/net8.0/Enterprise.Shared.Storage.Tests.dll" adapterTypeName="executor://xunit/VsTestRunner2/netcoreapp" className="Enterprise.Shared.Storage.Tests.Models.StorageModelsTests" name="DosyaYuklemeIstegi_ExitFields_ValidationFailed" />
    </UnitTest>
    <UnitTest name="Enterprise.Shared.Storage.Tests.Services.ResimIslemeServisTestleri.KucukResimOlusturAsync_GecerliResim_KucukResimDondururMeli" storage="/home/onur/desktop/platformv1/src/shared/enterprise.shared.storage.tests/bin/debug/net8.0/enterprise.shared.storage.tests.dll" id="ac0bc820-4f76-beb5-ec12-ae63c751fbef">
      <Execution id="4064ae1b-dd00-44e0-8c79-02c43d440f38" />
      <TestMethod codeBase="/home/onur/Desktop/PlatformV1/src/Shared/Enterprise.Shared.Storage.Tests/bin/Debug/net8.0/Enterprise.Shared.Storage.Tests.dll" adapterTypeName="executor://xunit/VsTestRunner2/netcoreapp" className="Enterprise.Shared.Storage.Tests.Services.ResimIslemeServisTestleri" name="KucukResimOlusturAsync_GecerliResim_KucukResimDondururMeli" />
    </UnitTest>
    <UnitTest name="Enterprise.Shared.Storage.Tests.Services.DosyaValidasyonServisTestleri.DosyaImzasiGecerliMiAsync_GecerliJpegImza_TrueDondurmeli" storage="/home/onur/desktop/platformv1/src/shared/enterprise.shared.storage.tests/bin/debug/net8.0/enterprise.shared.storage.tests.dll" id="81e8f42e-2b74-f5ee-0e5a-f94f93713110">
      <Execution id="fb4ced08-64b5-42c5-a947-ecfb0d8e907f" />
      <TestMethod codeBase="/home/onur/Desktop/PlatformV1/src/Shared/Enterprise.Shared.Storage.Tests/bin/Debug/net8.0/Enterprise.Shared.Storage.Tests.dll" adapterTypeName="executor://xunit/VsTestRunner2/netcoreapp" className="Enterprise.Shared.Storage.Tests.Services.DosyaValidasyonServisTestleri" name="DosyaImzasiGecerliMiAsync_GecerliJpegImza_TrueDondurmeli" />
    </UnitTest>
    <UnitTest name="Enterprise.Shared.Storage.Tests.Models.StorageModelsTests.DosyaMetadata_TurkiyeSaatiSonDegistirilme_TurkiyeSaatiniDondurmeli" storage="/home/onur/desktop/platformv1/src/shared/enterprise.shared.storage.tests/bin/debug/net8.0/enterprise.shared.storage.tests.dll" id="ccbf1a1c-bb15-00d8-6c30-83490d79c7a4">
      <Execution id="a667040f-c3f1-4b14-84a6-67393d666bcd" />
      <TestMethod codeBase="/home/onur/Desktop/PlatformV1/src/Shared/Enterprise.Shared.Storage.Tests/bin/Debug/net8.0/Enterprise.Shared.Storage.Tests.dll" adapterTypeName="executor://xunit/VsTestRunner2/netcoreapp" className="Enterprise.Shared.Storage.Tests.Models.StorageModelsTests" name="DosyaMetadata_TurkiyeSaatiSonDegistirilme_TurkiyeSaatiniDondurmeli" />
    </UnitTest>
    <UnitTest name="Enterprise.Shared.Storage.Tests.Services.DosyaValidasyonServisTestleri.MimeTipiGecerliMi_GecerliTip_TrueDondurmeli" storage="/home/onur/desktop/platformv1/src/shared/enterprise.shared.storage.tests/bin/debug/net8.0/enterprise.shared.storage.tests.dll" id="66e4263d-a33f-9f76-5248-e0ea0462567e">
      <Execution id="a9087d53-6d1f-4ad3-95da-4fd8cc25adc3" />
      <TestMethod codeBase="/home/onur/Desktop/PlatformV1/src/Shared/Enterprise.Shared.Storage.Tests/bin/Debug/net8.0/Enterprise.Shared.Storage.Tests.dll" adapterTypeName="executor://xunit/VsTestRunner2/netcoreapp" className="Enterprise.Shared.Storage.Tests.Services.DosyaValidasyonServisTestleri" name="MimeTipiGecerliMi_GecerliTip_TrueDondurmeli" />
    </UnitTest>
    <UnitTest name="Enterprise.Shared.Storage.Tests.Models.StorageModelsTests.DepolamaAyarlari_ConfigSection_DogruSectionAdiniDondurmeli" storage="/home/onur/desktop/platformv1/src/shared/enterprise.shared.storage.tests/bin/debug/net8.0/enterprise.shared.storage.tests.dll" id="25e2a728-abcd-630a-d595-081c7325d260">
      <Execution id="fda9a1c8-8c33-4ef9-9f2c-fec3e1563445" />
      <TestMethod codeBase="/home/onur/Desktop/PlatformV1/src/Shared/Enterprise.Shared.Storage.Tests/bin/Debug/net8.0/Enterprise.Shared.Storage.Tests.dll" adapterTypeName="executor://xunit/VsTestRunner2/netcoreapp" className="Enterprise.Shared.Storage.Tests.Models.StorageModelsTests" name="DepolamaAyarlari_ConfigSection_DogruSectionAdiniDondurmeli" />
    </UnitTest>
    <UnitTest name="Enterprise.Shared.Storage.Tests.Extensions.ServiceCollectionExtensionsTests.AddEnterpriseStorage_ActionKonfigürasyon_ServislerEklenmeli" storage="/home/onur/desktop/platformv1/src/shared/enterprise.shared.storage.tests/bin/debug/net8.0/enterprise.shared.storage.tests.dll" id="d8edb4ad-4531-f937-2bac-550c98aef40e">
      <Execution id="313f5e9b-2cf3-4a33-a824-f0474a2b7ca8" />
      <TestMethod codeBase="/home/onur/Desktop/PlatformV1/src/Shared/Enterprise.Shared.Storage.Tests/bin/Debug/net8.0/Enterprise.Shared.Storage.Tests.dll" adapterTypeName="executor://xunit/VsTestRunner2/netcoreapp" className="Enterprise.Shared.Storage.Tests.Extensions.ServiceCollectionExtensionsTests" name="AddEnterpriseStorage_ActionKonfigürasyon_ServislerEklenmeli" />
    </UnitTest>
    <UnitTest name="Enterprise.Shared.Storage.Tests.Models.StorageModelsTests.IslenmisResim_StreamProperty_DisposableOlmali" storage="/home/onur/desktop/platformv1/src/shared/enterprise.shared.storage.tests/bin/debug/net8.0/enterprise.shared.storage.tests.dll" id="5fce9f5b-44f5-4e68-b548-4157a52c2c21">
      <Execution id="ad4795f1-7c8f-4ec8-8307-f1fa2fbf22cc" />
      <TestMethod codeBase="/home/onur/Desktop/PlatformV1/src/Shared/Enterprise.Shared.Storage.Tests/bin/Debug/net8.0/Enterprise.Shared.Storage.Tests.dll" adapterTypeName="executor://xunit/VsTestRunner2/netcoreapp" className="Enterprise.Shared.Storage.Tests.Models.StorageModelsTests" name="IslenmisResim_StreamProperty_DisposableOlmali" />
    </UnitTest>
    <UnitTest name="Enterprise.Shared.Storage.Tests.Services.ResimIslemeServisTestleri.ResimMetadataAlAsync_GecerliResim_MetadataVermeli" storage="/home/onur/desktop/platformv1/src/shared/enterprise.shared.storage.tests/bin/debug/net8.0/enterprise.shared.storage.tests.dll" id="1c88859b-4113-0216-b2f3-2b25555ba917">
      <Execution id="bcff76fc-95cd-40d9-9998-d5e83b20d877" />
      <TestMethod codeBase="/home/onur/Desktop/PlatformV1/src/Shared/Enterprise.Shared.Storage.Tests/bin/Debug/net8.0/Enterprise.Shared.Storage.Tests.dll" adapterTypeName="executor://xunit/VsTestRunner2/netcoreapp" className="Enterprise.Shared.Storage.Tests.Services.ResimIslemeServisTestleri" name="ResimMetadataAlAsync_GecerliResim_MetadataVermeli" />
    </UnitTest>
    <UnitTest name="Enterprise.Shared.Storage.Tests.Services.DosyaValidasyonServisTestleri.DosyaBoyutuGecerliMi_SifirVeyaNegatif_FalseDondurmeli" storage="/home/onur/desktop/platformv1/src/shared/enterprise.shared.storage.tests/bin/debug/net8.0/enterprise.shared.storage.tests.dll" id="eec139e4-b8d2-4787-eec5-f37b72dfef14">
      <Execution id="6e952b9f-02bb-4418-ab45-cc94bb4b769a" />
      <TestMethod codeBase="/home/onur/Desktop/PlatformV1/src/Shared/Enterprise.Shared.Storage.Tests/bin/Debug/net8.0/Enterprise.Shared.Storage.Tests.dll" adapterTypeName="executor://xunit/VsTestRunner2/netcoreapp" className="Enterprise.Shared.Storage.Tests.Services.DosyaValidasyonServisTestleri" name="DosyaBoyutuGecerliMi_SifirVeyaNegatif_FalseDondurmeli" />
    </UnitTest>
    <UnitTest name="Enterprise.Shared.Storage.Tests.Services.DosyaValidasyonServisTestleri.DosyaUzantisiGecerliMi_GecerliUzanti_TrueDondurmeli" storage="/home/onur/desktop/platformv1/src/shared/enterprise.shared.storage.tests/bin/debug/net8.0/enterprise.shared.storage.tests.dll" id="8f242e89-bf70-67a6-4013-7e1bcb746ba1">
      <Execution id="e0a10bc8-91d5-4712-8131-4eecbc3708f6" />
      <TestMethod codeBase="/home/onur/Desktop/PlatformV1/src/Shared/Enterprise.Shared.Storage.Tests/bin/Debug/net8.0/Enterprise.Shared.Storage.Tests.dll" adapterTypeName="executor://xunit/VsTestRunner2/netcoreapp" className="Enterprise.Shared.Storage.Tests.Services.DosyaValidasyonServisTestleri" name="DosyaUzantisiGecerliMi_GecerliUzanti_TrueDondurmeli" />
    </UnitTest>
    <UnitTest name="Enterprise.Shared.Storage.Tests.Models.StorageModelsTests.DosyaYuklemeIstegi_ExitFields_ValidationFailed(eksikAlan: &quot;IcerikTuru&quot;)" storage="/home/onur/desktop/platformv1/src/shared/enterprise.shared.storage.tests/bin/debug/net8.0/enterprise.shared.storage.tests.dll" id="d5c68c46-c896-a96f-a99c-e12ce7f25031">
      <Execution id="7c714722-b147-4fad-a0a2-b73bfb274df5" />
      <TestMethod codeBase="/home/onur/Desktop/PlatformV1/src/Shared/Enterprise.Shared.Storage.Tests/bin/Debug/net8.0/Enterprise.Shared.Storage.Tests.dll" adapterTypeName="executor://xunit/VsTestRunner2/netcoreapp" className="Enterprise.Shared.Storage.Tests.Models.StorageModelsTests" name="DosyaYuklemeIstegi_ExitFields_ValidationFailed" />
    </UnitTest>
    <UnitTest name="Enterprise.Shared.Storage.Tests.Services.DosyaValidasyonServisTestleri.DosyaUzantisiGecerliMi_YasakliUzanti_FalseDondurmeli" storage="/home/onur/desktop/platformv1/src/shared/enterprise.shared.storage.tests/bin/debug/net8.0/enterprise.shared.storage.tests.dll" id="a09e1861-d612-ccea-38e2-f226c6a5598f">
      <Execution id="9b27be24-9dc0-4deb-94f6-cdba3921baad" />
      <TestMethod codeBase="/home/onur/Desktop/PlatformV1/src/Shared/Enterprise.Shared.Storage.Tests/bin/Debug/net8.0/Enterprise.Shared.Storage.Tests.dll" adapterTypeName="executor://xunit/VsTestRunner2/netcoreapp" className="Enterprise.Shared.Storage.Tests.Services.DosyaValidasyonServisTestleri" name="DosyaUzantisiGecerliMi_YasakliUzanti_FalseDondurmeli" />
    </UnitTest>
    <UnitTest name="Enterprise.Shared.Storage.Tests.Extensions.DepolamaServisiFactoryTests.CreateStorageService_MinIOProvider_IDepolamaServisinerendurmeli" storage="/home/onur/desktop/platformv1/src/shared/enterprise.shared.storage.tests/bin/debug/net8.0/enterprise.shared.storage.tests.dll" id="22df29ca-1919-bfd8-40d0-5cffe65d98c0">
      <Execution id="3f6e27a8-9730-42af-b6e3-d43646c9ebcb" />
      <TestMethod codeBase="/home/onur/Desktop/PlatformV1/src/Shared/Enterprise.Shared.Storage.Tests/bin/Debug/net8.0/Enterprise.Shared.Storage.Tests.dll" adapterTypeName="executor://xunit/VsTestRunner2/netcoreapp" className="Enterprise.Shared.Storage.Tests.Extensions.DepolamaServisiFactoryTests" name="CreateStorageService_MinIOProvider_IDepolamaServisinerendurmeli" />
    </UnitTest>
    <UnitTest name="Enterprise.Shared.Storage.Tests.Services.VirusTarayiciServisTestleri.TaraAsync_FarkliDosyaBoyutlari_UygunSonucVermeli(dosyaBoyutu: 50000)" storage="/home/onur/desktop/platformv1/src/shared/enterprise.shared.storage.tests/bin/debug/net8.0/enterprise.shared.storage.tests.dll" id="1c33ab4a-bd84-adef-0a00-ad253a33a66f">
      <Execution id="a67e6a93-966b-4bf3-be32-4b785c3e3c9a" />
      <TestMethod codeBase="/home/onur/Desktop/PlatformV1/src/Shared/Enterprise.Shared.Storage.Tests/bin/Debug/net8.0/Enterprise.Shared.Storage.Tests.dll" adapterTypeName="executor://xunit/VsTestRunner2/netcoreapp" className="Enterprise.Shared.Storage.Tests.Services.VirusTarayiciServisTestleri" name="TaraAsync_FarkliDosyaBoyutlari_UygunSonucVermeli" />
    </UnitTest>
    <UnitTest name="Enterprise.Shared.Storage.Tests.Extensions.DepolamaServisiFactoryTests.CreateImageProcessingService_IResimIslemeServisimrDerendurmeli" storage="/home/onur/desktop/platformv1/src/shared/enterprise.shared.storage.tests/bin/debug/net8.0/enterprise.shared.storage.tests.dll" id="1635d350-77c7-937d-5384-a1d89274fb26">
      <Execution id="8979cad1-dad8-4240-af11-dbdb41b8f5de" />
      <TestMethod codeBase="/home/onur/Desktop/PlatformV1/src/Shared/Enterprise.Shared.Storage.Tests/bin/Debug/net8.0/Enterprise.Shared.Storage.Tests.dll" adapterTypeName="executor://xunit/VsTestRunner2/netcoreapp" className="Enterprise.Shared.Storage.Tests.Extensions.DepolamaServisiFactoryTests" name="CreateImageProcessingService_IResimIslemeServisimrDerendurmeli" />
    </UnitTest>
    <UnitTest name="Enterprise.Shared.Storage.Tests.Services.ClamAVTarayiciServisTestleri.Constructor_NullOptions_ArgumentNullExceptionFirlatmali" storage="/home/onur/desktop/platformv1/src/shared/enterprise.shared.storage.tests/bin/debug/net8.0/enterprise.shared.storage.tests.dll" id="6eb99c4a-01bc-c2e9-d8c3-c10f390a5232">
      <Execution id="3d84544a-3b93-45bc-a2d8-48ba8a90c755" />
      <TestMethod codeBase="/home/onur/Desktop/PlatformV1/src/Shared/Enterprise.Shared.Storage.Tests/bin/Debug/net8.0/Enterprise.Shared.Storage.Tests.dll" adapterTypeName="executor://xunit/VsTestRunner2/netcoreapp" className="Enterprise.Shared.Storage.Tests.Services.ClamAVTarayiciServisTestleri" name="Constructor_NullOptions_ArgumentNullExceptionFirlatmali" />
    </UnitTest>
    <UnitTest name="Enterprise.Shared.Storage.Tests.Extensions.DepolamaServisiFactoryTests.CreateBackupService_IYedeklemeServisinerendurmeli" storage="/home/onur/desktop/platformv1/src/shared/enterprise.shared.storage.tests/bin/debug/net8.0/enterprise.shared.storage.tests.dll" id="1b49adf1-4016-2333-bfa5-3112e1389a5a">
      <Execution id="4611680f-f88a-426c-8bf4-1e8ed6b8dfff" />
      <TestMethod codeBase="/home/onur/Desktop/PlatformV1/src/Shared/Enterprise.Shared.Storage.Tests/bin/Debug/net8.0/Enterprise.Shared.Storage.Tests.dll" adapterTypeName="executor://xunit/VsTestRunner2/netcoreapp" className="Enterprise.Shared.Storage.Tests.Extensions.DepolamaServisiFactoryTests" name="CreateBackupService_IYedeklemeServisinerendurmeli" />
    </UnitTest>
    <UnitTest name="Enterprise.Shared.Storage.Tests.Models.StorageModelsTests.DosyaBilgisi_TamYolProperty_BucketveNesneAdiniIcermeli" storage="/home/onur/desktop/platformv1/src/shared/enterprise.shared.storage.tests/bin/debug/net8.0/enterprise.shared.storage.tests.dll" id="0e876ae0-e77c-4ca7-7879-98cd54300afa">
      <Execution id="c4cec5da-6c7e-4b41-83a0-0deb1c056ee9" />
      <TestMethod codeBase="/home/onur/Desktop/PlatformV1/src/Shared/Enterprise.Shared.Storage.Tests/bin/Debug/net8.0/Enterprise.Shared.Storage.Tests.dll" adapterTypeName="executor://xunit/VsTestRunner2/netcoreapp" className="Enterprise.Shared.Storage.Tests.Models.StorageModelsTests" name="DosyaBilgisi_TamYolProperty_BucketveNesneAdiniIcermeli" />
    </UnitTest>
    <UnitTest name="Enterprise.Shared.Storage.Tests.Models.StorageModelsTests.DosyaYuklemeIstegi_ExitFields_ValidationFailed(eksikAlan: &quot;DosyaStream&quot;)" storage="/home/onur/desktop/platformv1/src/shared/enterprise.shared.storage.tests/bin/debug/net8.0/enterprise.shared.storage.tests.dll" id="52a39535-f531-efc2-9989-54e8da844dd6">
      <Execution id="55024d0e-035e-4d1d-bf39-233dbd99f3d5" />
      <TestMethod codeBase="/home/onur/Desktop/PlatformV1/src/Shared/Enterprise.Shared.Storage.Tests/bin/Debug/net8.0/Enterprise.Shared.Storage.Tests.dll" adapterTypeName="executor://xunit/VsTestRunner2/netcoreapp" className="Enterprise.Shared.Storage.Tests.Models.StorageModelsTests" name="DosyaYuklemeIstegi_ExitFields_ValidationFailed" />
    </UnitTest>
    <UnitTest name="Enterprise.Shared.Storage.Tests.Extensions.DepolamaServisiFactoryTests.CreateStorageService_DesteklenmevenProvider_NotSupportedExceptionFirlatmali" storage="/home/onur/desktop/platformv1/src/shared/enterprise.shared.storage.tests/bin/debug/net8.0/enterprise.shared.storage.tests.dll" id="61fd8226-7b52-b909-bd0a-4672fb4bf31b">
      <Execution id="ba2528d1-589c-46c0-a209-a1f12d89d923" />
      <TestMethod codeBase="/home/onur/Desktop/PlatformV1/src/Shared/Enterprise.Shared.Storage.Tests/bin/Debug/net8.0/Enterprise.Shared.Storage.Tests.dll" adapterTypeName="executor://xunit/VsTestRunner2/netcoreapp" className="Enterprise.Shared.Storage.Tests.Extensions.DepolamaServisiFactoryTests" name="CreateStorageService_DesteklenmevenProvider_NotSupportedExceptionFirlatmali" />
    </UnitTest>
    <UnitTest name="Enterprise.Shared.Storage.Tests.Extensions.ServiceCollectionExtensionsTests.HasStorageSettings_KonfigürasyonVar_TrueDondurmeli" storage="/home/onur/desktop/platformv1/src/shared/enterprise.shared.storage.tests/bin/debug/net8.0/enterprise.shared.storage.tests.dll" id="90d351de-9252-a77d-cb14-a74503773f9c">
      <Execution id="48cd666e-1704-4182-89ab-b714646486a3" />
      <TestMethod codeBase="/home/onur/Desktop/PlatformV1/src/Shared/Enterprise.Shared.Storage.Tests/bin/Debug/net8.0/Enterprise.Shared.Storage.Tests.dll" adapterTypeName="executor://xunit/VsTestRunner2/netcoreapp" className="Enterprise.Shared.Storage.Tests.Extensions.ServiceCollectionExtensionsTests" name="HasStorageSettings_KonfigürasyonVar_TrueDondurmeli" />
    </UnitTest>
    <UnitTest name="Enterprise.Shared.Storage.Tests.Models.StorageModelsTests.VirusTaramaSonucu_TemizDosya_DogruPropertilerleOlusturmali" storage="/home/onur/desktop/platformv1/src/shared/enterprise.shared.storage.tests/bin/debug/net8.0/enterprise.shared.storage.tests.dll" id="9507dc98-5599-be8a-b135-ace9c72db944">
      <Execution id="b1207f65-57e1-496f-95e6-48fe42b753eb" />
      <TestMethod codeBase="/home/onur/Desktop/PlatformV1/src/Shared/Enterprise.Shared.Storage.Tests/bin/Debug/net8.0/Enterprise.Shared.Storage.Tests.dll" adapterTypeName="executor://xunit/VsTestRunner2/netcoreapp" className="Enterprise.Shared.Storage.Tests.Models.StorageModelsTests" name="VirusTaramaSonucu_TemizDosya_DogruPropertilerleOlusturmali" />
    </UnitTest>
    <UnitTest name="Enterprise.Shared.Storage.Tests.Models.StorageModelsTests.DosyaYuklemeIstegi_ExitFields_ValidationFailed(eksikAlan: &quot;DosyaAdi&quot;)" storage="/home/onur/desktop/platformv1/src/shared/enterprise.shared.storage.tests/bin/debug/net8.0/enterprise.shared.storage.tests.dll" id="6b10ae76-054b-2eef-8d5d-e6115f7b869b">
      <Execution id="147ee995-ee2e-48a9-88fb-db9fff972bc8" />
      <TestMethod codeBase="/home/onur/Desktop/PlatformV1/src/Shared/Enterprise.Shared.Storage.Tests/bin/Debug/net8.0/Enterprise.Shared.Storage.Tests.dll" adapterTypeName="executor://xunit/VsTestRunner2/netcoreapp" className="Enterprise.Shared.Storage.Tests.Models.StorageModelsTests" name="DosyaYuklemeIstegi_ExitFields_ValidationFailed" />
    </UnitTest>
    <UnitTest name="Enterprise.Shared.Storage.Tests.Models.StorageModelsTests.YedekTipi_GecerliDegerler_EnumDegerleriTanimliOlmali(tip: TransaksiyonLogYedek)" storage="/home/onur/desktop/platformv1/src/shared/enterprise.shared.storage.tests/bin/debug/net8.0/enterprise.shared.storage.tests.dll" id="172d5222-b9fc-660d-50b2-49274d6424c1">
      <Execution id="d699ffee-0f4d-4968-b2fe-2263b44810bb" />
      <TestMethod codeBase="/home/onur/Desktop/PlatformV1/src/Shared/Enterprise.Shared.Storage.Tests/bin/Debug/net8.0/Enterprise.Shared.Storage.Tests.dll" adapterTypeName="executor://xunit/VsTestRunner2/netcoreapp" className="Enterprise.Shared.Storage.Tests.Models.StorageModelsTests" name="YedekTipi_GecerliDegerler_EnumDegerleriTanimliOlmali" />
    </UnitTest>
    <UnitTest name="Enterprise.Shared.Storage.Tests.Models.StorageModelsTests.GuvenlikAyarlari_BosAllowedExtensions_ValidasyonHatasiVermeli(extension: null)" storage="/home/onur/desktop/platformv1/src/shared/enterprise.shared.storage.tests/bin/debug/net8.0/enterprise.shared.storage.tests.dll" id="36bf94e8-b2fb-7995-11dd-0edf10cf9046">
[...]
    <TestEntry testId="51579947-a00a-89fd-8c29-c2c7b7c4f814" executionId="ff2d9fb3-2204-4eab-99b1-deb8e0777073" testListId="8c84fa94-04c1-424b-9868-57a2d4851a1d" />
    <TestEntry testId="5522037e-e5a0-021b-d0b7-c7d234eb0f03" executionId="54d5a9bc-2bbc-46f6-90ea-04b01db9d483" testListId="8c84fa94-04c1-424b-9868-57a2d4851a1d" />
    <TestEntry testId="01e9ce06-687f-1328-629f-877fb3d6b1de" executionId="6e9a9ebc-9c02-40f4-9c64-99793a96d39f" testListId="8c84fa94-04c1-424b-9868-57a2d4851a1d" />
    <TestEntry testId="057adc5d-b9c7-9ec4-b79a-8781edbe539f" executionId="b7780ac8-e8bd-46fa-a162-37983e296b38" testListId="8c84fa94-04c1-424b-9868-57a2d4851a1d" />
    <TestEntry testId="7288a54e-575a-a093-4ab8-963830294c29" executionId="7cbf48cc-7b41-4c58-8308-41eb2887fb6f" testListId="8c84fa94-04c1-424b-9868-57a2d4851a1d" />
    <TestEntry testId="a841b8c6-52fb-8406-beef-ffef5bf7c9f1" executionId="35089a7c-4506-4f39-b350-affa2c4f6457" testListId="8c84fa94-04c1-424b-9868-57a2d4851a1d" />
    <TestEntry testId="8f242e89-bf70-67a6-4013-7e1bcb746ba1" executionId="e0a10bc8-91d5-4712-8131-4eecbc3708f6" testListId="8c84fa94-04c1-424b-9868-57a2d4851a1d" />
    <TestEntry testId="d8edb4ad-4531-f937-2bac-550c98aef40e" executionId="313f5e9b-2cf3-4a33-a824-f0474a2b7ca8" testListId="8c84fa94-04c1-424b-9868-57a2d4851a1d" />
    <TestEntry testId="1635d350-77c7-937d-5384-a1d89274fb26" executionId="8979cad1-dad8-4240-af11-dbdb41b8f5de" testListId="8c84fa94-04c1-424b-9868-57a2d4851a1d" />
    <TestEntry testId="c785965f-54f5-0958-d1b3-031adc08431b" executionId="662e5457-9ecc-4455-a115-4a3e697467b4" testListId="8c84fa94-04c1-424b-9868-57a2d4851a1d" />
    <TestEntry testId="1ebb3d19-c1f5-6337-c253-fab534601faf" executionId="84077af2-a938-49e2-ba5b-3051d0d12057" testListId="8c84fa94-04c1-424b-9868-57a2d4851a1d" />
    <TestEntry testId="79cfc419-cc18-83db-6883-06584171e046" executionId="88601651-1b91-47d2-a86b-f3ba32cc0828" testListId="8c84fa94-04c1-424b-9868-57a2d4851a1d" />
    <TestEntry testId="c616ef4a-ff6a-726e-c8c2-0be8e6f710ca" executionId="a56f6825-2df0-42dc-9939-f79b2d2a4c49" testListId="8c84fa94-04c1-424b-9868-57a2d4851a1d" />
    <TestEntry testId="ccbf1a1c-bb15-00d8-6c30-83490d79c7a4" executionId="a667040f-c3f1-4b14-84a6-67393d666bcd" testListId="8c84fa94-04c1-424b-9868-57a2d4851a1d" />
    <TestEntry testId="6725ca6e-2db4-d52b-666e-c5c0c5700fbf" executionId="0f367276-109d-477c-aa1d-bee52d69dd40" testListId="8c84fa94-04c1-424b-9868-57a2d4851a1d" />
    <TestEntry testId="f8ea8402-12b5-9b66-aba4-1b9181b3d22f" executionId="e3672c50-62b8-4596-bf50-96e443ed16f3" testListId="8c84fa94-04c1-424b-9868-57a2d4851a1d" />
    <TestEntry testId="36bf94e8-b2fb-7995-11dd-0edf10cf9046" executionId="0a91d436-d747-45be-ab52-7e65f0512e75" testListId="8c84fa94-04c1-424b-9868-57a2d4851a1d" />
    <TestEntry testId="f7194480-9399-0052-3b84-846249066dbf" executionId="85419cd7-b5d6-4fe4-a968-e4c6e33c79a6" testListId="8c84fa94-04c1-424b-9868-57a2d4851a1d" />
    <TestEntry testId="9ff69c44-faa5-e60c-d71c-2cfcdff220ca" executionId="1781c37e-0e0e-4efe-bc92-fd39e975c51d" testListId="8c84fa94-04c1-424b-9868-57a2d4851a1d" />
    <TestEntry testId="81e8f42e-2b74-f5ee-0e5a-f94f93713110" executionId="fb4ced08-64b5-42c5-a947-ecfb0d8e907f" testListId="8c84fa94-04c1-424b-9868-57a2d4851a1d" />
    <TestEntry testId="ace63b21-b7f0-20d8-5d67-074f4026efd0" executionId="8c398ff5-926e-42ab-9c6b-686d318187ca" testListId="8c84fa94-04c1-424b-9868-57a2d4851a1d" />
    <TestEntry testId="eec139e4-b8d2-4787-eec5-f37b72dfef14" executionId="6e952b9f-02bb-4418-ab45-cc94bb4b769a" testListId="8c84fa94-04c1-424b-9868-57a2d4851a1d" />
    <TestEntry testId="5b952f12-da7a-60a0-2d0b-adb17c4e2527" executionId="11673639-627b-45ef-8553-24bcbc326c15" testListId="8c84fa94-04c1-424b-9868-57a2d4851a1d" />
    <TestEntry testId="6cd4aab2-0a9a-d20f-25d8-3ba767ab2bf5" executionId="e8641313-6b43-4612-9df0-aaf1210101d1" testListId="8c84fa94-04c1-424b-9868-57a2d4851a1d" />
  </TestEntries>
  <TestLists>
    <TestList name="Results Not in a List" id="8c84fa94-04c1-424b-9868-57a2d4851a1d" />
    <TestList name="All Loaded Results" id="19431567-8539-422a-85d7-44ee4e166bda" />
  </TestLists>
  <ResultSummary outcome="Failed">
    <Counters total="82" executed="82" passed="75" failed="7" error="0" timeout="0" aborted="0" inconclusive="0" passedButRunAborted="0" notRunnable="0" notExecuted="0" disconnected="0" warning="0" completed="0" inProgress="0" pending="0" />
    <Output>
      <StdOut>[xUnit.net 00:00:00.00] xUnit.net VSTest Adapter v2.4.5+1caef2f33e (64-bit .NET 8.0.19)
[xUnit.net 00:00:00.32]   Discovering: Enterprise.Shared.Storage.Tests
[xUnit.net 00:00:00.35]   Discovered:  Enterprise.Shared.Storage.Tests
[xUnit.net 00:00:00.35]   Starting:    Enterprise.Shared.Storage.Tests
[xUnit.net 00:00:00.45]       System.InvalidOperationException : Unable to resolve service for type 'Microsoft.Extensions.Logging.ILogger`1[Enterprise.Shared.Storage.Services.ResimIslemeServisi]' while attempting to activate 'Enterprise.Shared.Storage.Services.ResimIslemeServisi'.
[xUnit.net 00:00:00.45]       Stack Trace:
[xUnit.net 00:00:00.45]            at Microsoft.Extensions.DependencyInjection.ServiceLookup.CallSiteFactory.CreateArgumentCallSites(ServiceIdentifier serviceIdentifier, Type implementationType, CallSiteChain callSiteChain, ParameterInfo[] parameters, Boolean throwIfCallSiteNotFound)
[xUnit.net 00:00:00.45]            at Microsoft.Extensions.DependencyInjection.ServiceLookup.CallSiteFactory.CreateConstructorCallSite(ResultCache lifetime, ServiceIdentifier serviceIdentifier, Type implementationType, CallSiteChain callSiteChain)
[xUnit.net 00:00:00.45]            at Microsoft.Extensions.DependencyInjection.ServiceLookup.CallSiteFactory.TryCreateExact(ServiceDescriptor descriptor, ServiceIdentifier serviceIdentifier, CallSiteChain callSiteChain, Int32 slot)
[xUnit.net 00:00:00.45]            at Microsoft.Extensions.DependencyInjection.ServiceLookup.CallSiteFactory.TryCreateExact(ServiceIdentifier serviceIdentifier, CallSiteChain callSiteChain)
[xUnit.net 00:00:00.45]            at Microsoft.Extensions.DependencyInjection.ServiceLookup.CallSiteFactory.CreateCallSite(ServiceIdentifier serviceIdentifier, CallSiteChain callSiteChain)
[xUnit.net 00:00:00.45]            at Microsoft.Extensions.DependencyInjection.ServiceLookup.CallSiteFactory.GetCallSite(ServiceIdentifier serviceIdentifier, CallSiteChain callSiteChain)
[xUnit.net 00:00:00.45]            at Microsoft.Extensions.DependencyInjection.ServiceProvider.CreateServiceAccessor(ServiceIdentifier serviceIdentifier)
[xUnit.net 00:00:00.45]            at System.Collections.Concurrent.ConcurrentDictionary`2.GetOrAdd(TKey key, Func`2 valueFactory)
[xUnit.net 00:00:00.45]            at Microsoft.Extensions.DependencyInjection.ServiceProvider.GetService(ServiceIdentifier serviceIdentifier, ServiceProviderEngineScope serviceProviderEngineScope)
[xUnit.net 00:00:00.45]            at Microsoft.Extensions.DependencyInjection.ServiceProvider.GetService(Type serviceType)
[xUnit.net 00:00:00.45]            at Microsoft.Extensions.DependencyInjection.ServiceProviderServiceExtensions.GetService[T](IServiceProvider provider)
[xUnit.net 00:00:00.45]         /home/onur/Desktop/PlatformV1/src/Shared/Enterprise.Shared.Storage.Tests/Extensions/ServiceCollectionExtensionsTests.cs(137,0): at Enterprise.Shared.Storage.Tests.Extensions.ServiceCollectionExtensionsTests.AddImageProcessing_KonfigurasyonAction_ResimServisiEklenmeli()
[xUnit.net 00:00:00.45]            at System.RuntimeMethodHandle.InvokeMethod(Object target, Void** arguments, Signature sig, Boolean isConstructor)
[xUnit.net 00:00:00.45]            at System.Reflection.MethodBaseInvoker.InvokeWithNoArgs(Object obj, BindingFlags invokeAttr)
[xUnit.net 00:00:00.45]       System.InvalidOperationException : Unable to resolve service for type 'Microsoft.Extensions.Logging.ILogger`1[Enterprise.Shared.Storage.Services.MockVirusTarayiciServisi]' while attempting to activate 'Enterprise.Shared.Storage.Services.MockVirusTarayiciServisi'.
[xUnit.net 00:00:00.45]       Stack Trace:
[xUnit.net 00:00:00.45]            at Microsoft.Extensions.DependencyInjection.ServiceLookup.CallSiteFactory.CreateArgumentCallSites(ServiceIdentifier serviceIdentifier, Type implementationType, CallSiteChain callSiteChain, ParameterInfo[] parameters, Boolean throwIfCallSiteNotFound)
[xUnit.net 00:00:00.45]            at Microsoft.Extensions.DependencyInjection.ServiceLookup.CallSiteFactory.CreateConstructorCallSite(ResultCache lifetime, ServiceIdentifier serviceIdentifier, Type implementationType, CallSiteChain callSiteChain)
[xUnit.net 00:00:00.45]            at Microsoft.Extensions.DependencyInjection.ServiceLookup.CallSiteFactory.TryCreateExact(ServiceDescriptor descriptor, ServiceIdentifier serviceIdentifier, CallSiteChain callSiteChain, Int32 slot)
[xUnit.net 00:00:00.45]            at Microsoft.Extensions.DependencyInjection.ServiceLookup.CallSiteFactory.TryCreateExact(ServiceIdentifier serviceIdentifier, CallSiteChain callSiteChain)
[xUnit.net 00:00:00.45]            at Microsoft.Extensions.DependencyInjection.ServiceLookup.CallSiteFactory.CreateCallSite(ServiceIdentifier serviceIdentifier, CallSiteChain callSiteChain)
[xUnit.net 00:00:00.45]            at Microsoft.Extensions.DependencyInjection.ServiceLookup.CallSiteFactory.GetCallSite(ServiceIdentifier serviceIdentifier, CallSiteChain callSiteChain)
[xUnit.net 00:00:00.45]            at Microsoft.Extensions.DependencyInjection.ServiceProvider.CreateServiceAccessor(ServiceIdentifier serviceIdentifier)
[xUnit.net 00:00:00.45]            at System.Collections.Concurrent.ConcurrentDictionary`2.GetOrAdd(TKey key, Func`2 valueFactory)
[xUnit.net 00:00:00.45]            at Microsoft.Extensions.DependencyInjection.ServiceProvider.GetService(ServiceIdentifier serviceIdentifier, ServiceProviderEngineScope serviceProviderEngineScope)
[xUnit.net 00:00:00.45]            at Microsoft.Extensions.DependencyInjection.ServiceProvider.GetService(Type serviceType)
[xUnit.net 00:00:00.45]            at Microsoft.Extensions.DependencyInjection.ServiceProviderServiceExtensions.GetService[T](IServiceProvider provider)
[xUnit.net 00:00:00.45]         /home/onur/Desktop/PlatformV1/src/Shared/Enterprise.Shared.Storage.Tests/Extensions/ServiceCollectionExtensionsTests.cs(181,0): at Enterprise.Shared.Storage.Tests.Extensions.ServiceCollectionExtensionsTests.AddMockVirusScanner_MockServisEklenmeli()
[xUnit.net 00:00:00.45]            at System.RuntimeMethodHandle.InvokeMethod(Object target, Void** arguments, Signature sig, Boolean isConstructor)
[xUnit.net 00:00:00.45]            at System.Reflection.MethodBaseInvoker.InvokeWithNoArgs(Object obj, BindingFlags invokeAttr)
[xUnit.net 00:00:00.51]       Expected sonuc.ErrorMessages {"Desteklenmeyen dosya uzantısı: "} to have an item matching x.Contains("Dosya adı").
[xUnit.net 00:00:00.51]       Stack Trace:
[xUnit.net 00:00:00.51]            at FluentAssertions.Execution.XUnit2TestFramework.Throw(String message)
[xUnit.net 00:00:00.51]            at FluentAssertions.Execution.TestFrameworkProvider.Throw(String message)
[xUnit.net 00:00:00.51]            at FluentAssertions.Execution.DefaultAssertionStrategy.HandleFailure(String message)
[xUnit.net 00:00:00.51]            at FluentAssertions.Execution.AssertionScope.FailWith(Func`1 failReasonFunc)
[xUnit.net 00:00:00.51]            at FluentAssertions.Execution.AssertionScope.FailWith(Func`1 failReasonFunc)
[xUnit.net 00:00:00.51]            at FluentAssertions.Execution.AssertionScope.FailWith(String message, Object[] args)
[xUnit.net 00:00:00.51]            at FluentAssertions.Collections.GenericCollectionAssertions`3.Contain(Expression`1 predicate, String because, Object[] becauseArgs)
[xUnit.net 00:00:00.51]         /home/onur/Desktop/PlatformV1/src/Shared/Enterprise.Shared.Storage.Tests/Services/FileValidationServiceTests.cs(156,0): at Enterprise.Shared.Storage.Tests.Services.DosyaValidasyonServisTestleri.ValidateAsync_GeçersizDosyaAdi_HataVermeliMeli(String dosyaAdi)
[xUnit.net 00:00:00.51]         --- End of stack trace from previous location ---
[xUnit.net 00:00:00.51]       Expected sonuc.ErrorMessages {"Validasyon hatası: Object reference not set to an instance of an object."} to have an item matching x.Contains("Dosya adı").
[xUnit.net 00:00:00.51]       Stack Trace:
[xUnit.net 00:00:00.51]            at FluentAssertions.Execution.XUnit2TestFramework.Throw(String message)
[xUnit.net 00:00:00.51]            at FluentAssertions.Execution.TestFrameworkProvider.Throw(String message)
[xUnit.net 00:00:00.51]            at FluentAssertions.Execution.DefaultAssertionStrategy.HandleFailure(String message)
[xUnit.net 00:00:00.51]            at FluentAssertions.Execution.AssertionScope.FailWith(Func`1 failReasonFunc)
[xUnit.net 00:00:00.51]            at FluentAssertions.Execution.AssertionScope.FailWith(Func`1 failReasonFunc)
[xUnit.net 00:00:00.51]            at FluentAssertions.Execution.AssertionScope.FailWith(String message, Object[] args)
[xUnit.net 00:00:00.51]            at FluentAssertions.Collections.GenericCollectionAssertions`3.Contain(Expression`1 predicate, String because, Object[] becauseArgs)
[xUnit.net 00:00:00.51]         /home/onur/Desktop/PlatformV1/src/Shared/Enterprise.Shared.Storage.Tests/Services/FileValidationServiceTests.cs(156,0): at Enterprise.Shared.Storage.Tests.Services.DosyaValidasyonServisTestleri.ValidateAsync_GeçersizDosyaAdi_HataVermeliMeli(String dosyaAdi)
[xUnit.net 00:00:00.51]         --- End of stack trace from previous location ---
[xUnit.net 00:00:00.51]       Expected sonuc.IsValid to be False, but found True.
[xUnit.net 00:00:00.51]       Stack Trace:
[xUnit.net 00:00:00.51]            at FluentAssertions.Execution.XUnit2TestFramework.Throw(String message)
[xUnit.net 00:00:00.51]            at FluentAssertions.Execution.TestFrameworkProvider.Throw(String message)
[xUnit.net 00:00:00.51]            at FluentAssertions.Execution.DefaultAssertionStrategy.HandleFailure(String message)
[xUnit.net 00:00:00.51]            at FluentAssertions.Execution.AssertionScope.FailWith(Func`1 failReasonFunc)
[xUnit.net 00:00:00.51]            at FluentAssertions.Execution.AssertionScope.FailWith(Func`1 failReasonFunc)
[xUnit.net 00:00:00.51]            at FluentAssertions.Execution.AssertionScope.FailWith(String message, Object[] args)
[xUnit.net 00:00:00.51]            at FluentAssertions.Primitives.BooleanAssertions`1.BeFalse(String because, Object[] becauseArgs)
[xUnit.net 00:00:00.51]         /home/onur/Desktop/PlatformV1/src/Shared/Enterprise.Shared.Storage.Tests/Services/FileValidationServiceTests.cs(187,0): at Enterprise.Shared.Storage.Tests.Services.DosyaValidasyonServisTestleri.ValidateAsync_GecersizKarakterler_HataVermeliMeli(String dosyaAdi)
[xUnit.net 00:00:00.51]         --- End of stack trace from previous location ---
[xUnit.net 00:00:00.51]       Expected sonuc.IsValid to be False, but found True.
[xUnit.net 00:00:00.51]       Stack Trace:
[xUnit.net 00:00:00.51]            at FluentAssertions.Execution.XUnit2TestFramework.Throw(String message)
[xUnit.net 00:00:00.51]            at FluentAssertions.Execution.TestFrameworkProvider.Throw(String message)
[xUnit.net 00:00:00.51]            at FluentAssertions.Execution.DefaultAssertionStrategy.HandleFailure(String message)
[xUnit.net 00:00:00.51]            at FluentAssertions.Execution.AssertionScope.FailWith(Func`1 failReasonFunc)
[xUnit.net 00:00:00.51]            at FluentAssertions.Execution.AssertionScope.FailWith(Func`1 failReasonFunc)
[xUnit.net 00:00:00.51]            at FluentAssertions.Execution.AssertionScope.FailWith(String message, Object[] args)
[xUnit.net 00:00:00.51]            at FluentAssertions.Primitives.BooleanAssertions`1.BeFalse(String because, Object[] becauseArgs)
[xUnit.net 00:00:00.51]         /home/onur/Desktop/PlatformV1/src/Shared/Enterprise.Shared.Storage.Tests/Services/FileValidationServiceTests.cs(187,0): at Enterprise.Shared.Storage.Tests.Services.DosyaValidasyonServisTestleri.ValidateAsync_GecersizKarakterler_HataVermeliMeli(String dosyaAdi)
[xUnit.net 00:00:00.51]         --- End of stack trace from previous location ---
[xUnit.net 00:00:00.51]       Expected sonuc.IsValid to be False, but found True.
[xUnit.net 00:00:00.51]       Stack Trace:
[xUnit.net 00:00:00.51]            at FluentAssertions.Execution.XUnit2TestFramework.Throw(String message)
[xUnit.net 00:00:00.51]            at FluentAssertions.Execution.TestFrameworkProvider.Throw(String message)
[xUnit.net 00:00:00.51]            at FluentAssertions.Execution.DefaultAssertionStrategy.HandleFailure(String message)
[xUnit.net 00:00:00.51]            at FluentAssertions.Execution.AssertionScope.FailWith(Func`1 failReasonFunc)
[xUnit.net 00:00:00.51]            at FluentAssertions.Execution.AssertionScope.FailWith(Func`1 failReasonFunc)
[xUnit.net 00:00:00.51]            at FluentAssertions.Execution.AssertionScope.FailWith(String message, Object[] args)
[xUnit.net 00:00:00.51]            at FluentAssertions.Primitives.BooleanAssertions`1.BeFalse(String because, Object[] becauseArgs)
[xUnit.net 00:00:00.51]         /home/onur/Desktop/PlatformV1/src/Shared/Enterprise.Shared.Storage.Tests/Services/FileValidationServiceTests.cs(187,0): at Enterprise.Shared.Storage.Tests.Services.DosyaValidasyonServisTestleri.ValidateAsync_GecersizKarakterler_HataVermeliMeli(String dosyaAdi)
[xUnit.net 00:00:00.51]         --- End of stack trace from previous location ---
[xUnit.net 00:00:02.22]   Finished:    Enterprise.Shared.Storage.Tests
</StdOut>
    </Output>
    <RunInfos>
      <RunInfo computerName="onur-TULPAR-T7-V20-5" outcome="Error" timestamp="2025-09-12T15:29:55.8230756+03:00">
        <Text>[xUnit.net 00:00:00.45]     Enterprise.Shared.Storage.Tests.Extensions.ServiceCollectionExtensionsTests.AddImageProcessing_KonfigurasyonAction_ResimServisiEklenmeli [FAIL]</Text>
      </RunInfo>
      <RunInfo computerName="onur-TULPAR-T7-V20-5" outcome="Error" timestamp="2025-09-12T15:29:55.8232868+03:00">
        <Text>[xUnit.net 00:00:00.45]     Enterprise.Shared.Storage.Tests.Extensions.ServiceCollectionExtensionsTests.AddMockVirusScanner_MockServisEklenmeli [FAIL]</Text>
      </RunInfo>
      <RunInfo computerName="onur-TULPAR-T7-V20-5" outcome="Error" timestamp="2025-09-12T15:29:55.8572223+03:00">
        <Text>[xUnit.net 00:00:00.51]     Enterprise.Shared.Storage.Tests.Services.DosyaValidasyonServisTestleri.ValidateAsync_GeçersizDosyaAdi_HataVermeliMeli(dosyaAdi: "   ") [FAIL]</Text>
      </RunInfo>
      <RunInfo computerName="onur-TULPAR-T7-V20-5" outcome="Error" timestamp="2025-09-12T15:29:55.8606009+03:00">
        <Text>[xUnit.net 00:00:00.51]     Enterprise.Shared.Storage.Tests.Services.DosyaValidasyonServisTestleri.ValidateAsync_GeçersizDosyaAdi_HataVermeliMeli(dosyaAdi: null) [FAIL]</Text>
      </RunInfo>
      <RunInfo computerName="onur-TULPAR-T7-V20-5" outcome="Error" timestamp="2025-09-12T15:29:55.8621311+03:00">
        <Text>[xUnit.net 00:00:00.51]     Enterprise.Shared.Storage.Tests.Services.DosyaValidasyonServisTestleri.ValidateAsync_GecersizKarakterler_HataVermeliMeli(dosyaAdi: "test?file.txt") [FAIL]</Text>
      </RunInfo>
      <RunInfo computerName="onur-TULPAR-T7-V20-5" outcome="Error" timestamp="2025-09-12T15:29:55.8629312+03:00">
        <Text>[xUnit.net 00:00:00.51]     Enterprise.Shared.Storage.Tests.Services.DosyaValidasyonServisTestleri.ValidateAsync_GecersizKarakterler_HataVermeliMeli(dosyaAdi: "test|file.txt") [FAIL]</Text>
      </RunInfo>
      <RunInfo computerName="onur-TULPAR-T7-V20-5" outcome="Error" timestamp="2025-09-12T15:29:55.8636459+03:00">
        <Text>[xUnit.net 00:00:00.51]     Enterprise.Shared.Storage.Tests.Services.DosyaValidasyonServisTestleri.ValidateAsync_GecersizKarakterler_HataVermeliMeli(dosyaAdi: "test&lt;file&gt;.txt") [FAIL]</Text>
      </RunInfo>
    </RunInfos>
  </ResultSummary>
</TestRun>