<?xml version="1.0" encoding="utf-8"?>
<TestRun id="2557c1d2-e4b4-47b1-a1f0-c7a31c8f07ba" name="@onur-TULPAR-T7-V20-5 2025-09-12 15:32:34" xmlns="http://microsoft.com/schemas/VisualStudio/TeamTest/2010">
  <Times creation="2025-09-12T15:32:34.8275730+03:00" queuing="2025-09-12T15:32:34.8275730+03:00" start="2025-09-12T15:32:34.1150399+03:00" finish="2025-09-12T15:32:36.4471596+03:00" />
  <TestSettings name="default" id="14384b08-b7d1-4d66-a72a-ca5814f74acb">
    <Deployment runDeploymentRoot="_onur-TULPAR-T7-V20-5_2025-09-12_15_32_34" />
  </TestSettings>
  <Results>
    <UnitTestResult executionId="94f37d3c-f868-4514-8f43-e8447f32d124" testId="25e2a728-abcd-630a-d595-081c7325d260" testName="Enterprise.Shared.Storage.Tests.Models.StorageModelsTests.DepolamaAyarlari_ConfigSection_DogruSectionAdiniDondurmeli" computerName="onur-TULPAR-T7-V20-5" duration="00:00:00.0001739" startTime="2025-09-12T15:32:34.7962629+03:00" endTime="2025-09-12T15:32:34.7962629+03:00" testType="13cdc9d9-ddb5-4fa4-a97d-d965ccfc6d4b" outcome="Passed" testListId="8c84fa94-04c1-424b-9868-57a2d4851a1d" relativeResultsDirectory="94f37d3c-f868-4514-8f43-e8447f32d124" />
    <UnitTestResult executionId="0caea802-5409-41e0-8b10-e475c18ccec8" testId="5c451b10-6d89-dedd-df26-8d95496c7669" testName="Enterprise.Shared.Storage.Tests.Services.ResimIslemeServisTestleri.ResimIsleAsync_BozukResim_HataFirlatmali" computerName="onur-TULPAR-T7-V20-5" duration="00:00:00.0033721" startTime="2025-09-12T15:32:36.3803483+03:00" endTime="2025-09-12T15:32:36.3803483+03:00" testType="13cdc9d9-ddb5-4fa4-a97d-d965ccfc6d4b" outcome="Passed" testListId="8c84fa94-04c1-424b-9868-57a2d4851a1d" relativeResultsDirectory="0caea802-5409-41e0-8b10-e475c18ccec8" />
    <UnitTestResult executionId="61b2dc9c-bbb3-47e5-aa94-a111db6cc08a" testId="6725ca6e-2db4-d52b-666e-c5c0c5700fbf" testName="Enterprise.Shared.Storage.Tests.Models.StorageModelsTests.ValidationResult_Success_BasariliSonucOlusturmali" computerName="onur-TULPAR-T7-V20-5" duration="00:00:00.0008568" startTime="2025-09-12T15:32:34.7962318+03:00" endTime="2025-09-12T15:32:34.7962318+03:00" testType="13cdc9d9-ddb5-4fa4-a97d-d965ccfc6d4b" outcome="Passed" testListId="8c84fa94-04c1-424b-9868-57a2d4851a1d" relativeResultsDirectory="61b2dc9c-bbb3-47e5-aa94-a111db6cc08a" />
    <UnitTestResult executionId="a8e1aa02-eb49-4948-8fee-7bc8a3bd865d" testId="1cd0370b-9adf-338b-b1eb-b461a43afc4c" testName="Enterprise.Shared.Storage.Tests.Services.DosyaValidasyonServisTestleri.ValidateAsync_GeçersizDosyaAdi_HataVermeliMeli(dosyaAdi: &quot;&quot;)" computerName="onur-TULPAR-T7-V20-5" duration="00:00:00.0005479" startTime="2025-09-12T15:32:34.8067736+03:00" endTime="2025-09-12T15:32:34.8067737+03:00" testType="13cdc9d9-ddb5-4fa4-a97d-d965ccfc6d4b" outcome="Passed" testListId="8c84fa94-04c1-424b-9868-57a2d4851a1d" relativeResultsDirectory="a8e1aa02-eb49-4948-8fee-7bc8a3bd865d" />
    <UnitTestResult executionId="53e5ae3e-87c2-476f-a509-5c77461480ed" testId="f8ea8402-12b5-9b66-aba4-1b9181b3d22f" testName="Enterprise.Shared.Storage.Tests.Services.ResimIslemeServisTestleri.ResimDosyasiMi_FarkliIcerikTurleri_DogruSonucVermeli(icerikTuru: &quot;image/gif&quot;, beklenenSonuc: True)" computerName="onur-TULPAR-T7-V20-5" duration="00:00:00.0001217" startTime="2025-09-12T15:32:34.8009249+03:00" endTime="2025-09-12T15:32:34.8009249+03:00" testType="13cdc9d9-ddb5-4fa4-a97d-d965ccfc6d4b" outcome="Passed" testListId="8c84fa94-04c1-424b-9868-57a2d4851a1d" relativeResultsDirectory="53e5ae3e-87c2-476f-a509-5c77461480ed" />
    <UnitTestResult executionId="74c527a8-4e87-4267-9128-dd4c62def22c" testId="14f66f59-ce3c-9807-2426-71130979e6d4" testName="Enterprise.Shared.Storage.Tests.Services.VirusTarayiciServisTestleri.TaraAsync_FarkliDosyaBoyutlari_UygunSonucVermeli(dosyaBoyutu: 0)" computerName="onur-TULPAR-T7-V20-5" duration="00:00:00.0005494" startTime="2025-09-12T15:32:34.8046618+03:00" endTime="2025-09-12T15:32:34.8046618+03:00" testType="13cdc9d9-ddb5-4fa4-a97d-d965ccfc6d4b" outcome="Passed" testListId="8c84fa94-04c1-424b-9868-57a2d4851a1d" relativeResultsDirectory="74c527a8-4e87-4267-9128-dd4c62def22c" />
    <UnitTestResult executionId="6cf85599-ab67-45c2-9d07-f04e645ce2d8" testId="1c33ab4a-bd84-adef-0a00-ad253a33a66f" testName="Enterprise.Shared.Storage.Tests.Services.VirusTarayiciServisTestleri.TaraAsync_FarkliDosyaBoyutlari_UygunSonucVermeli(dosyaBoyutu: 50000)" computerName="onur-TULPAR-T7-V20-5" duration="00:00:00.0000776" startTime="2025-09-12T15:32:34.8048112+03:00" endTime="2025-09-12T15:32:34.8048112+03:00" testType="13cdc9d9-ddb5-4fa4-a97d-d965ccfc6d4b" outcome="Passed" testListId="8c84fa94-04c1-424b-9868-57a2d4851a1d" relativeResultsDirectory="6cf85599-ab67-45c2-9d07-f04e645ce2d8" />
    <UnitTestResult executionId="e5da9f49-e54b-41c0-a41c-aaa73d907a36" testId="5522037e-e5a0-021b-d0b7-c7d234eb0f03" testName="Enterprise.Shared.Storage.Tests.Services.ResimIslemeServisTestleri.ResimDosyasiMi_FarkliIcerikTurleri_DogruSonucVermeli(icerikTuru: &quot;image/jpeg&quot;, beklenenSonuc: True)" computerName="onur-TULPAR-T7-V20-5" duration="00:00:00.0474873" startTime="2025-09-12T15:32:34.8000749+03:00" endTime="2025-09-12T15:32:34.8000749+03:00" testType="13cdc9d9-ddb5-4fa4-a97d-d965ccfc6d4b" outcome="Passed" testListId="8c84fa94-04c1-424b-9868-57a2d4851a1d" relativeResultsDirectory="e5da9f49-e54b-41c0-a41c-aaa73d907a36" />
    <UnitTestResult executionId="2fd8522d-1cf1-477b-a608-3bf1779d280e" testId="a60dd689-bb3d-0403-fed6-74ea9caff3d2" testName="Enterprise.Shared.Storage.Tests.Services.ResimIslemeServisTestleri.DesteklenenFormatlar_ListelenmisFormatlar_DogruFormatlariIcermeliMeli" computerName="onur-TULPAR-T7-V20-5" duration="00:00:00.0012339" startTime="2025-09-12T15:32:34.8026909+03:00" endTime="2025-09-12T15:32:34.8026910+03:00" testType="13cdc9d9-ddb5-4fa4-a97d-d965ccfc6d4b" outcome="Passed" testListId="8c84fa94-04c1-424b-9868-57a2d4851a1d" relativeResultsDirectory="2fd8522d-1cf1-477b-a608-3bf1779d280e" />
    <UnitTestResult executionId="63f50b04-f27d-4cd3-be14-3d4dc7162d65" testId="01e9ce06-687f-1328-629f-877fb3d6b1de" testName="Enterprise.Shared.Storage.Tests.Models.StorageModelsTests.ResimIslemeSecenekleri_DefaultValues_VarsayilanDegerereSahipOlmali" computerName="onur-TULPAR-T7-V20-5" duration="00:00:00.0035092" startTime="2025-09-12T15:32:34.7980111+03:00" endTime="2025-09-12T15:32:34.7980111+03:00" testType="13cdc9d9-ddb5-4fa4-a97d-d965ccfc6d4b" outcome="Passed" testListId="8c84fa94-04c1-424b-9868-57a2d4851a1d" relativeResultsDirectory="63f50b04-f27d-4cd3-be14-3d4dc7162d65" />
    <UnitTestResult executionId="5f71a3e3-37e6-405e-a0f1-8ac6994b1543" testId="36bf94e8-b2fb-7995-11dd-0edf10cf9046" testName="Enterprise.Shared.Storage.Tests.Models.StorageModelsTests.GuvenlikAyarlari_BosAllowedExtensions_ValidasyonHatasiVermeli(extension: null)" computerName="onur-TULPAR-T7-V20-5" duration="00:00:00.0011486" startTime="2025-09-12T15:32:34.7975034+03:00" endTime="2025-09-12T15:32:34.7975034+03:00" testType="13cdc9d9-ddb5-4fa4-a97d-d965ccfc6d4b" outcome="Passed" testListId="8c84fa94-04c1-424b-9868-57a2d4851a1d" relativeResultsDirectory="5f71a3e3-37e6-405e-a0f1-8ac6994b1543" />
    <UnitTestResult executionId="cf5b475f-473d-40fe-9f39-8b0fa55d4722" testId="7288a54e-575a-a093-4ab8-963830294c29" testName="Enterprise.Shared.Storage.Tests.Services.ResimIslemeServisTestleri.ResimIsleAsync_BuyukResim_KucukResimlerleIslenmisResimDondururMeli" computerName="onur-TULPAR-T7-V20-5" duration="00:00:01.3131466" startTime="2025-09-12T15:32:36.1161139+03:00" endTime="2025-09-12T15:32:36.1161140+03:00" testType="13cdc9d9-ddb5-4fa4-a97d-d965ccfc6d4b" outcome="Passed" testListId="8c84fa94-04c1-424b-9868-57a2d4851a1d" relativeResultsDirectory="cf5b475f-473d-40fe-9f39-8b0fa55d4722" />
    <UnitTestResult executionId="381a66a8-7174-45d8-9109-6b86478d2ca3" testId="aa616321-cac9-b063-562c-1b535b053cef" testName="Enterprise.Shared.Storage.Tests.Services.VirusTarayiciServisTestleri.TaraAsync_KucukDosya_TemizSonucuVermeli" computerName="onur-TULPAR-T7-V20-5" duration="00:00:00.0009730" startTime="2025-09-12T15:32:34.8106754+03:00" endTime="2025-09-12T15:32:34.8106754+03:00" testType="13cdc9d9-ddb5-4fa4-a97d-d965ccfc6d4b" outcome="Passed" testListId="8c84fa94-04c1-424b-9868-57a2d4851a1d" relativeResultsDirectory="381a66a8-7174-45d8-9109-6b86478d2ca3" />
    <UnitTestResult executionId="ec3858b4-5626-4cd3-9935-06ff396d6dee" testId="d2c34e9e-d124-d5ac-2582-481d1b778665" testName="Enterprise.Shared.Storage.Tests.Extensions.ServiceCollectionExtensionsTests.AddEnterpriseStorage_VarsayilanAyarlar_DefaultDegerlerleServislerEklenmeli" computerName="onur-TULPAR-T7-V20-5" duration="00:00:00.0003552" startTime="2025-09-12T15:32:34.7984275+03:00" endTime="2025-09-12T15:32:34.7984275+03:00" testType="13cdc9d9-ddb5-4fa4-a97d-d965ccfc6d4b" outcome="Passed" testListId="8c84fa94-04c1-424b-9868-57a2d4851a1d" relativeResultsDirectory="ec3858b4-5626-4cd3-9935-06ff396d6dee" />
    <UnitTestResult executionId="fcb5d319-0209-4552-aede-a711e69dedd2" testId="52a39535-f531-efc2-9989-54e8da844dd6" testName="Enterprise.Shared.Storage.Tests.Models.StorageModelsTests.DosyaYuklemeIstegi_ExitFields_ValidationFailed(eksikAlan: &quot;DosyaStream&quot;)" computerName="onur-TULPAR-T7-V20-5" duration="00:00:00.0003721" startTime="2025-09-12T15:32:34.7702008+03:00" endTime="2025-09-12T15:32:34.7702008+03:00" testType="13cdc9d9-ddb5-4fa4-a97d-d965ccfc6d4b" outcome="Passed" testListId="8c84fa94-04c1-424b-9868-57a2d4851a1d" relativeResultsDirectory="fcb5d319-0209-4552-aede-a711e69dedd2" />
    <UnitTestResult executionId="3aeec210-eb85-40ac-aa2b-cc0938e930d7" testId="f711a204-d998-0916-98b3-93660763166b" testName="Enterprise.Shared.Storage.Tests.Services.VirusTarayiciServisTestleri.SaglikliMiAsync_MockServis_HepSaglikliDondurmeli" computerName="onur-TULPAR-T7-V20-5" duration="00:00:00.0008205" startTime="2025-09-12T15:32:34.8088414+03:00" endTime="2025-09-12T15:32:34.8088415+03:00" testType="13cdc9d9-ddb5-4fa4-a97d-d965ccfc6d4b" outcome="Passed" testListId="8c84fa94-04c1-424b-9868-57a2d4851a1d" relativeResultsDirectory="3aeec210-eb85-40ac-aa2b-cc0938e930d7" />
    <UnitTestResult executionId="b29350c7-d444-464e-9072-20700fb24500" testId="c8a7a4b8-68dc-6d4c-01fc-9f5efada5ae5" testName="Enterprise.Shared.Storage.Tests.Extensions.ServiceCollectionExtensionsTests.GetStorageSettings_GecerliKonfigürasyon_AyarlariDondururMeli" computerName="onur-TULPAR-T7-V20-5" duration="00:00:00.0020827" startTime="2025-09-12T15:32:34.8112407+03:00" endTime="2025-09-12T15:32:34.8112407+03:00" testType="13cdc9d9-ddb5-4fa4-a97d-d965ccfc6d4b" outcome="Passed" testListId="8c84fa94-04c1-424b-9868-57a2d4851a1d" relativeResultsDirectory="b29350c7-d444-464e-9072-20700fb24500" />
    <UnitTestResult executionId="a13522b6-b957-43b8-a230-0dec742385d3" testId="fa73ac31-f989-94e7-97d6-5698892d9422" testName="Enterprise.Shared.Storage.Tests.Models.StorageModelsTests.YedekBilgisi_DefaultConstructor_PropertilerBaslatilmali" computerName="onur-TULPAR-T7-V20-5" duration="00:00:00.0071373" startTime="2025-09-12T15:32:34.7648706+03:00" endTime="2025-09-12T15:32:34.7649082+03:00" testType="13cdc9d9-ddb5-4fa4-a97d-d965ccfc6d4b" outcome="Passed" testListId="8c84fa94-04c1-424b-9868-57a2d4851a1d" relativeResultsDirectory="a13522b6-b957-43b8-a230-0dec742385d3" />
    <UnitTestResult executionId="28d742c3-e84d-461a-898c-e80663df4e73" testId="4c92c0a2-9077-a097-915f-460bf7eda0c3" testName="Enterprise.Shared.Storage.Tests.Models.StorageModelsTests.GuvenlikAyarlari_BosAllowedExtensions_ValidasyonHatasiVermeli(extension: &quot;&quot;)" computerName="onur-TULPAR-T7-V20-5" duration="00:00:00.0000173" startTime="2025-09-12T15:32:34.7975567+03:00" endTime="2025-09-12T15:32:34.7975567+03:00" testType="13cdc9d9-ddb5-4fa4-a97d-d965ccfc6d4b" outcome="Passed" testListId="8c84fa94-04c1-424b-9868-57a2d4851a1d" relativeResultsDirectory="28d742c3-e84d-461a-898c-e80663df4e73" />
    <UnitTestResult executionId="0c4ca20b-c24d-49ba-8a61-15e944523c01" testId="e03b5bdd-230d-53c3-fbcb-79212c2eceea" testName="Enterprise.Shared.Storage.Tests.Services.VirusTarayiciServisTestleri.TemizMiAsync_HerDosya_TrueDondurmeli" computerName="onur-TULPAR-T7-V20-5" duration="00:00:00.0007375" startTime="2025-09-12T15:32:34.8096235+03:00" endTime="2025-09-12T15:32:34.8096235+03:00" testType="13cdc9d9-ddb5-4fa4-a97d-d965ccfc6d4b" outcome="Passed" testListId="8c84fa94-04c1-424b-9868-57a2d4851a1d" relativeResultsDirectory="0c4ca20b-c24d-49ba-8a61-15e944523c01" />
    <UnitTestResult executionId="0d5ab641-be9e-4ad6-ab22-2a54f8e493de" testId="a841b8c6-52fb-8406-beef-ffef5bf7c9f1" testName="Enterprise.Shared.Storage.Tests.Models.StorageModelsTests.YedekTipi_GecerliDegerler_EnumDegerleriTanimliOlmali(tip: TamYedek)" computerName="onur-TULPAR-T7-V20-5" duration="00:00:00.0000058" startTime="2025-09-12T15:32:34.7976247+03:00" endTime="2025-09-12T15:32:34.7976247+03:00" testType="13cdc9d9-ddb5-4fa4-a97d-d965ccfc6d4b" outcome="Passed" testListId="8c84fa94-04c1-424b-9868-57a2d4851a1d" relativeResultsDirectory="0d5ab641-be9e-4ad6-ab22-2a54f8e493de" />
    <UnitTestResult executionId="72590510-a5f7-466f-be2b-62a84910ad72" testId="e41f65a5-124b-abc8-1f30-3ea05e547824" testName="Enterprise.Shared.Storage.Tests.Services.VirusTarayiciServisTestleri.TaraAsync_CancellationToken_IptalEdildigindeOperationCanceledFirlatmali" computerName="onur-TULPAR-T7-V20-5" duration="00:00:00.0030186" startTime="2025-09-12T15:32:34.8079379+03:00" endTime="2025-09-12T15:32:34.8079379+03:00" testType="13cdc9d9-ddb5-4fa4-a97d-d965ccfc6d4b" outcome="Passed" testListId="8c84fa94-04c1-424b-9868-57a2d4851a1d" relativeResultsDirectory="72590510-a5f7-466f-be2b-62a84910ad72" />
    <UnitTestResult executionId="037505d1-5b66-4576-9653-6c7e643966f5" testId="51579947-a00a-89fd-8c29-c2c7b7c4f814" testName="Enterprise.Shared.Storage.Tests.Services.ClamAVTarayiciServisTestleri.Constructor_NullHttpClient_ArgumentNullExceptionFirlatmali" computerName="onur-TULPAR-T7-V20-5" duration="00:00:00.0037218" startTime="2025-09-12T15:32:34.7985281+03:00" endTime="2025-09-12T15:32:34.7985281+03:00" testType="13cdc9d9-ddb5-4fa4-a97d-d965ccfc6d4b" outcome="Passed" testListId="8c84fa94-04c1-424b-9868-57a2d4851a1d" relativeResultsDirectory="037505d1-5b66-4576-9653-6c7e643966f5" />
    <UnitTestResult executionId="c4fd1fe4-ec30-4906-a1d3-85d10ebe43f8" testId="be82b51c-3be8-bcc0-0e3f-6e24abe28fed" testName="Enterprise.Shared.Storage.Tests.Models.StorageModelsTests.GuvenlikAyarlari_BosAllowedExtensions_ValidasyonHatasiVermeli(extension: &quot;   &quot;)" computerName="onur-TULPAR-T7-V20-5" duration="00:00:00.0003610" startTime="2025-09-12T15:32:34.7975335+03:00" endTime="2025-09-12T15:32:34.7975335+03:00" testType="13cdc9d9-ddb5-4fa4-a97d-d965ccfc6d4b" outcome="Passed" testListId="8c84fa94-04c1-424b-9868-57a2d4851a1d" relativeResultsDirectory="c4fd1fe4-ec30-4906-a1d3-85d10ebe43f8" />
    <UnitTestResult executionId="170f1167-9634-4194-affb-671deefa3277" testId="f7194480-9399-0052-3b84-846249066dbf" testName="Enterprise.Shared.Storage.Tests.Models.StorageModelsTests.ValidationResult_Failure_HataileFailureSonucuOlusturmali" computerName="onur-TULPAR-T7-V20-5" duration="00:00:00.0002509" startTime="2025-09-12T15:32:34.7976522+03:00" endTime="2025-09-12T15:32:34.7976522+03:00" testType="13cdc9d9-ddb5-4fa4-a97d-d965ccfc6d4b" outcome="Passed" testListId="8c84fa94-04c1-424b-9868-57a2d4851a1d" relativeResultsDirectory="170f1167-9634-4194-affb-671deefa3277" />
    <UnitTestResult executionId="2d9fd6d8-0806-4213-a44a-65481fcef9ac" testId="a09e1861-d612-ccea-38e2-f226c6a5598f" testName="Enterprise.Shared.Storage.Tests.Services.DosyaValidasyonServisTestleri.DosyaUzantisiGecerliMi_YasakliUzanti_FalseDondurmeli" computerName="onur-TULPAR-T7-V20-5" duration="00:00:00.0003539" startTime="2025-09-12T15:32:34.8074389+03:00" endTime="2025-09-12T15:32:34.8074389+03:00" testType="13cdc9d9-ddb5-4fa4-a97d-d965ccfc6d4b" outcome="Passed" testListId="8c84fa94-04c1-424b-9868-57a2d4851a1d" relativeResultsDirectory="2d9fd6d8-0806-4213-a44a-65481fcef9ac" />
    <UnitTestResult executionId="f5bc4baa-867d-4433-9d74-565ba2477e41" testId="ac0bc820-4f76-beb5-ec12-ae63c751fbef" testName="Enterprise.Shared.Storage.Tests.Services.ResimIslemeServisTestleri.KucukResimOlusturAsync_GecerliResim_KucukResimDondururMeli" computerName="onur-TULPAR-T7-V20-5" duration="00:00:00.0429816" startTime="2025-09-12T15:32:36.3768966+03:00" endTime="2025-09-12T15:32:36.3768966+03:00" testType="13cdc9d9-ddb5-4fa4-a97d-d965ccfc6d4b" outcome="Passed" testListId="8c84fa94-04c1-424b-9868-57a2d4851a1d" relativeResultsDirectory="f5bc4baa-867d-4433-9d74-565ba2477e41" />
    <UnitTestResult executionId="ea654bee-4750-44ec-8788-eb49571364ab" testId="3da88a3e-b6f5-d800-66e5-348fb3505fed" testName="Enterprise.Shared.Storage.Tests.Models.StorageModelsTests.ValidationResult_AddWarning_WarningEklenmeli" computerName="onur-TULPAR-T7-V20-5" duration="00:00:00.0003134" startTime="2025-09-12T15:32:34.7962048+03:00" endTime="2025-09-12T15:32:34.7962048+03:00" testType="13cdc9d9-ddb5-4fa4-a97d-d965ccfc6d4b" outcome="Passed" testListId="8c84fa94-04c1-424b-9868-57a2d4851a1d" relativeResultsDirectory="ea654bee-4750-44ec-8788-eb49571364ab" />
    <UnitTestResult executionId="f9e778cd-6423-451b-85b2-5fb73277fdea" testId="bf57b459-8be1-2213-c2f2-d0d3bb54333c" testName="Enterprise.Shared.Storage.Tests.Services.DosyaValidasyonServisTestleri.ValidateAsync_GeçersizDosyaAdi_HataVermeliMeli(dosyaAdi: &quot;   &quot;)" computerName="onur-TULPAR-T7-V20-5" duration="00:00:00.0535641" startTime="2025-09-12T15:32:34.8061412+03:00" endTime="2025-09-12T15:32:34.8061412+03:00" testType="13cdc9d9-ddb5-4fa4-a97d-d965ccfc6d4b" outcome="Passed" testListId="8c84fa94-04c1-424b-9868-57a2d4851a1d" relativeResultsDirectory="f9e778cd-6423-451b-85b2-5fb73277fdea" />
    <UnitTestResult executionId="116f0569-fcea-4dd6-b827-3feaaec21b2e" testId="9ff69c44-faa5-e60c-d71c-2cfcdff220ca" testName="Enterprise.Shared.Storage.Tests.Services.ResimIslemeServisTestleri.ResimDosyasiMi_FarkliIcerikTurleri_DogruSonucVermeli(icerikTuru: &quot;image/webp&quot;, beklenenSonuc: True)" computerName="onur-TULPAR-T7-V20-5" duration="00:00:00.0005720" startTime="2025-09-12T15:32:34.8007353+03:00" endTime="2025-09-12T15:32:34.8007354+03:00" testType="13cdc9d9-ddb5-4fa4-a97d-d965ccfc6d4b" outcome="Passed" testListId="8c84fa94-04c1-424b-9868-57a2d4851a1d" relativeResultsDirectory="116f0569-fcea-4dd6-b827-3feaaec21b2e" />
    <UnitTestResult executionId="d39dcc68-fd1d-4479-bbb3-9d06d6397105" testId="0e876ae0-e77c-4ca7-7879-98cd54300afa" testName="Enterprise.Shared.Storage.Tests.Models.StorageModelsTests.DosyaBilgisi_TamYolProperty_BucketveNesneAdiniIcermeli" computerName="onur-TULPAR-T7-V20-5" duration="00:00:00.0005601" startTime="2025-09-12T15:32:34.7961220+03:00" endTime="2025-09-12T15:32:34.7961220+03:00" testType="13cdc9d9-ddb5-4fa4-a97d-d965ccfc6d4b" outcome="Passed" testListId="8c84fa94-04c1-424b-9868-57a2d4851a1d" relativeResultsDirectory="d39dcc68-fd1d-4479-bbb3-9d06d6397105" />
    <UnitTestResult executionId="0efb19be-5298-4a5c-b2e1-291868ce957c" testId="7b36674a-6731-09c1-bb69-026aa2292060" testName="Enterprise.Shared.Storage.Tests.Services.VirusTarayiciServisTestleri.SonGuncellemeTarihiAsync_MockServis_BugununTarihiniDondurmeli" computerName="onur-TULPAR-T7-V20-5" duration="00:00:00.0055386" startTime="2025-09-12T15:32:34.8186250+03:00" endTime="2025-09-12T15:32:34.8186251+03:00" testType="13cdc9d9-ddb5-4fa4-a97d-d965ccfc6d4b" outcome="Passed" testListId="8c84fa94-04c1-424b-9868-57a2d4851a1d" relativeResultsDirectory="0efb19be-5298-4a5c-b2e1-291868ce957c" />
    <UnitTestResult executionId="07969d86-9627-4960-afdb-3b6e28599f8d" testId="7950db2f-ae36-eb6b-1adb-1b59e02a39cd" testName="Enterprise.Shared.Storage.Tests.Services.DosyaValidasyonServisTestleri.ValidateAsync_GecersizKarakterler_HataVermeliMeli(dosyaAdi: &quot;test\0file.txt&quot;)" computerName="onur-TULPAR-T7-V20-5" duration="00:00:00.0020389" startTime="2025-09-12T15:32:34.8128659+03:00" endTime="2025-09-12T15:32:34.8128660+03:00" testType="13cdc9d9-ddb5-4fa4-a97d-d965ccfc6d4b" outcome="Passed" testListId="8c84fa94-04c1-424b-9868-57a2d4851a1d" relativeResultsDirectory="07969d86-9627-4960-afdb-3b6e28599f8d" />
    <UnitTestResult executionId="a38c048f-c73e-4319-8cb3-3b52dfa366d9" testId="8f242e89-bf70-67a6-4013-7e1bcb746ba1" testName="Enterprise.Shared.Storage.Tests.Services.DosyaValidasyonServisTestleri.DosyaUzantisiGecerliMi_GecerliUzanti_TrueDondurmeli" computerName="onur-TULPAR-T7-V20-5" duration="00:00:00.0002073" startTime="2025-09-12T15:32:34.8103846+03:00" endTime="2025-09-12T15:32:34.8103846+03:00" testType="13cdc9d9-ddb5-4fa4-a97d-d965ccfc6d4b" outcome="Passed" testListId="8c84fa94-04c1-424b-9868-57a2d4851a1d" relativeResultsDirectory="a38c048f-c73e-4319-8cb3-3b52dfa366d9" />
    <UnitTestResult executionId="aabca9b5-ce2d-4167-aa58-030b549a96d3" testId="c785965f-54f5-0958-d1b3-031adc08431b" testName="Enterprise.Shared.Storage.Tests.Extensions.DepolamaServisiFactoryTests.CreateStorageService_NullProvider_DefaultServiceDondurmeli" computerName="onur-TULPAR-T7-V20-5" duration="00:00:00.0004003" startTime="2025-09-12T15:32:34.7985093+03:00" endTime="2025-09-12T15:32:34.7985094+03:00" testType="13cdc9d9-ddb5-4fa4-a97d-d965ccfc6d4b" outcome="Passed" testListId="8c84fa94-04c1-424b-9868-57a2d4851a1d" relativeResultsDirectory="aabca9b5-ce2d-4167-aa58-030b549a96d3" />
    <UnitTestResult executionId="391cfa82-75f0-482a-80ce-8c60e5b9ebca" testId="00d1ae19-1e33-a988-217e-102646f74288" testName="Enterprise.Shared.Storage.Tests.Services.ResimIslemeServisTestleri.ResimFormatiniDegistirAsync_JpegdenWebp_WebpDondururMeli" computerName="onur-TULPAR-T7-V20-5" duration="00:00:00.0411005" startTime="2025-09-12T15:32:36.3338270+03:00" endTime="2025-09-12T15:32:36.3338271+03:00" testType="13cdc9d9-ddb5-4fa4-a97d-d965ccfc6d4b" outcome="Passed" testListId="8c84fa94-04c1-424b-9868-57a2d4851a1d" relativeResultsDirectory="391cfa82-75f0-482a-80ce-8c60e5b9ebca" />
    <UnitTestResult executionId="7a590bb5-e440-4775-90b9-34bd937fb5da" testId="9507dc98-5599-be8a-b135-ace9c72db944" testName="Enterprise.Shared.Storage.Tests.Models.StorageModelsTests.VirusTaramaSonucu_TemizDosya_DogruPropertilerleOlusturmali" computerName="onur-TULPAR-T7-V20-5" duration="00:00:00.0007423" startTime="2025-09-12T15:32:34.7976772+03:00" endTime="2025-09-12T15:32:34.7976772+03:00" testType="13cdc9d9-ddb5-4fa4-a97d-d965ccfc6d4b" outcome="Passed" testListId="8c84fa94-04c1-424b-9868-57a2d4851a1d" relativeResultsDirectory="7a590bb5-e440-4775-90b9-34bd937fb5da" />
    <UnitTestResult executionId="7a566c06-3b4a-4120-97ae-7c51bb7b9214" testId="81e8f42e-2b74-f5ee-0e5a-f94f93713110" testName="Enterprise.Shared.Storage.Tests.Services.DosyaValidasyonServisTestleri.DosyaImzasiGecerliMiAsync_GecerliJpegImza_TrueDondurmeli" computerName="onur-TULPAR-T7-V20-5" duration="00:00:00.0005888" startTime="2025-09-12T15:32:34.8184467+03:00" endTime="2025-09-12T15:32:34.8184468+03:00" testType="13cdc9d9-ddb5-4fa4-a97d-d965ccfc6d4b" outcome="Passed" testListId="8c84fa94-04c1-424b-9868-57a2d4851a1d" relativeResultsDirectory="7a566c06-3b4a-4120-97ae-7c51bb7b9214" />
    <UnitTestResult executionId="5fbb8c72-30cd-43c5-8f26-9b11100d7806" testId="272b23ff-f63d-4eb8-3096-16de66a4efef" testName="Enterprise.Shared.Storage.Tests.Models.StorageModelsTests.YedekTipi_GecerliDegerler_EnumDegerleriTanimliOlmali(tip: DifferansiyalYedek)" computerName="onur-TULPAR-T7-V20-5" duration="00:00:00.0003149" startTime="2025-09-12T15:32:34.7975822+03:00" endTime="2025-09-12T15:32:34.7975822+03:00" testType="13cdc9d9-ddb5-4fa4-a97d-d965ccfc6d4b" outcome="Passed" testListId="8c84fa94-04c1-424b-9868-57a2d4851a1d" relativeResultsDirectory="5fbb8c72-30cd-43c5-8f26-9b11100d7806" />
    <UnitTestResult executionId="94565f49-a6ff-45e5-9961-79d9b5c61ebd" testId="e7892a4f-a7f9-4559-9176-4da4301dff02" testName="Enterprise.Shared.Storage.Tests.Services.DosyaValidasyonServisTestleri.ValidateAsync_GeçersizDosyaAdi_HataVermeliMeli(dosyaAdi: null)" computerName="onur-TULPAR-T7-V20-5" duration="00:00:00.0002179" startTime="2025-09-12T15:32:34.8069901+03:00" endTime="2025-09-12T15:32:34.8069901+03:00" testType="13cdc9d9-ddb5-4fa4-a97d-d965ccfc6d4b" outcome="Passed" testListId="8c84fa94-04c1-424b-9868-57a2d4851a1d" relativeResultsDirectory="94565f49-a6ff-45e5-9961-79d9b5c61ebd" />
    <UnitTestResult executionId="daa430d6-d163-4150-8b9d-50eb4ddae89b" testId="ecf06a14-ada8-ce31-dbf3-612d3b2c4fdd" testName="Enterprise.Shared.Storage.Tests.Services.DosyaValidasyonServisTestleri.ValidateAsync_GecerliDosya_BasariliSonucDondururMeli" computerName="onur-TULPAR-T7-V20-5" duration="00:00:00.0006133" startTime="2025-09-12T15:32:34.8191016+03:00" endTime="2025-09-12T15:32:34.8191016+03:00" testType="13cdc9d9-ddb5-4fa4-a97d-d965ccfc6d4b" outcome="Passed" testListId="8c84fa94-04c1-424b-9868-57a2d4851a1d" relativeResultsDirectory="daa430d6-d163-4150-8b9d-50eb4ddae89b" />
    <UnitTestResult executionId="e4cefcdb-57db-4198-b888-6dd6c5bd8998" testId="1b49adf1-4016-2333-bfa5-3112e1389a5a" testName="Enterprise.Shared.Storage.Tests.Extensions.DepolamaServisiFactoryTests.CreateBackupService_IYedeklemeServisinerendurmeli" computerName="onur-TULPAR-T7-V20-5" duration="00:00:00.0013300" startTime="2025-09-12T15:32:34.7981641+03:00" endTime="2025-09-12T15:32:34.7981641+03:00" testType="13cdc9d9-ddb5-4fa4-a97d-d965ccfc6d4b" outcome="Passed" testListId="8c84fa94-04c1-424b-9868-57a2d4851a1d" relativeResultsDirectory="e4cefcdb-57db-4198-b888-6dd6c5bd8998" />
    <UnitTestResult executionId="95f908d0-836d-42f4-a766-74c3c39ec755" testId="3e00b09b-68c1-faa6-6b39-9e8efa1da9eb" testName="Enterprise.Shared.Storage.Tests.Services.ResimIslemeServisTestleri.ResimDosyasiMi_FarkliIcerikTurleri_DogruSonucVermeli(icerikTuru: &quot;image/png&quot;, beklenenSonuc: True)" computerName="onur-TULPAR-T7-V20-5" duration="00:00:00.0001002" startTime="2025-09-12T15:32:34.8012384+03:00" endTime="2025-09-12T15:32:34.8012384+03:00" testType="13cdc9d9-ddb5-4fa4-a97d-d965ccfc6d4b" outcome="Passed" testListId="8c84fa94-04c1-424b-9868-57a2d4851a1d" relativeResultsDirectory="95f908d0-836d-42f4-a766-74c3c39ec755" />
    <UnitTestResult executionId="cd8cb9d5-6c76-4686-986a-e7c330224561" testId="975bb357-e96e-64a7-408f-e212511c9c2e" testName="Enterprise.Shared.Storage.Tests.Extensions.ServiceCollectionExtensionsTests.AddClamAVVirusScanner_Ayarlar_VirusServisiveHttpClientEklenmeli" computerName="onur-TULPAR-T7-V20-5" duration="00:00:00.0377124" startTime="2025-09-12T15:32:34.7980747+03:00" endTime="2025-09-12T15:32:34.7980747+03:00" testType="13cdc9d9-ddb5-4fa4-a97d-d965ccfc6d4b" outcome="Passed" testListId="8c84fa94-04c1-424b-9868-57a2d4851a1d" relativeResultsDirectory="cd8cb9d5-6c76-4686-986a-e7c330224561" />
    <UnitTestResult executionId="ef8c7d2a-bfbe-42ff-a567-8c6710560bc8" testId="acfc01fa-94be-4bdb-e207-7fd8de9a95cd" testName="Enterprise.Shared.Storage.Tests.Services.DosyaValidasyonServisTestleri.ValidateAsync_BuyukDosya_HataVermeliMeli" computerName="onur-TULPAR-T7-V20-5" duration="00:00:00.0019552" startTime="2025-09-12T15:32:34.8101694+03:00" endTime="2025-09-12T15:32:34.8101694+03:00" testType="13cdc9d9-ddb5-4fa4-a97d-d965ccfc6d4b" outcome="Passed" testListId="8c84fa94-04c1-424b-9868-57a2d4851a1d" relativeResultsDirectory="ef8c7d2a-bfbe-42ff-a567-8c6710560bc8" />
    <UnitTestResult executionId="964dd4f0-3711-4729-98d1-40008afaece8" testId="5fce9f5b-44f5-4e68-b548-4157a52c2c21" testName="Enterprise.Shared.Storage.Tests.Models.StorageModelsTests.IslenmisResim_StreamProperty_DisposableOlmali" computerName="onur-TULPAR-T7-V20-5" duration="00:00:00.0008927" startTime="2025-09-12T15:32:34.7979845+03:00" endTime="2025-09-12T15:32:34.7979845+03:00" testType="13cdc9d9-ddb5-4fa4-a97d-d965ccfc6d4b" outcome="Passed" testListId="8c84fa94-04c1-424b-9868-57a2d4851a1d" relativeResultsDirectory="964dd4f0-3711-4729-98d1-40008afaece8" />
    <UnitTestResult executionId="7e11a66b-9851-4310-a7a2-4221730be696" testId="ace63b21-b7f0-20d8-5d67-074f4026efd0" testName="Enterprise.Shared.Storage.Tests.Services.ResimIslemeServisTestleri.ResimDosyasiMi_FarkliIcerikTurleri_DogruSonucVermeli(icerikTuru: &quot;text/plain&quot;, beklenenSonuc: False)" computerName="onur-TULPAR-T7-V20-5" duration="00:00:00.0001036" startTime="2025-09-12T15:32:34.8010855+03:00" endTime="2025-09-12T15:32:34.8010856+03:00" testType="13cdc9d9-ddb5-4fa4-a97d-d965ccfc6d4b" outcome="Passed" testListId="8c84fa94-04c1-424b-9868-57a2d4851a1d" relativeResultsDirectory="7e11a66b-9851-4310-a7a2-4221730be696" />
    <UnitTestResult executionId="acf90f5e-5192-4367-9d3d-e624d1111265" testId="6eb99c4a-01bc-c2e9-d8c3-c10f390a5232" testName="Enterprise.Shared.Storage.Tests.Services.ClamAVTarayiciServisTestleri.Constructor_NullOptions_ArgumentNullExceptionFirlatmali" computerName="onur-TULPAR-T7-V20-5" duration="00:00:00.0380155" startTime="2025-09-12T15:32:34.7981152+03:00" endTime="2025-09-12T15:32:34.7981152+03:00" testType="13cdc9d9-ddb5-4fa4-a97d-d965ccfc6d4b" outcome="Passed" testListId="8c84fa94-04c1-424b-9868-57a2d4851a1d" relativeResultsDirectory="acf90f5e-5192-4367-9d3d-e624d1111265" />
    <UnitTestResult executionId="8dabafea-f3a9-4f91-982e-9638c229b699" testId="d5c68c46-c896-a96f-a99c-e12ce7f25031" testName="Enterprise.Shared.Storage.Tests.Models.StorageModelsTests.DosyaYuklemeIstegi_ExitFields_ValidationFailed(eksikAlan: &quot;IcerikTuru&quot;)" computerName="onur-TULPAR-T7-V20-5" duration="00:00:00.0060557" startTime="2025-09-12T15:32:34.7698352+03:00" endTime="2025-09-12T15:32:34.7698353+03:00" testType="13cdc9d9-ddb5-4fa4-a97d-d965ccfc6d4b" outcome="Passed" testListId="8c84fa94-04c1-424b-9868-57a2d4851a1d" relativeResultsDirectory="8dabafea-f3a9-4f91-982e-9638c229b699" />
    <UnitTestResult executionId="0fa16898-ca6f-4027-9d8f-e7e71f5f60f9" testId="2b7d0b21-4591-5f61-149f-2d20880e8c4e" testName="Enterprise.Shared.Storage.Tests.Extensions.ServiceCollectionExtensionsTests.GetMinIOConnectionString_GecerliAyarlar_ConnectionStringOlusturmali" computerName="onur-TULPAR-T7-V20-5" duration="00:00:00.0048766" startTime="2025-09-12T15:32:34.8048368+03:00" endTime="2025-09-12T15:32:34.8048368+03:00" testType="13cdc9d9-ddb5-4fa4-a97d-d965ccfc6d4b" outcome="Passed" testListId="8c84fa94-04c1-424b-9868-57a2d4851a1d" relativeResultsDirectory="0fa16898-ca6f-4027-9d8f-e7e71f5f60f9" />
    <UnitTestResult executionId="8589d63b-e798-4dd8-93cf-1df795199f1b" testId="238d6161-d560-b29b-9b2b-f26a292d411e" testName="Enterprise.Shared.Storage.Tests.Models.StorageModelsTests.ValidationResult_AddError_ErrorEklenmeli" computerName="onur-TULPAR-T7-V20-5" duration="00:00:00.0011028" startTime="2025-09-12T15:32:34.7961798+03:00" endTime="2025-09-12T15:32:34.7961799+03:00" testType="13cdc9d9-ddb5-4fa4-a97d-d965ccfc6d4b" outcome="Passed" testListId="8c84fa94-04c1-424b-9868-57a2d4851a1d" relativeResultsDirectory="8589d63b-e798-4dd8-93cf-1df795199f1b" />
    <UnitTestResult executionId="dec4dd8f-c811-4c9a-9464-24c155625a53" testId="ac2cb801-acd3-e8d1-6e82-b6d4b1b48910" testName="Enterprise.Shared.Storage.Tests.Services.ResimIslemeServisTestleri.ResimBoyutlandirAsync_GecerliResim_BoyutlandirilmisDondururMeli" computerName="onur-TULPAR-T7-V20-5" duration="00:00:00.0659642" startTime="2025-09-12T15:32:36.1821915+03:00" endTime="2025-09-12T15:32:36.1821915+03:00" testType="13cdc9d9-ddb5-4fa4-a97d-d965ccfc6d4b" outcome="Passed" testListId="8c84fa94-04c1-424b-9868-57a2d4851a1d" relativeResultsDirectory="dec4dd8f-c811-4c9a-9464-24c155625a53" />
    <UnitTestResult executionId="67000719-8c60-40a9-9932-d59d02c59e45" testId="2a3523ac-fdf5-c5b9-c307-497d28bb65f8" testName="Enterprise.Shared.Storage.Tests.Extensions.ServiceCollectionExtensionsTests.AddMinIOStorage_OzelAyarlar_MinIOAyarlariGuncellenmeli" computerName="onur-TULPAR-T7-V20-5" duration="00:00:00.0006494" startTime="2025-09-12T15:32:34.8055287+03:00" endTime="2025-09-12T15:32:34.8055287+03:00" testType="13cdc9d9-ddb5-4fa4-a97d-d965ccfc6d4b" outcome="Passed" testListId="8c84fa94-04c1-424b-9868-57a2d4851a1d" relativeResultsDirectory="67000719-8c60-40a9-9932-d59d02c59e45" />
    <UnitTestResult executionId="ce6398e3-0a85-4403-9d5d-cebaa9a9fadf" testId="1ebb3d19-c1f5-6337-c253-fab534601faf" testName="Enterprise.Shared.Storage.Tests.Services.ResimIslemeServisTestleri.WatermarkEkleAsync_GecerliResim_WatermarkEklenmisResimDondururMeli" computerName="onur-TULPAR-T7-V20-5" duration="00:00:00.1102910" startTime="2025-09-12T15:32:36.2926157+03:00" endTime="2025-09-12T15:32:36.2926157+03:00" testType="13cdc9d9-ddb5-4fa4-a97d-d965ccfc6d4b" outcome="Passed" testListId="8c84fa94-04c1-424b-9868-57a2d4851a1d" relativeResultsDirectory="ce6398e3-0a85-4403-9d5d-cebaa9a9fadf" />
    <UnitTestResult executionId="9705a091-d993-43a6-bddf-d202f86d1469" testId="eec139e4-b8d2-4787-eec5-f37b72dfef14" testName="Enterprise.Shared.Storage.Tests.Services.DosyaValidasyonServisTestleri.DosyaBoyutuGecerliMi_SifirVeyaNegatif_FalseDondurmeli" computerName="onur-TULPAR-T7-V20-5" duration="00:00:00.0002572" startTime="2025-09-12T15:32:34.8106879+03:00" endTime="2025-09-12T15:32:34.8106879+03:00" testType="13cdc9d9-ddb5-4fa4-a97d-d965ccfc6d4b" outcome="Passed" testListId="8c84fa94-04c1-424b-9868-57a2d4851a1d" relativeResultsDirectory="9705a091-d993-43a6-bddf-d202f86d1469" />
    <UnitTestResult executionId="2a3267cf-4374-4108-997c-64a9f76ad187" testId="90d351de-9252-a77d-cb14-a74503773f9c" testName="Enterprise.Shared.Storage.Tests.Extensions.ServiceCollectionExtensionsTests.HasStorageSettings_KonfigürasyonVar_TrueDondurmeli" computerName="onur-TULPAR-T7-V20-5" duration="00:00:00.0025431" startTime="2025-09-12T15:32:34.7985541+03:00" endTime="2025-09-12T15:32:34.7985542+03:00" testType="13cdc9d9-ddb5-4fa4-a97d-d965ccfc6d4b" outcome="Passed" testListId="8c84fa94-04c1-424b-9868-57a2d4851a1d" relativeResultsDirectory="2a3267cf-4374-4108-997c-64a9f76ad187" />
    <UnitTestResult executionId="a08bac52-b87e-497f-84fb-129b87ec1aef" testId="1c88859b-4113-0216-b2f3-2b25555ba917" testName="Enterprise.Shared.Storage.Tests.Services.ResimIslemeServisTestleri.ResimMetadataAlAsync_GecerliResim_MetadataVermeli" computerName="onur-TULPAR-T7-V20-5" duration="00:00:00.0125852" startTime="2025-09-12T15:32:36.3929995+03:00" endTime="2025-09-12T15:32:36.3929996+03:00" testType="13cdc9d9-ddb5-4fa4-a97d-d965ccfc6d4b" outcome="Passed" testListId="8c84fa94-04c1-424b-9868-57a2d4851a1d" relativeResultsDirectory="a08bac52-b87e-497f-84fb-129b87ec1aef" />
    <UnitTestResult executionId="ef4232fd-9522-40a9-a152-2c86dc4505b5" testId="172d5222-b9fc-660d-50b2-49274d6424c1" testName="Enterprise.Shared.Storage.Tests.Models.StorageModelsTests.YedekTipi_GecerliDegerler_EnumDegerleriTanimliOlmali(tip: TransaksiyonLogYedek)" computerName="onur-TULPAR-T7-V20-5" duration="00:00:00.0001377" startTime="2025-09-12T15:32:34.7976037+03:00" endTime="2025-09-12T15:32:34.7976037+03:00" testType="13cdc9d9-ddb5-4fa4-a97d-d965ccfc6d4b" outcome="Passed" testListId="8c84fa94-04c1-424b-9868-57a2d4851a1d" relativeResultsDirectory="ef4232fd-9522-40a9-a152-2c86dc4505b5" />
    <UnitTestResult executionId="224c059c-70c1-49ab-90db-51a2e0b68a71" testId="5b952f12-da7a-60a0-2d0b-adb17c4e2527" testName="Enterprise.Shared.Storage.Tests.Services.VirusTarayiciServisTestleri.TaraAsync_FarkliDosyaBoyutlari_UygunSonucVermeli(dosyaBoyutu: 500)" computerName="onur-TULPAR-T7-V20-5" duration="00:00:00.0514398" startTime="2025-09-12T15:32:34.8040371+03:00" endTime="2025-09-12T15:32:34.8040372+03:00" testType="13cdc9d9-ddb5-4fa4-a97d-d965ccfc6d4b" outcome="Passed" testListId="8c84fa94-04c1-424b-9868-57a2d4851a1d" relativeResultsDirectory="224c059c-70c1-49ab-90db-51a2e0b68a71" />
    <UnitTestResult executionId="29e2f11d-156b-4e50-a92f-f9ea78c6b8be" testId="d1e7751a-f78a-d6d6-e4d1-3b177d5d2849" testName="Enterprise.Shared.Storage.Tests.Extensions.ServiceCollectionExtensionsTests.AddEnterpriseStorage_GecerliKonfigürasyon_ServislerEklenmeli" computerName="onur-TULPAR-T7-V20-5" duration="00:00:00.0035045" startTime="2025-09-12T15:32:34.8090753+03:00" endTime="2025-09-12T15:32:34.8090754+03:00" testType="13cdc9d9-ddb5-4fa4-a97d-d965ccfc6d4b" outcome="Passed" testListId="8c84fa94-04c1-424b-9868-57a2d4851a1d" relativeResultsDirectory="29e2f11d-156b-4e50-a92f-f9ea78c6b8be" />
    <UnitTestResult executionId="2533f6fc-9023-4778-8b7b-72709fc7d683" testId="ccbf1a1c-bb15-00d8-6c30-83490d79c7a4" testName="Enterprise.Shared.Storage.Tests.Models.StorageModelsTests.DosyaMetadata_TurkiyeSaatiSonDegistirilme_TurkiyeSaatiniDondurmeli" computerName="onur-TULPAR-T7-V20-5" duration="00:00:00.0009922" startTime="2025-09-12T15:32:34.7961481+03:00" endTime="2025-09-12T15:32:34.7961482+03:00" testType="13cdc9d9-ddb5-4fa4-a97d-d965ccfc6d4b" outcome="Passed" testListId="8c84fa94-04c1-424b-9868-57a2d4851a1d" relativeResultsDirectory="2533f6fc-9023-4778-8b7b-72709fc7d683" />
    <UnitTestResult executionId="e9e9e7c7-c22b-4dff-91aa-9bda358e849b" testId="f8298d54-baa5-d2dc-db6d-c9ef0bf1832a" testName="Enterprise.Shared.Storage.Tests.Services.VirusTarayiciServisTestleri.TaraAsync_BuyukDosya_SuspheliSonucuVermeli" computerName="onur-TULPAR-T7-V20-5" duration="00:00:00.0021766" startTime="2025-09-12T15:32:34.8129332+03:00" endTime="2025-09-12T15:32:34.8129332+03:00" testType="13cdc9d9-ddb5-4fa4-a97d-d965ccfc6d4b" outcome="Passed" testListId="8c84fa94-04c1-424b-9868-57a2d4851a1d" relativeResultsDirectory="e9e9e7c7-c22b-4dff-91aa-9bda358e849b" />
    <UnitTestResult executionId="b370e992-573d-4531-a9e4-983f4b5fec9e" testId="050f5418-717c-0616-f15d-60ec01d72cca" testName="Enterprise.Shared.Storage.Tests.Models.StorageModelsTests.DosyaYuklemeIstegi_ValidModel_ValidationPassed" computerName="onur-TULPAR-T7-V20-5" duration="00:00:00.0003627" startTime="2025-09-12T15:32:34.7977038+03:00" endTime="2025-09-12T15:32:34.7977038+03:00" testType="13cdc9d9-ddb5-4fa4-a97d-d965ccfc6d4b" outcome="Passed" testListId="8c84fa94-04c1-424b-9868-57a2d4851a1d" relativeResultsDirectory="b370e992-573d-4531-a9e4-983f4b5fec9e" />
    <UnitTestResult executionId="0435cc4e-c0f0-40a1-aa54-4815f8517de7" testId="79cfc419-cc18-83db-6883-06584171e046" testName="Enterprise.Shared.Storage.Tests.Models.StorageModelsTests.ValidationResult_AddInfo_InfoEklenmeli" computerName="onur-TULPAR-T7-V20-5" duration="00:00:00.0027152" startTime="2025-09-12T15:32:34.7962898+03:00" endTime="2025-09-12T15:32:34.7962899+03:00" testType="13cdc9d9-ddb5-4fa4-a97d-d965ccfc6d4b" outcome="Passed" testListId="8c84fa94-04c1-424b-9868-57a2d4851a1d" relativeResultsDirectory="0435cc4e-c0f0-40a1-aa54-4815f8517de7" />
    <UnitTestResult executionId="3f41ca93-d7fe-4a89-afbc-615329d19446" testId="61fd8226-7b52-b909-bd0a-4672fb4bf31b" testName="Enterprise.Shared.Storage.Tests.Extensions.DepolamaServisiFactoryTests.CreateStorageService_DesteklenmevenProvider_NotSupportedExceptionFirlatmali" computerName="onur-TULPAR-T7-V20-5" duration="00:00:00.0016555" startTime="2025-09-12T15:32:34.7981089+03:00" endTime="2025-09-12T15:32:34.7981089+03:00" testType="13cdc9d9-ddb5-4fa4-a97d-d965ccfc6d4b" outcome="Passed" testListId="8c84fa94-04c1-424b-9868-57a2d4851a1d" relativeResultsDirectory="3f41ca93-d7fe-4a89-afbc-615329d19446" />
    <UnitTestResult executionId="2658ff9f-d5ea-4b06-84b8-3899abebcf09" testId="cf8667da-b6a3-bb34-46c4-02e50a6f4aa1" testName="Enterprise.Shared.Storage.Tests.Extensions.ServiceCollectionExtensionsTests.AddMockVirusScanner_MockServisEklenmeli" computerName="onur-TULPAR-T7-V20-5" duration="00:00:00.0010735" startTime="2025-09-12T15:32:34.7993533+03:00" endTime="2025-09-12T15:32:34.7993533+03:00" testType="13cdc9d9-ddb5-4fa4-a97d-d965ccfc6d4b" outcome="Passed" testListId="8c84fa94-04c1-424b-9868-57a2d4851a1d" relativeResultsDirectory="2658ff9f-d5ea-4b06-84b8-3899abebcf09" />
    <UnitTestResult executionId="5c0125f0-422e-4eea-8693-b68fa343e8a6" testId="057adc5d-b9c7-9ec4-b79a-8781edbe539f" testName="Enterprise.Shared.Storage.Tests.Services.ClamAVTarayiciServisTestleri.Constructor_NullLogger_ArgumentNullExceptionFirlatmali" computerName="onur-TULPAR-T7-V20-5" duration="00:00:00.0029664" startTime="2025-09-12T15:32:34.7994824+03:00" endTime="2025-09-12T15:32:34.7994825+03:00" testType="13cdc9d9-ddb5-4fa4-a97d-d965ccfc6d4b" outcome="Passed" testListId="8c84fa94-04c1-424b-9868-57a2d4851a1d" relativeResultsDirectory="5c0125f0-422e-4eea-8693-b68fa343e8a6" />
    <UnitTestResult executionId="1358488a-f9eb-41ee-a5f4-d097b0498104" testId="1635d350-77c7-937d-5384-a1d89274fb26" testName="Enterprise.Shared.Storage.Tests.Extensions.DepolamaServisiFactoryTests.CreateImageProcessingService_IResimIslemeServisimrDerendurmeli" computerName="onur-TULPAR-T7-V20-5" duration="00:00:00.0006012" startTime="2025-09-12T15:32:34.7984825+03:00" endTime="2025-09-12T15:32:34.7984825+03:00" testType="13cdc9d9-ddb5-4fa4-a97d-d965ccfc6d4b" outcome="Passed" testListId="8c84fa94-04c1-424b-9868-57a2d4851a1d" relativeResultsDirectory="1358488a-f9eb-41ee-a5f4-d097b0498104" />
    <UnitTestResult executionId="811f0b97-d6fe-4d41-bca3-8e7db6b1df33" testId="e290abb5-4a4c-a6bc-7766-5c20f40d23f0" testName="Enterprise.Shared.Storage.Tests.Services.DosyaValidasyonServisTestleri.DosyaBoyutuGecerliMi_GecerliBoyut_TrueDondurmeli" computerName="onur-TULPAR-T7-V20-5" duration="00:00:00.0001734" startTime="2025-09-12T15:32:34.8132645+03:00" endTime="2025-09-12T15:32:34.8132646+03:00" testType="13cdc9d9-ddb5-4fa4-a97d-d965ccfc6d4b" outcome="Passed" testListId="8c84fa94-04c1-424b-9868-57a2d4851a1d" relativeResultsDirectory="811f0b97-d6fe-4d41-bca3-8e7db6b1df33" />
    <UnitTestResult executionId="12dd2d88-cbc3-4482-b38d-070db6d9858d" testId="22df29ca-1919-bfd8-40d0-5cffe65d98c0" testName="Enterprise.Shared.Storage.Tests.Extensions.DepolamaServisiFactoryTests.CreateStorageService_MinIOProvider_IDepolamaServisinerendurmeli" computerName="onur-TULPAR-T7-V20-5" duration="00:00:00.0362882" startTime="2025-09-12T15:32:34.7980454+03:00" endTime="2025-09-12T15:32:34.7980455+03:00" testType="13cdc9d9-ddb5-4fa4-a97d-d965ccfc6d4b" outcome="Passed" testListId="8c84fa94-04c1-424b-9868-57a2d4851a1d" relativeResultsDirectory="12dd2d88-cbc3-4482-b38d-070db6d9858d" />
    <UnitTestResult executionId="41b361c0-1e9d-461d-9d67-93b26577eae7" testId="0cf4f303-b8ae-c881-1399-73c030b9a8c3" testName="Enterprise.Shared.Storage.Tests.Extensions.ServiceCollectionExtensionsTests.AddImageProcessing_KonfigurasyonAction_ResimServisiEklenmeli" computerName="onur-TULPAR-T7-V20-5" duration="00:00:00.0010543" startTime="2025-09-12T15:32:34.7985823+03:00" endTime="2025-09-12T15:32:34.7985824+03:00" testType="13cdc9d9-ddb5-4fa4-a97d-d965ccfc6d4b" outcome="Passed" testListId="8c84fa94-04c1-424b-9868-57a2d4851a1d" relativeResultsDirectory="41b361c0-1e9d-461d-9d67-93b26577eae7" />
    <UnitTestResult executionId="13e8f5ac-7754-48fc-9d46-f0a4b5f05073" testId="8c8453f3-1b9c-3bfc-7145-aa2819e3ff59" testName="Enterprise.Shared.Storage.Tests.Models.StorageModelsTests.DosyaYuklemeIstegi_ExitFields_ValidationFailed(eksikAlan: &quot;BucketAdi&quot;)" computerName="onur-TULPAR-T7-V20-5" duration="00:00:00.0000122" startTime="2025-09-12T15:32:34.7960896+03:00" endTime="2025-09-12T15:32:34.7960896+03:00" testType="13cdc9d9-ddb5-4fa4-a97d-d965ccfc6d4b" outcome="Passed" testListId="8c84fa94-04c1-424b-9868-57a2d4851a1d" relativeResultsDirectory="13e8f5ac-7754-48fc-9d46-f0a4b5f05073" />
    <UnitTestResult executionId="0cb13bbc-0a08-4832-9f4d-e98fb1f848a8" testId="c616ef4a-ff6a-726e-c8c2-0be8e6f710ca" testName="Enterprise.Shared.Storage.Tests.Services.DosyaValidasyonServisTestleri.DosyaImzasiGecerliMiAsync_YanlisImza_FalseDondurmeli" computerName="onur-TULPAR-T7-V20-5" duration="00:00:00.0006821" startTime="2025-09-12T15:32:34.8081266+03:00" endTime="2025-09-12T15:32:34.8081266+03:00" testType="13cdc9d9-ddb5-4fa4-a97d-d965ccfc6d4b" outcome="Passed" testListId="8c84fa94-04c1-424b-9868-57a2d4851a1d" relativeResultsDirectory="0cb13bbc-0a08-4832-9f4d-e98fb1f848a8" />
    <UnitTestResult executionId="50db171f-bcbd-453e-bb2a-bead2dfb3cd5" testId="6b10ae76-054b-2eef-8d5d-e6115f7b869b" testName="Enterprise.Shared.Storage.Tests.Models.StorageModelsTests.DosyaYuklemeIstegi_ExitFields_ValidationFailed(eksikAlan: &quot;DosyaAdi&quot;)" computerName="onur-TULPAR-T7-V20-5" duration="00:00:00.0000252" startTime="2025-09-12T15:32:34.7959193+03:00" endTime="2025-09-12T15:32:34.7959193+03:00" testType="13cdc9d9-ddb5-4fa4-a97d-d965ccfc6d4b" outcome="Passed" testListId="8c84fa94-04c1-424b-9868-57a2d4851a1d" relativeResultsDirectory="50db171f-bcbd-453e-bb2a-bead2dfb3cd5" />
    <UnitTestResult executionId="064ba1ce-14b4-4a6d-8d30-a8b59ad644a8" testId="6cd4aab2-0a9a-d20f-25d8-3ba767ab2bf5" testName="Enterprise.Shared.Storage.Tests.Services.ResimIslemeServisTestleri.ResimDosyasiMi_FarkliIcerikTurleri_DogruSonucVermeli(icerikTuru: &quot;application/pdf&quot;, beklenenSonuc: False)" computerName="onur-TULPAR-T7-V20-5" duration="00:00:00.0000968" startTime="2025-09-12T15:32:34.8016575+03:00" endTime="2025-09-12T15:32:34.8016576+03:00" testType="13cdc9d9-ddb5-4fa4-a97d-d965ccfc6d4b" outcome="Passed" testListId="8c84fa94-04c1-424b-9868-57a2d4851a1d" relativeResultsDirectory="064ba1ce-14b4-4a6d-8d30-a8b59ad644a8" />
    <UnitTestResult executionId="f30b0f4a-5d0f-4ee7-a032-4e2c5500c71d" testId="66e4263d-a33f-9f76-5248-e0ea0462567e" testName="Enterprise.Shared.Storage.Tests.Services.DosyaValidasyonServisTestleri.MimeTipiGecerliMi_GecerliTip_TrueDondurmeli" computerName="onur-TULPAR-T7-V20-5" duration="00:00:00.0002086" startTime="2025-09-12T15:32:34.8132346+03:00" endTime="2025-09-12T15:32:34.8132347+03:00" testType="13cdc9d9-ddb5-4fa4-a97d-d965ccfc6d4b" outcome="Passed" testListId="8c84fa94-04c1-424b-9868-57a2d4851a1d" relativeResultsDirectory="f30b0f4a-5d0f-4ee7-a032-4e2c5500c71d" />
    <UnitTestResult executionId="9bde737a-c919-4166-add1-0cfbeef90710" testId="d8edb4ad-4531-f937-2bac-550c98aef40e" testName="Enterprise.Shared.Storage.Tests.Extensions.ServiceCollectionExtensionsTests.AddEnterpriseStorage_ActionKonfigürasyon_ServislerEklenmeli" computerName="onur-TULPAR-T7-V20-5" duration="00:00:00.0005595" startTime="2025-09-12T15:32:34.7999543+03:00" endTime="2025-09-12T15:32:34.7999543+03:00" testType="13cdc9d9-ddb5-4fa4-a97d-d965ccfc6d4b" outcome="Passed" testListId="8c84fa94-04c1-424b-9868-57a2d4851a1d" relativeResultsDirectory="9bde737a-c919-4166-add1-0cfbeef90710" />
    <UnitTestResult executionId="f43d6f76-1b62-49cc-baa4-eec709a24070" testId="f05caa87-f69e-b71e-3668-ed6af5dc5a8c" testName="Enterprise.Shared.Storage.Tests.Services.DosyaValidasyonServisTestleri.ValidateAsync_UzunDosyaAdi_HataVermeliMeli" computerName="onur-TULPAR-T7-V20-5" duration="00:00:00.0043811" startTime="2025-09-12T15:32:34.8178053+03:00" endTime="2025-09-12T15:32:34.8178054+03:00" testType="13cdc9d9-ddb5-4fa4-a97d-d965ccfc6d4b" outcome="Passed" testListId="8c84fa94-04c1-424b-9868-57a2d4851a1d" relativeResultsDirectory="f43d6f76-1b62-49cc-baa4-eec709a24070" />
    <UnitTestResult executionId="5ebb1e4f-2495-4620-b137-e3870a90cc94" testId="3932fc5c-8a7d-db96-142c-68fffa2dd87c" testName="Enterprise.Shared.Storage.Tests.Extensions.ServiceCollectionExtensionsTests.HasStorageSettings_KonfigürasyonYok_FalseDondurmeli" computerName="onur-TULPAR-T7-V20-5" duration="00:00:00.0016248" startTime="2025-09-12T15:32:34.7983897+03:00" endTime="2025-09-12T15:32:34.7983898+03:00" testType="13cdc9d9-ddb5-4fa4-a97d-d965ccfc6d4b" outcome="Passed" testListId="8c84fa94-04c1-424b-9868-57a2d4851a1d" relativeResultsDirectory="5ebb1e4f-2495-4620-b137-e3870a90cc94" />
    <UnitTestResult executionId="b179f9aa-0ae0-45a4-b0d3-d1098781bd4a" testId="340b429b-cb7c-f1cb-c7fd-563586b2e442" testName="Enterprise.Shared.Storage.Tests.Extensions.DepolamaServisiFactoryTests.Constructor_NullServiceProvider_ArgumentNullExceptionFirlatmali" computerName="onur-TULPAR-T7-V20-5" duration="00:00:00.0006005" startTime="2025-09-12T15:32:34.7984566+03:00" endTime="2025-09-12T15:32:34.7984567+03:00" testType="13cdc9d9-ddb5-4fa4-a97d-d965ccfc6d4b" outcome="Passed" testListId="8c84fa94-04c1-424b-9868-57a2d4851a1d" relativeResultsDirectory="b179f9aa-0ae0-45a4-b0d3-d1098781bd4a" />
  </Results>
  <TestDefinitions>
    <UnitTest name="Enterprise.Shared.Storage.Tests.Models.StorageModelsTests.DosyaYuklemeIstegi_ExitFields_ValidationFailed(eksikAlan: &quot;BucketAdi&quot;)" storage="/home/onur/desktop/platformv1/src/shared/enterprise.shared.storage.tests/bin/debug/net8.0/enterprise.shared.storage.tests.dll" id="8c8453f3-1b9c-3bfc-7145-aa2819e3ff59">
      <Execution id="13e8f5ac-7754-48fc-9d46-f0a4b5f05073" />
      <TestMethod codeBase="/home/onur/Desktop/PlatformV1/src/Shared/Enterprise.Shared.Storage.Tests/bin/Debug/net8.0/Enterprise.Shared.Storage.Tests.dll" adapterTypeName="executor://xunit/VsTestRunner2/netcoreapp" className="Enterprise.Shared.Storage.Tests.Models.StorageModelsTests" name="DosyaYuklemeIstegi_ExitFields_ValidationFailed" />
    </UnitTest>
    <UnitTest name="Enterprise.Shared.Storage.Tests.Services.ResimIslemeServisTestleri.KucukResimOlusturAsync_GecerliResim_KucukResimDondururMeli" storage="/home/onur/desktop/platformv1/src/shared/enterprise.shared.storage.tests/bin/debug/net8.0/enterprise.shared.storage.tests.dll" id="ac0bc820-4f76-beb5-ec12-ae63c751fbef">
      <Execution id="f5bc4baa-867d-4433-9d74-565ba2477e41" />
      <TestMethod codeBase="/home/onur/Desktop/PlatformV1/src/Shared/Enterprise.Shared.Storage.Tests/bin/Debug/net8.0/Enterprise.Shared.Storage.Tests.dll" adapterTypeName="executor://xunit/VsTestRunner2/netcoreapp" className="Enterprise.Shared.Storage.Tests.Services.ResimIslemeServisTestleri" name="KucukResimOlusturAsync_GecerliResim_KucukResimDondururMeli" />
    </UnitTest>
    <UnitTest name="Enterprise.Shared.Storage.Tests.Services.DosyaValidasyonServisTestleri.DosyaImzasiGecerliMiAsync_GecerliJpegImza_TrueDondurmeli" storage="/home/onur/desktop/platformv1/src/shared/enterprise.shared.storage.tests/bin/debug/net8.0/enterprise.shared.storage.tests.dll" id="81e8f42e-2b74-f5ee-0e5a-f94f93713110">
      <Execution id="7a566c06-3b4a-4120-97ae-7c51bb7b9214" />
      <TestMethod codeBase="/home/onur/Desktop/PlatformV1/src/Shared/Enterprise.Shared.Storage.Tests/bin/Debug/net8.0/Enterprise.Shared.Storage.Tests.dll" adapterTypeName="executor://xunit/VsTestRunner2/netcoreapp" className="Enterprise.Shared.Storage.Tests.Services.DosyaValidasyonServisTestleri" name="DosyaImzasiGecerliMiAsync_GecerliJpegImza_TrueDondurmeli" />
    </UnitTest>
    <UnitTest name="Enterprise.Shared.Storage.Tests.Models.StorageModelsTests.DosyaMetadata_TurkiyeSaatiSonDegistirilme_TurkiyeSaatiniDondurmeli" storage="/home/onur/desktop/platformv1/src/shared/enterprise.shared.storage.tests/bin/debug/net8.0/enterprise.shared.storage.tests.dll" id="ccbf1a1c-bb15-00d8-6c30-83490d79c7a4">
      <Execution id="2533f6fc-9023-4778-8b7b-72709fc7d683" />
      <TestMethod codeBase="/home/onur/Desktop/PlatformV1/src/Shared/Enterprise.Shared.Storage.Tests/bin/Debug/net8.0/Enterprise.Shared.Storage.Tests.dll" adapterTypeName="executor://xunit/VsTestRunner2/netcoreapp" className="Enterprise.Shared.Storage.Tests.Models.StorageModelsTests" name="DosyaMetadata_TurkiyeSaatiSonDegistirilme_TurkiyeSaatiniDondurmeli" />
    </UnitTest>
    <UnitTest name="Enterprise.Shared.Storage.Tests.Services.DosyaValidasyonServisTestleri.MimeTipiGecerliMi_GecerliTip_TrueDondurmeli" storage="/home/onur/desktop/platformv1/src/shared/enterprise.shared.storage.tests/bin/debug/net8.0/enterprise.shared.storage.tests.dll" id="66e4263d-a33f-9f76-5248-e0ea0462567e">
      <Execution id="f30b0f4a-5d0f-4ee7-a032-4e2c5500c71d" />
      <TestMethod codeBase="/home/onur/Desktop/PlatformV1/src/Shared/Enterprise.Shared.Storage.Tests/bin/Debug/net8.0/Enterprise.Shared.Storage.Tests.dll" adapterTypeName="executor://xunit/VsTestRunner2/netcoreapp" className="Enterprise.Shared.Storage.Tests.Services.DosyaValidasyonServisTestleri" name="MimeTipiGecerliMi_GecerliTip_TrueDondurmeli" />
    </UnitTest>
    <UnitTest name="Enterprise.Shared.Storage.Tests.Models.StorageModelsTests.DepolamaAyarlari_ConfigSection_DogruSectionAdiniDondurmeli" storage="/home/onur/desktop/platformv1/src/shared/enterprise.shared.storage.tests/bin/debug/net8.0/enterprise.shared.storage.tests.dll" id="25e2a728-abcd-630a-d595-081c7325d260">
      <Execution id="94f37d3c-f868-4514-8f43-e8447f32d124" />
      <TestMethod codeBase="/home/onur/Desktop/PlatformV1/src/Shared/Enterprise.Shared.Storage.Tests/bin/Debug/net8.0/Enterprise.Shared.Storage.Tests.dll" adapterTypeName="executor://xunit/VsTestRunner2/netcoreapp" className="Enterprise.Shared.Storage.Tests.Models.StorageModelsTests" name="DepolamaAyarlari_ConfigSection_DogruSectionAdiniDondurmeli" />
    </UnitTest>
    <UnitTest name="Enterprise.Shared.Storage.Tests.Extensions.ServiceCollectionExtensionsTests.AddEnterpriseStorage_ActionKonfigürasyon_ServislerEklenmeli" storage="/home/onur/desktop/platformv1/src/shared/enterprise.shared.storage.tests/bin/debug/net8.0/enterprise.shared.storage.tests.dll" id="d8edb4ad-4531-f937-2bac-550c98aef40e">
      <Execution id="9bde737a-c919-4166-add1-0cfbeef90710" />
      <TestMethod codeBase="/home/onur/Desktop/PlatformV1/src/Shared/Enterprise.Shared.Storage.Tests/bin/Debug/net8.0/Enterprise.Shared.Storage.Tests.dll" adapterTypeName="executor://xunit/VsTestRunner2/netcoreapp" className="Enterprise.Shared.Storage.Tests.Extensions.ServiceCollectionExtensionsTests" name="AddEnterpriseStorage_ActionKonfigürasyon_ServislerEklenmeli" />
    </UnitTest>
    <UnitTest name="Enterprise.Shared.Storage.Tests.Models.StorageModelsTests.IslenmisResim_StreamProperty_DisposableOlmali" storage="/home/onur/desktop/platformv1/src/shared/enterprise.shared.storage.tests/bin/debug/net8.0/enterprise.shared.storage.tests.dll" id="5fce9f5b-44f5-4e68-b548-4157a52c2c21">
      <Execution id="964dd4f0-3711-4729-98d1-40008afaece8" />
      <TestMethod codeBase="/home/onur/Desktop/PlatformV1/src/Shared/Enterprise.Shared.Storage.Tests/bin/Debug/net8.0/Enterprise.Shared.Storage.Tests.dll" adapterTypeName="executor://xunit/VsTestRunner2/netcoreapp" className="Enterprise.Shared.Storage.Tests.Models.StorageModelsTests" name="IslenmisResim_StreamProperty_DisposableOlmali" />
    </UnitTest>
    <UnitTest name="Enterprise.Shared.Storage.Tests.Services.ResimIslemeServisTestleri.ResimMetadataAlAsync_GecerliResim_MetadataVermeli" storage="/home/onur/desktop/platformv1/src/shared/enterprise.shared.storage.tests/bin/debug/net8.0/enterprise.shared.storage.tests.dll" id="1c88859b-4113-0216-b2f3-2b25555ba917">
      <Execution id="a08bac52-b87e-497f-84fb-129b87ec1aef" />
      <TestMethod codeBase="/home/onur/Desktop/PlatformV1/src/Shared/Enterprise.Shared.Storage.Tests/bin/Debug/net8.0/Enterprise.Shared.Storage.Tests.dll" adapterTypeName="executor://xunit/VsTestRunner2/netcoreapp" className="Enterprise.Shared.Storage.Tests.Services.ResimIslemeServisTestleri" name="ResimMetadataAlAsync_GecerliResim_MetadataVermeli" />
    </UnitTest>
    <UnitTest name="Enterprise.Shared.Storage.Tests.Services.DosyaValidasyonServisTestleri.DosyaBoyutuGecerliMi_SifirVeyaNegatif_FalseDondurmeli" storage="/home/onur/desktop/platformv1/src/shared/enterprise.shared.storage.tests/bin/debug/net8.0/enterprise.shared.storage.tests.dll" id="eec139e4-b8d2-4787-eec5-f37b72dfef14">
      <Execution id="9705a091-d993-43a6-bddf-d202f86d1469" />
      <TestMethod codeBase="/home/onur/Desktop/PlatformV1/src/Shared/Enterprise.Shared.Storage.Tests/bin/Debug/net8.0/Enterprise.Shared.Storage.Tests.dll" adapterTypeName="executor://xunit/VsTestRunner2/netcoreapp" className="Enterprise.Shared.Storage.Tests.Services.DosyaValidasyonServisTestleri" name="DosyaBoyutuGecerliMi_SifirVeyaNegatif_FalseDondurmeli" />
    </UnitTest>
    <UnitTest name="Enterprise.Shared.Storage.Tests.Services.DosyaValidasyonServisTestleri.DosyaUzantisiGecerliMi_GecerliUzanti_TrueDondurmeli" storage="/home/onur/desktop/platformv1/src/shared/enterprise.shared.storage.tests/bin/debug/net8.0/enterprise.shared.storage.tests.dll" id="8f242e89-bf70-67a6-4013-7e1bcb746ba1">
      <Execution id="a38c048f-c73e-4319-8cb3-3b52dfa366d9" />
      <TestMethod codeBase="/home/onur/Desktop/PlatformV1/src/Shared/Enterprise.Shared.Storage.Tests/bin/Debug/net8.0/Enterprise.Shared.Storage.Tests.dll" adapterTypeName="executor://xunit/VsTestRunner2/netcoreapp" className="Enterprise.Shared.Storage.Tests.Services.DosyaValidasyonServisTestleri" name="DosyaUzantisiGecerliMi_GecerliUzanti_TrueDondurmeli" />
    </UnitTest>
    <UnitTest name="Enterprise.Shared.Storage.Tests.Models.StorageModelsTests.DosyaYuklemeIstegi_ExitFields_ValidationFailed(eksikAlan: &quot;IcerikTuru&quot;)" storage="/home/onur/desktop/platformv1/src/shared/enterprise.shared.storage.tests/bin/debug/net8.0/enterprise.shared.storage.tests.dll" id="d5c68c46-c896-a96f-a99c-e12ce7f25031">
      <Execution id="8dabafea-f3a9-4f91-982e-9638c229b699" />
      <TestMethod codeBase="/home/onur/Desktop/PlatformV1/src/Shared/Enterprise.Shared.Storage.Tests/bin/Debug/net8.0/Enterprise.Shared.Storage.Tests.dll" adapterTypeName="executor://xunit/VsTestRunner2/netcoreapp" className="Enterprise.Shared.Storage.Tests.Models.StorageModelsTests" name="DosyaYuklemeIstegi_ExitFields_ValidationFailed" />
    </UnitTest>
    <UnitTest name="Enterprise.Shared.Storage.Tests.Services.DosyaValidasyonServisTestleri.DosyaUzantisiGecerliMi_YasakliUzanti_FalseDondurmeli" storage="/home/onur/desktop/platformv1/src/shared/enterprise.shared.storage.tests/bin/debug/net8.0/enterprise.shared.storage.tests.dll" id="a09e1861-d612-ccea-38e2-f226c6a5598f">
      <Execution id="2d9fd6d8-0806-4213-a44a-65481fcef9ac" />
      <TestMethod codeBase="/home/onur/Desktop/PlatformV1/src/Shared/Enterprise.Shared.Storage.Tests/bin/Debug/net8.0/Enterprise.Shared.Storage.Tests.dll" adapterTypeName="executor://xunit/VsTestRunner2/netcoreapp" className="Enterprise.Shared.Storage.Tests.Services.DosyaValidasyonServisTestleri" name="DosyaUzantisiGecerliMi_YasakliUzanti_FalseDondurmeli" />
    </UnitTest>
    <UnitTest name="Enterprise.Shared.Storage.Tests.Extensions.DepolamaServisiFactoryTests.CreateStorageService_MinIOProvider_IDepolamaServisinerendurmeli" storage="/home/onur/desktop/platformv1/src/shared/enterprise.shared.storage.tests/bin/debug/net8.0/enterprise.shared.storage.tests.dll" id="22df29ca-1919-bfd8-40d0-5cffe65d98c0">
      <Execution id="12dd2d88-cbc3-4482-b38d-070db6d9858d" />
      <TestMethod codeBase="/home/onur/Desktop/PlatformV1/src/Shared/Enterprise.Shared.Storage.Tests/bin/Debug/net8.0/Enterprise.Shared.Storage.Tests.dll" adapterTypeName="executor://xunit/VsTestRunner2/netcoreapp" className="Enterprise.Shared.Storage.Tests.Extensions.DepolamaServisiFactoryTests" name="CreateStorageService_MinIOProvider_IDepolamaServisinerendurmeli" />
    </UnitTest>
    <UnitTest name="Enterprise.Shared.Storage.Tests.Services.VirusTarayiciServisTestleri.TaraAsync_FarkliDosyaBoyutlari_UygunSonucVermeli(dosyaBoyutu: 50000)" storage="/home/onur/desktop/platformv1/src/shared/enterprise.shared.storage.tests/bin/debug/net8.0/enterprise.shared.storage.tests.dll" id="1c33ab4a-bd84-adef-0a00-ad253a33a66f">
      <Execution id="6cf85599-ab67-45c2-9d07-f04e645ce2d8" />
      <TestMethod codeBase="/home/onur/Desktop/PlatformV1/src/Shared/Enterprise.Shared.Storage.Tests/bin/Debug/net8.0/Enterprise.Shared.Storage.Tests.dll" adapterTypeName="executor://xunit/VsTestRunner2/netcoreapp" className="Enterprise.Shared.Storage.Tests.Services.VirusTarayiciServisTestleri" name="TaraAsync_FarkliDosyaBoyutlari_UygunSonucVermeli" />
    </UnitTest>
    <UnitTest name="Enterprise.Shared.Storage.Tests.Extensions.DepolamaServisiFactoryTests.CreateImageProcessingService_IResimIslemeServisimrDerendurmeli" storage="/home/onur/desktop/platformv1/src/shared/enterprise.shared.storage.tests/bin/debug/net8.0/enterprise.shared.storage.tests.dll" id="1635d350-77c7-937d-5384-a1d89274fb26">
      <Execution id="1358488a-f9eb-41ee-a5f4-d097b0498104" />
      <TestMethod codeBase="/home/onur/Desktop/PlatformV1/src/Shared/Enterprise.Shared.Storage.Tests/bin/Debug/net8.0/Enterprise.Shared.Storage.Tests.dll" adapterTypeName="executor://xunit/VsTestRunner2/netcoreapp" className="Enterprise.Shared.Storage.Tests.Extensions.DepolamaServisiFactoryTests" name="CreateImageProcessingService_IResimIslemeServisimrDerendurmeli" />
    </UnitTest>
    <UnitTest name="Enterprise.Shared.Storage.Tests.Services.ClamAVTarayiciServisTestleri.Constructor_NullOptions_ArgumentNullExceptionFirlatmali" storage="/home/onur/desktop/platformv1/src/shared/enterprise.shared.storage.tests/bin/debug/net8.0/enterprise.shared.storage.tests.dll" id="6eb99c4a-01bc-c2e9-d8c3-c10f390a5232">
      <Execution id="acf90f5e-5192-4367-9d3d-e624d1111265" />
      <TestMethod codeBase="/home/onur/Desktop/PlatformV1/src/Shared/Enterprise.Shared.Storage.Tests/bin/Debug/net8.0/Enterprise.Shared.Storage.Tests.dll" adapterTypeName="executor://xunit/VsTestRunner2/netcoreapp" className="Enterprise.Shared.Storage.Tests.Services.ClamAVTarayiciServisTestleri" name="Constructor_NullOptions_ArgumentNullExceptionFirlatmali" />
    </UnitTest>
    <UnitTest name="Enterprise.Shared.Storage.Tests.Extensions.DepolamaServisiFactoryTests.CreateBackupService_IYedeklemeServisinerendurmeli" storage="/home/onur/desktop/platformv1/src/shared/enterprise.shared.storage.tests/bin/debug/net8.0/enterprise.shared.storage.tests.dll" id="1b49adf1-4016-2333-bfa5-3112e1389a5a">
      <Execution id="e4cefcdb-57db-4198-b888-6dd6c5bd8998" />
      <TestMethod codeBase="/home/onur/Desktop/PlatformV1/src/Shared/Enterprise.Shared.Storage.Tests/bin/Debug/net8.0/Enterprise.Shared.Storage.Tests.dll" adapterTypeName="executor://xunit/VsTestRunner2/netcoreapp" className="Enterprise.Shared.Storage.Tests.Extensions.DepolamaServisiFactoryTests" name="CreateBackupService_IYedeklemeServisinerendurmeli" />
    </UnitTest>
    <UnitTest name="Enterprise.Shared.Storage.Tests.Models.StorageModelsTests.DosyaBilgisi_TamYolProperty_BucketveNesneAdiniIcermeli" storage="/home/onur/desktop/platformv1/src/shared/enterprise.shared.storage.tests/bin/debug/net8.0/enterprise.shared.storage.tests.dll" id="0e876ae0-e77c-4ca7-7879-98cd54300afa">
      <Execution id="d39dcc68-fd1d-4479-bbb3-9d06d6397105" />
      <TestMethod codeBase="/home/onur/Desktop/PlatformV1/src/Shared/Enterprise.Shared.Storage.Tests/bin/Debug/net8.0/Enterprise.Shared.Storage.Tests.dll" adapterTypeName="executor://xunit/VsTestRunner2/netcoreapp" className="Enterprise.Shared.Storage.Tests.Models.StorageModelsTests" name="DosyaBilgisi_TamYolProperty_BucketveNesneAdiniIcermeli" />
    </UnitTest>
    <UnitTest name="Enterprise.Shared.Storage.Tests.Models.StorageModelsTests.DosyaYuklemeIstegi_ExitFields_ValidationFailed(eksikAlan: &quot;DosyaStream&quot;)" storage="/home/onur/desktop/platformv1/src/shared/enterprise.shared.storage.tests/bin/debug/net8.0/enterprise.shared.storage.tests.dll" id="52a39535-f531-efc2-9989-54e8da844dd6">
      <Execution id="fcb5d319-0209-4552-aede-a711e69dedd2" />
      <TestMethod codeBase="/home/onur/Desktop/PlatformV1/src/Shared/Enterprise.Shared.Storage.Tests/bin/Debug/net8.0/Enterprise.Shared.Storage.Tests.dll" adapterTypeName="executor://xunit/VsTestRunner2/netcoreapp" className="Enterprise.Shared.Storage.Tests.Models.StorageModelsTests" name="DosyaYuklemeIstegi_ExitFields_ValidationFailed" />
    </UnitTest>
    <UnitTest name="Enterprise.Shared.Storage.Tests.Extensions.DepolamaServisiFactoryTests.CreateStorageService_DesteklenmevenProvider_NotSupportedExceptionFirlatmali" storage="/home/onur/desktop/platformv1/src/shared/enterprise.shared.storage.tests/bin/debug/net8.0/enterprise.shared.storage.tests.dll" id="61fd8226-7b52-b909-bd0a-4672fb4bf31b">
      <Execution id="3f41ca93-d7fe-4a89-afbc-615329d19446" />
      <TestMethod codeBase="/home/onur/Desktop/PlatformV1/src/Shared/Enterprise.Shared.Storage.Tests/bin/Debug/net8.0/Enterprise.Shared.Storage.Tests.dll" adapterTypeName="executor://xunit/VsTestRunner2/netcoreapp" className="Enterprise.Shared.Storage.Tests.Extensions.DepolamaServisiFactoryTests" name="CreateStorageService_DesteklenmevenProvider_NotSupportedExceptionFirlatmali" />
    </UnitTest>
    <UnitTest name="Enterprise.Shared.Storage.Tests.Extensions.ServiceCollectionExtensionsTests.HasStorageSettings_KonfigürasyonVar_TrueDondurmeli" storage="/home/onur/desktop/platformv1/src/shared/enterprise.shared.storage.tests/bin/debug/net8.0/enterprise.shared.storage.tests.dll" id="90d351de-9252-a77d-cb14-a74503773f9c">
      <Execution id="2a3267cf-4374-4108-997c-64a9f76ad187" />
      <TestMethod codeBase="/home/onur/Desktop/PlatformV1/src/Shared/Enterprise.Shared.Storage.Tests/bin/Debug/net8.0/Enterprise.Shared.Storage.Tests.dll" adapterTypeName="executor://xunit/VsTestRunner2/netcoreapp" className="Enterprise.Shared.Storage.Tests.Extensions.ServiceCollectionExtensionsTests" name="HasStorageSettings_KonfigürasyonVar_TrueDondurmeli" />
    </UnitTest>
    <UnitTest name="Enterprise.Shared.Storage.Tests.Models.StorageModelsTests.VirusTaramaSonucu_TemizDosya_DogruPropertilerleOlusturmali" storage="/home/onur/desktop/platformv1/src/shared/enterprise.shared.storage.tests/bin/debug/net8.0/enterprise.shared.storage.tests.dll" id="9507dc98-5599-be8a-b135-ace9c72db944">
      <Execution id="7a590bb5-e440-4775-90b9-34bd937fb5da" />
      <TestMethod codeBase="/home/onur/Desktop/PlatformV1/src/Shared/Enterprise.Shared.Storage.Tests/bin/Debug/net8.0/Enterprise.Shared.Storage.Tests.dll" adapterTypeName="executor://xunit/VsTestRunner2/netcoreapp" className="Enterprise.Shared.Storage.Tests.Models.StorageModelsTests" name="VirusTaramaSonucu_TemizDosya_DogruPropertilerleOlusturmali" />
    </UnitTest>
    <UnitTest name="Enterprise.Shared.Storage.Tests.Models.StorageModelsTests.DosyaYuklemeIstegi_ExitFields_ValidationFailed(eksikAlan: &quot;DosyaAdi&quot;)" storage="/home/onur/desktop/platformv1/src/shared/enterprise.shared.storage.tests/bin/debug/net8.0/enterprise.shared.storage.tests.dll" id="6b10ae76-054b-2eef-8d5d-e6115f7b869b">
      <Execution id="50db171f-bcbd-453e-bb2a-bead2dfb3cd5" />
      <TestMethod codeBase="/home/onur/Desktop/PlatformV1/src/Shared/Enterprise.Shared.Storage.Tests/bin/Debug/net8.0/Enterprise.Shared.Storage.Tests.dll" adapterTypeName="executor://xunit/VsTestRunner2/netcoreapp" className="Enterprise.Shared.Storage.Tests.Models.StorageModelsTests" name="DosyaYuklemeIstegi_ExitFields_ValidationFailed" />
    </UnitTest>
    <UnitTest name="Enterprise.Shared.Storage.Tests.Models.StorageModelsTests.YedekTipi_GecerliDegerler_EnumDegerleriTanimliOlmali(tip: TransaksiyonLogYedek)" storage="/home/onur/desktop/platformv1/src/shared/enterprise.shared.storage.tests/bin/debug/net8.0/enterprise.shared.storage.tests.dll" id="172d5222-b9fc-660d-50b2-49274d6424c1">
      <Execution id="ef4232fd-9522-40a9-a152-2c86dc4505b5" />
      <TestMethod codeBase="/home/onur/Desktop/PlatformV1/src/Shared/Enterprise.Shared.Storage.Tests/bin/Debug/net8.0/Enterprise.Shared.Storage.Tests.dll" adapterTypeName="executor://xunit/VsTestRunner2/netcoreapp" className="Enterprise.Shared.Storage.Tests.Models.StorageModelsTests" name="YedekTipi_GecerliDegerler_EnumDegerleriTanimliOlmali" />
    </UnitTest>
    <UnitTest name="Enterprise.Shared.Storage.Tests.Models.StorageModelsTests.GuvenlikAyarlari_BosAllowedExtensions_ValidasyonHatasiVermeli(extension: null)" storage="/home/onur/desktop/platformv1/src/shared/enterprise.shared.storage.tests/bin/debug/net8.0/enterprise.shared.storage.tests.dll" id="36bf94e8-b2fb-7995-11dd-0edf10cf9046">
      <Execution id="5f71a3e3-37e6-405e-a0f1-8ac6994b1543" />
      <TestMethod codeBase="/home/onur/Desktop/PlatformV1/src/Shared/Enterprise.Shared.Storage.Tests/bin/Debug/net8.0/Enterprise.Shared.Storage.Tests.dll" adapterTypeName="executor://xunit/VsTestRunner2/netcoreapp" className="Enterprise.Shared.Storage.Tests.Models.StorageModelsTests" name="GuvenlikAyarlari_BosAllowedExtensions_ValidasyonHatasiVermeli" />
    </UnitTest>
    <UnitTest name="Enterprise.Shared.Storage.Tests.Models.StorageModelsTests.ResimIslemeSecenekleri_DefaultValues_VarsayilanDegerereSahipOlmali" storage="/home/onur/desktop/platformv1/src/shared/enterprise.shared.storage.tests/bin/debug/net8.0/enterprise.shared.storage.tests.dll" id="01e9ce06-687f-1328-629f-877fb3d6b1de">
      <Execution id="63f50b04-f27d-4cd3-be14-3d4dc7162d65" />
      <TestMethod codeBase="/home/onur/Desktop/PlatformV1/src/Shared/Enterprise.Shared.Storage.Tests/bin/Debug/net8.0/Enterprise.Shared.Storage.Tests.dll" adapterTypeName="executor://xunit/VsTestRunner2/netcoreapp" className="Enterprise.Shared.Storage.Tests.Models.StorageModelsTests" name="ResimIslemeSecenekleri_DefaultValues_VarsayilanDegerereSahipOlmali" />
    </UnitTest>
    <UnitTest name="Enterprise.Shared.Storage.Tests.Services.VirusTarayiciServisTestleri.SonGuncellemeTarihiAsync_MockServis_BugununTarihiniDondurmeli" storage="/home/onur/desktop/platformv1/src/shared/enterprise.shared.storage.tests/bin/debug/net8.0/enterprise.shared.storage.tests.dll" id="7b36674a-6731-09c1-bb69-026aa2292060">
      <Execution id="0efb19be-5298-4a5c-b2e1-291868ce957c" />
      <TestMethod codeBase="/home/onur/Desktop/PlatformV1/src/Shared/Enterprise.Shared.Storage.Tests/bin/Debug/net8.0/Enterprise.Shared.Storage.Tests.dll" adapterTypeName="executor://xunit/VsTestRunner2/netcoreapp" className="Enterprise.Shared.Storage.Tests.Services.VirusTarayiciServisTestleri" name="SonGuncellemeTarihiAsync_MockServis_BugununTarihiniDondurmeli" />
    </UnitTest>
    <UnitTest name="Enterprise.Shared.Storage.Tests.Services.DosyaValidasyonServisTestleri.ValidateAsync_BuyukDosya_HataVermeliMeli" storage="/home/onur/desktop/platformv1/src/shared/enterprise.shared.storage.tests/bin/debug/net8.0/enterprise.shared.storage.tests.dll" id="acfc01fa-94be-4bdb-e207-7fd8de9a95cd">
      <Execution id="ef8c7d2a-bfbe-42ff-a567-8c6710560bc8" />
      <TestMethod codeBase="/home/onur/Desktop/PlatformV1/src/Shared/Enterprise.Shared.Storage.Tests/bin/Debug/net8.0/Enterprise.Shared.Storage.Tests.dll" adapterTypeName="executor://xunit/VsTestRunner2/netcoreapp" className="Enterprise.Shared.Storage.Tests.Services.DosyaValidasyonServisTestleri" name="ValidateAsync_BuyukDosya_HataVermeliMeli" />
    </UnitTest>
    <UnitTest name="Enterprise.Shared.Storage.Tests.Services.ClamAVTarayiciServisTestleri.Constructor_NullLogger_ArgumentNullExceptionFirlatmali" storage="/home/onur/desktop/platformv1/src/shared/enterprise.shared.storage.tests/bin/debug/net8.0/enterprise.shared.storage.tests.dll" id="057adc5d-b9c7-9ec4-b79a-8781edbe539f">
      <Execution id="5c0125f0-422e-4eea-8693-b68fa343e8a6" />
      <TestMethod codeBase="/home/onur/Desktop/PlatformV1/src/Shared/Enterprise.Shared.Storage.Tests/bin/Debug/net8.0/Enterprise.Shared.Storage.Tests.dll" adapterTypeName="executor://xunit/VsTestRunner2/netcoreapp" className="Enterprise.Shared.Storage.Tests.Services.ClamAVTarayiciServisTestleri" name="Constructor_NullLogger_ArgumentNullExceptionFirlatmali" />
    </UnitTest>
    <UnitTest name="Enterprise.Shared.Storage.Tests.Services.ResimIslemeServisTestleri.WatermarkEkleAsync_GecerliResim_WatermarkEklenmisResimDondururMeli" storage="/home/onur/desktop/platformv1/src/shared/enterprise.shared.storage.tests/bin/debug/net8.0/enterprise.shared.storage.tests.dll" id="1ebb3d19-c1f5-6337-c253-fab534601faf">
      <Execution id="ce6398e3-0a85-4403-9d5d-cebaa9a9fadf" />
      <TestMethod codeBase="/home/onur/Desktop/PlatformV1/src/Shared/Enterprise.Shared.Storage.Tests/bin/Debug/net8.0/Enterprise.Shared.Storage.Tests.dll" adapterTypeName="executor://xunit/VsTestRunner2/netcoreapp" className="Enterprise.Shared.Storage.Tests.Services.ResimIslemeServisTestleri" name="WatermarkEkleAsync_GecerliResim_WatermarkEklenmisResimDondururMeli" />
    </UnitTest>
    <UnitTest name="Enterprise.Shared.Storage.Tests.Extensions.DepolamaServisiFactoryTests.Constructor_NullServiceProvider_ArgumentNullExceptionFirlatmali" storage="/home/onur/desktop/platformv1/src/shared/enterprise.shared.storage.tests/bin/debug/net8.0/enterprise.shared.storage.tests.dll" id="340b429b-cb7c-f1cb-c7fd-563586b2e442">
      <Execution id="b179f9aa-0ae0-45a4-b0d3-d1098781bd4a" />
      <TestMethod codeBase="/home/onur/Desktop/PlatformV1/src/Shared/Enterprise.Shared.Storage.Tests/bin/Debug/net8.0/Enterprise.Shared.Storage.Tests.dll" adapterTypeName="executor://xunit/VsTestRunner2/netcoreapp" className="Enterprise.Shared.Storage.Tests.Extensions.DepolamaServisiFactoryTests" name="Constructor_NullServiceProvider_ArgumentNullExceptionFirlatmali" />
    </UnitTest>
    <UnitTest name="Enterprise.Shared.Storage.Tests.Extensions.ServiceCollectionExtensionsTests.AddImageProcessing_KonfigurasyonAction_ResimServisiEklenmeli" storage="/home/onur/desktop/platformv1/src/shared/enterprise.shared.storage.tests/bin/debug/net8.0/enterprise.shared.storage.tests.dll" id="0cf4f303-b8ae-c881-1399-73c030b9a8c3">
      <Execution id="41b361c0-1e9d-461d-9d67-93b26577eae7" />
      <TestMethod codeBase="/home/onur/Desktop/PlatformV1/src/Shared/Enterprise.Shared.Storage.Tests/bin/Debug/net8.0/Enterprise.Shared.Storage.Tests.dll" adapterTypeName="executor://xunit/VsTestRunner2/netcoreapp" className="Enterprise.Shared.Storage.Tests.Extensions.ServiceCollectionExtensionsTests" name="AddImageProcessing_KonfigurasyonAction_ResimServisiEklenmeli" />
    </UnitTest>
    <UnitTest name="Enterprise.Shared.Storage.Tests.Services.DosyaValidasyonServisTestleri.DosyaImzasiGecerliMiAsync_YanlisImza_FalseDondurmeli" storage="/home/onur/desktop/platformv1/src/shared/enterprise.shared.storage.tests/bin/debug/net8.0/enterprise.shared.storage.tests.dll" id="c616ef4a-ff6a-726e-c8c2-0be8e6f710ca">
      <Execution id="0cb13bbc-0a08-4832-9f4d-e98fb1f848a8" />
      <TestMethod codeBase="/home/onur/Desktop/PlatformV1/src/Shared/Enterprise.Shared.Storage.Tests/bin/Debug/net8.0/Enterprise.Shared.Storage.Tests.dll" adapterTypeName="executor://xunit/VsTestRunner2/netcoreapp" className="Enterprise.Shared.Storage.Tests.Services.DosyaValidasyonServisTestleri" name="DosyaImzasiGecerliMiAsync_YanlisImza_FalseDondurmeli" />
    </UnitTest>
    <UnitTest name="Enterprise.Shared.Storage.Tests.Services.ClamAVTarayiciServisTestleri.Constructor_NullHttpClient_ArgumentNullExceptionFirlatmali" storage="/home/onur/desktop/platformv1/src/shared/enterprise.shared.storage.tests/bin/debug/net8.0/enterprise.shared.storage.tests.dll" id="51579947-a00a-89fd-8c29-c2c7b7c4f814">
      <Execution id="037505d1-5b66-4576-9653-6c7e643966f5" />
      <TestMethod codeBase="/home/onur/Desktop/PlatformV1/src/Shared/Enterprise.Shared.Storage.Tests/bin/Debug/net8.0/Enterprise.Shared.Storage.Tests.dll" adapterTypeName="executor://xunit/VsTestRunner2/netcoreapp" className="Enterprise.Shared.Storage.Tests.Services.ClamAVTarayiciServisTestleri" name="Constructor_NullHttpClient_ArgumentNullExceptionFirlatmali" />
    </UnitTest>
    <UnitTest name="Enterprise.Shared.Storage.Tests.Services.DosyaValidasyonServisTestleri.DosyaBoyutuGecerliMi_GecerliBoyut_TrueDondurmeli" storage="/home/onur/desktop/platformv1/src/shared/enterprise.shared.storage.tests/bin/debug/net8.0/enterprise.shared.storage.tests.dll" id="e290abb5-4a4c-a6bc-7766-5c20f40d23f0">
      <Execution id="811f0b97-d6fe-4d41-bca3-8e7db6b1df33" />
      <TestMethod codeBase="/home/onur/Desktop/PlatformV1/src/Shared/Enterprise.Shared.Storage.Tests/bin/Debug/net8.0/Enterprise.Shared.Storage.Tests.dll" adapterTypeName="executor://xunit/VsTestRunner2/netcoreapp" className="Enterprise.Shared.Storage.Tests.Services.DosyaValidasyonServisTestleri" name="DosyaBoyutuGecerliMi_GecerliBoyut_TrueDondurmeli" />
    </UnitTest>
    <UnitTest name="Enterprise.Shared.Storage.Tests.Extensions.ServiceCollectionExtensionsTests.AddEnterpriseStorage_GecerliKonfigürasyon_ServislerEklenmeli" storage="/home/onur/desktop/platformv1/src/shared/enterprise.shared.storage.tests/bin/debug/net8.0/enterprise.shared.storage.tests.dll" id="d1e7751a-f78a-d6d6-e4d1-3b177d5d2849">
      <Execution id="29e2f11d-156b-4e50-a92f-f9ea78c6b8be" />
      <TestMethod codeBase="/home/onur/Desktop/PlatformV1/src/Shared/Enterprise.Shared.Storage.Tests/bin/Debug/net8.0/Enterprise.Shared.Storage.Tests.dll" adapterTypeName="executor://xunit/VsTestRunner2/netcoreapp" className="Enterprise.Shared.Storage.Tests.Extensions.ServiceCollectionExtensionsTests" name="AddEnterpriseStorage_GecerliKonfigürasyon_ServislerEklenmeli" />
    </UnitTest>
    <UnitTest name="Enterprise.Shared.Storage.Tests.Services.ResimIslemeServisTestleri.ResimDosyasiMi_FarkliIcerikTurleri_DogruSonucVermeli(icerikTuru: &quot;image/gif&quot;, beklenenSonuc: True)" storage="/home/onur/desktop/platformv1/src/shared/enterprise.shared.storage.tests/bin/debug/net8.0/enterprise.shared.storage.tests.dll" id="f8ea8402-12b5-9b66-aba4-1b9181b3d22f">
      <Execution id="53e5ae3e-87c2-476f-a509-5c77461480ed" />
      <TestMethod codeBase="/home/onur/Desktop/PlatformV1/src/Shared/Enterprise.Shared.Storage.Tests/bin/Debug/net8.0/Enterprise.Shared.Storage.Tests.dll" adapterTypeName="executor://xunit/VsTestRunner2/netcoreapp" className="Enterprise.Shared.Storage.Tests.Services.ResimIslemeServisTestleri" name="ResimDosyasiMi_FarkliIcerikTurleri_DogruSonucVermeli" />
    </UnitTest>
    <UnitTest name="Enterprise.Shared.Storage.Tests.Services.ResimIslemeServisTestleri.ResimBoyutlandirAsync_GecerliResim_BoyutlandirilmisDondururMeli" storage="/home/onur/desktop/platformv1/src/shared/enterprise.shared.storage.tests/bin/debug/net8.0/enterprise.shared.storage.tests.dll" id="ac2cb801-acd3-e8d1-6e82-b6d4b1b48910">
      <Execution id="dec4dd8f-c811-4c9a-9464-24c155625a53" />
      <TestMethod codeBase="/home/onur/Desktop/PlatformV1/src/Shared/Enterprise.Shared.Storage.Tests/bin/Debug/net8.0/Enterprise.Shared.Storage.Tests.dll" adapterTypeName="executor://xunit/VsTestRunner2/netcoreapp" className="Enterprise.Shared.Storage.Tests.Services.ResimIslemeServisTestleri" name="ResimBoyutlandirAsync_GecerliResim_BoyutlandirilmisDondururMeli" />
    </UnitTest>
    <UnitTest name="Enterprise.Shared.Storage.Tests.Services.ResimIslemeServisTestleri.ResimIsleAsync_BuyukResim_KucukResimlerleIslenmisResimDondururMeli" storage="/home/onur/desktop/platformv1/src/shared/enterprise.shared.storage.tests/bin/debug/net8.0/enterprise.shared.storage.tests.dll" id="7288a54e-575a-a093-4ab8-963830294c29">
      <Execution id="cf5b475f-473d-40fe-9f39-8b0fa55d4722" />
      <TestMethod codeBase="/home/onur/Desktop/PlatformV1/src/Shared/Enterprise.Shared.Storage.Tests/bin/Debug/net8.0/Enterprise.Shared.Storage.Tests.dll" adapterTypeName="executor://xunit/VsTestRunner2/netcoreapp" className="Enterprise.Shared.Storage.Tests.Services.ResimIslemeServisTestleri" name="ResimIsleAsync_BuyukResim_KucukResimlerleIslenmisResimDondururMeli" />
    </UnitTest>
    <UnitTest name="Enterprise.Shared.Storage.Tests.Services.DosyaValidasyonServisTestleri.ValidateAsync_GeçersizDosyaAdi_HataVermeliMeli(dosyaAdi: &quot;   &quot;)" storage="/home/onur/desktop/platformv1/src/shared/enterprise.shared.storage.tests/bin/debug/net8.0/enterprise.shared.storage.tests.dll" id="bf57b459-8be1-2213-c2f2-d0d3bb54333c">
      <Execution id="f9e778cd-6423-451b-85b2-5fb73277fdea" />
      <TestMethod codeBase="/home/onur/Desktop/PlatformV1/src/Shared/Enterprise.Shared.Storage.Tests/bin/Debug/net8.0/Enterprise.Shared.Storage.Tests.dll" adapterTypeName="executor://xunit/VsTestRunner2/netcoreapp" className="Enterprise.Shared.Storage.Tests.Services.DosyaValidasyonServisTestleri" name="ValidateAsync_GeçersizDosyaAdi_HataVermeliMeli" />
    </UnitTest>
[...]
    </UnitTest>
    <UnitTest name="Enterprise.Shared.Storage.Tests.Models.StorageModelsTests.ValidationResult_Failure_HataileFailureSonucuOlusturmali" storage="/home/onur/desktop/platformv1/src/shared/enterprise.shared.storage.tests/bin/debug/net8.0/enterprise.shared.storage.tests.dll" id="f7194480-9399-0052-3b84-846249066dbf">
      <Execution id="170f1167-9634-4194-affb-671deefa3277" />
      <TestMethod codeBase="/home/onur/Desktop/PlatformV1/src/Shared/Enterprise.Shared.Storage.Tests/bin/Debug/net8.0/Enterprise.Shared.Storage.Tests.dll" adapterTypeName="executor://xunit/VsTestRunner2/netcoreapp" className="Enterprise.Shared.Storage.Tests.Models.StorageModelsTests" name="ValidationResult_Failure_HataileFailureSonucuOlusturmali" />
    </UnitTest>
    <UnitTest name="Enterprise.Shared.Storage.Tests.Models.StorageModelsTests.YedekTipi_GecerliDegerler_EnumDegerleriTanimliOlmali(tip: TamYedek)" storage="/home/onur/desktop/platformv1/src/shared/enterprise.shared.storage.tests/bin/debug/net8.0/enterprise.shared.storage.tests.dll" id="a841b8c6-52fb-8406-beef-ffef5bf7c9f1">
      <Execution id="0d5ab641-be9e-4ad6-ab22-2a54f8e493de" />
      <TestMethod codeBase="/home/onur/Desktop/PlatformV1/src/Shared/Enterprise.Shared.Storage.Tests/bin/Debug/net8.0/Enterprise.Shared.Storage.Tests.dll" adapterTypeName="executor://xunit/VsTestRunner2/netcoreapp" className="Enterprise.Shared.Storage.Tests.Models.StorageModelsTests" name="YedekTipi_GecerliDegerler_EnumDegerleriTanimliOlmali" />
    </UnitTest>
    <UnitTest name="Enterprise.Shared.Storage.Tests.Services.VirusTarayiciServisTestleri.TemizMiAsync_HerDosya_TrueDondurmeli" storage="/home/onur/desktop/platformv1/src/shared/enterprise.shared.storage.tests/bin/debug/net8.0/enterprise.shared.storage.tests.dll" id="e03b5bdd-230d-53c3-fbcb-79212c2eceea">
      <Execution id="0c4ca20b-c24d-49ba-8a61-15e944523c01" />
      <TestMethod codeBase="/home/onur/Desktop/PlatformV1/src/Shared/Enterprise.Shared.Storage.Tests/bin/Debug/net8.0/Enterprise.Shared.Storage.Tests.dll" adapterTypeName="executor://xunit/VsTestRunner2/netcoreapp" className="Enterprise.Shared.Storage.Tests.Services.VirusTarayiciServisTestleri" name="TemizMiAsync_HerDosya_TrueDondurmeli" />
    </UnitTest>
    <UnitTest name="Enterprise.Shared.Storage.Tests.Services.ResimIslemeServisTestleri.ResimDosyasiMi_FarkliIcerikTurleri_DogruSonucVermeli(icerikTuru: &quot;text/plain&quot;, beklenenSonuc: False)" storage="/home/onur/desktop/platformv1/src/shared/enterprise.shared.storage.tests/bin/debug/net8.0/enterprise.shared.storage.tests.dll" id="ace63b21-b7f0-20d8-5d67-074f4026efd0">
      <Execution id="7e11a66b-9851-4310-a7a2-4221730be696" />
      <TestMethod codeBase="/home/onur/Desktop/PlatformV1/src/Shared/Enterprise.Shared.Storage.Tests/bin/Debug/net8.0/Enterprise.Shared.Storage.Tests.dll" adapterTypeName="executor://xunit/VsTestRunner2/netcoreapp" className="Enterprise.Shared.Storage.Tests.Services.ResimIslemeServisTestleri" name="ResimDosyasiMi_FarkliIcerikTurleri_DogruSonucVermeli" />
    </UnitTest>
    <UnitTest name="Enterprise.Shared.Storage.Tests.Services.ResimIslemeServisTestleri.DesteklenenFormatlar_ListelenmisFormatlar_DogruFormatlariIcermeliMeli" storage="/home/onur/desktop/platformv1/src/shared/enterprise.shared.storage.tests/bin/debug/net8.0/enterprise.shared.storage.tests.dll" id="a60dd689-bb3d-0403-fed6-74ea9caff3d2">
      <Execution id="2fd8522d-1cf1-477b-a608-3bf1779d280e" />
      <TestMethod codeBase="/home/onur/Desktop/PlatformV1/src/Shared/Enterprise.Shared.Storage.Tests/bin/Debug/net8.0/Enterprise.Shared.Storage.Tests.dll" adapterTypeName="executor://xunit/VsTestRunner2/netcoreapp" className="Enterprise.Shared.Storage.Tests.Services.ResimIslemeServisTestleri" name="DesteklenenFormatlar_ListelenmisFormatlar_DogruFormatlariIcermeliMeli" />
    </UnitTest>
    <UnitTest name="Enterprise.Shared.Storage.Tests.Extensions.ServiceCollectionExtensionsTests.AddMinIOStorage_OzelAyarlar_MinIOAyarlariGuncellenmeli" storage="/home/onur/desktop/platformv1/src/shared/enterprise.shared.storage.tests/bin/debug/net8.0/enterprise.shared.storage.tests.dll" id="2a3523ac-fdf5-c5b9-c307-497d28bb65f8">
      <Execution id="67000719-8c60-40a9-9932-d59d02c59e45" />
      <TestMethod codeBase="/home/onur/Desktop/PlatformV1/src/Shared/Enterprise.Shared.Storage.Tests/bin/Debug/net8.0/Enterprise.Shared.Storage.Tests.dll" adapterTypeName="executor://xunit/VsTestRunner2/netcoreapp" className="Enterprise.Shared.Storage.Tests.Extensions.ServiceCollectionExtensionsTests" name="AddMinIOStorage_OzelAyarlar_MinIOAyarlariGuncellenmeli" />
    </UnitTest>
    <UnitTest name="Enterprise.Shared.Storage.Tests.Extensions.ServiceCollectionExtensionsTests.AddEnterpriseStorage_VarsayilanAyarlar_DefaultDegerlerleServislerEklenmeli" storage="/home/onur/desktop/platformv1/src/shared/enterprise.shared.storage.tests/bin/debug/net8.0/enterprise.shared.storage.tests.dll" id="d2c34e9e-d124-d5ac-2582-481d1b778665">
      <Execution id="ec3858b4-5626-4cd3-9935-06ff396d6dee" />
      <TestMethod codeBase="/home/onur/Desktop/PlatformV1/src/Shared/Enterprise.Shared.Storage.Tests/bin/Debug/net8.0/Enterprise.Shared.Storage.Tests.dll" adapterTypeName="executor://xunit/VsTestRunner2/netcoreapp" className="Enterprise.Shared.Storage.Tests.Extensions.ServiceCollectionExtensionsTests" name="AddEnterpriseStorage_VarsayilanAyarlar_DefaultDegerlerleServislerEklenmeli" />
    </UnitTest>
  </TestDefinitions>
  <TestEntries>
    <TestEntry testId="25e2a728-abcd-630a-d595-081c7325d260" executionId="94f37d3c-f868-4514-8f43-e8447f32d124" testListId="8c84fa94-04c1-424b-9868-57a2d4851a1d" />
    <TestEntry testId="5c451b10-6d89-dedd-df26-8d95496c7669" executionId="0caea802-5409-41e0-8b10-e475c18ccec8" testListId="8c84fa94-04c1-424b-9868-57a2d4851a1d" />
    <TestEntry testId="6725ca6e-2db4-d52b-666e-c5c0c5700fbf" executionId="61b2dc9c-bbb3-47e5-aa94-a111db6cc08a" testListId="8c84fa94-04c1-424b-9868-57a2d4851a1d" />
    <TestEntry testId="1cd0370b-9adf-338b-b1eb-b461a43afc4c" executionId="a8e1aa02-eb49-4948-8fee-7bc8a3bd865d" testListId="8c84fa94-04c1-424b-9868-57a2d4851a1d" />
    <TestEntry testId="f8ea8402-12b5-9b66-aba4-1b9181b3d22f" executionId="53e5ae3e-87c2-476f-a509-5c77461480ed" testListId="8c84fa94-04c1-424b-9868-57a2d4851a1d" />
    <TestEntry testId="14f66f59-ce3c-9807-2426-71130979e6d4" executionId="74c527a8-4e87-4267-9128-dd4c62def22c" testListId="8c84fa94-04c1-424b-9868-57a2d4851a1d" />
    <TestEntry testId="1c33ab4a-bd84-adef-0a00-ad253a33a66f" executionId="6cf85599-ab67-45c2-9d07-f04e645ce2d8" testListId="8c84fa94-04c1-424b-9868-57a2d4851a1d" />
    <TestEntry testId="5522037e-e5a0-021b-d0b7-c7d234eb0f03" executionId="e5da9f49-e54b-41c0-a41c-aaa73d907a36" testListId="8c84fa94-04c1-424b-9868-57a2d4851a1d" />
    <TestEntry testId="a60dd689-bb3d-0403-fed6-74ea9caff3d2" executionId="2fd8522d-1cf1-477b-a608-3bf1779d280e" testListId="8c84fa94-04c1-424b-9868-57a2d4851a1d" />
    <TestEntry testId="01e9ce06-687f-1328-629f-877fb3d6b1de" executionId="63f50b04-f27d-4cd3-be14-3d4dc7162d65" testListId="8c84fa94-04c1-424b-9868-57a2d4851a1d" />
    <TestEntry testId="36bf94e8-b2fb-7995-11dd-0edf10cf9046" executionId="5f71a3e3-37e6-405e-a0f1-8ac6994b1543" testListId="8c84fa94-04c1-424b-9868-57a2d4851a1d" />
    <TestEntry testId="7288a54e-575a-a093-4ab8-963830294c29" executionId="cf5b475f-473d-40fe-9f39-8b0fa55d4722" testListId="8c84fa94-04c1-424b-9868-57a2d4851a1d" />
    <TestEntry testId="aa616321-cac9-b063-562c-1b535b053cef" executionId="381a66a8-7174-45d8-9109-6b86478d2ca3" testListId="8c84fa94-04c1-424b-9868-57a2d4851a1d" />
    <TestEntry testId="d2c34e9e-d124-d5ac-2582-481d1b778665" executionId="ec3858b4-5626-4cd3-9935-06ff396d6dee" testListId="8c84fa94-04c1-424b-9868-57a2d4851a1d" />
    <TestEntry testId="52a39535-f531-efc2-9989-54e8da844dd6" executionId="fcb5d319-0209-4552-aede-a711e69dedd2" testListId="8c84fa94-04c1-424b-9868-57a2d4851a1d" />
    <TestEntry testId="f711a204-d998-0916-98b3-93660763166b" executionId="3aeec210-eb85-40ac-aa2b-cc0938e930d7" testListId="8c84fa94-04c1-424b-9868-57a2d4851a1d" />
    <TestEntry testId="c8a7a4b8-68dc-6d4c-01fc-9f5efada5ae5" executionId="b29350c7-d444-464e-9072-20700fb24500" testListId="8c84fa94-04c1-424b-9868-57a2d4851a1d" />
    <TestEntry testId="fa73ac31-f989-94e7-97d6-5698892d9422" executionId="a13522b6-b957-43b8-a230-0dec742385d3" testListId="8c84fa94-04c1-424b-9868-57a2d4851a1d" />
    <TestEntry testId="4c92c0a2-9077-a097-915f-460bf7eda0c3" executionId="28d742c3-e84d-461a-898c-e80663df4e73" testListId="8c84fa94-04c1-424b-9868-57a2d4851a1d" />
    <TestEntry testId="e03b5bdd-230d-53c3-fbcb-79212c2eceea" executionId="0c4ca20b-c24d-49ba-8a61-15e944523c01" testListId="8c84fa94-04c1-424b-9868-57a2d4851a1d" />
    <TestEntry testId="a841b8c6-52fb-8406-beef-ffef5bf7c9f1" executionId="0d5ab641-be9e-4ad6-ab22-2a54f8e493de" testListId="8c84fa94-04c1-424b-9868-57a2d4851a1d" />
    <TestEntry testId="e41f65a5-124b-abc8-1f30-3ea05e547824" executionId="72590510-a5f7-466f-be2b-62a84910ad72" testListId="8c84fa94-04c1-424b-9868-57a2d4851a1d" />
    <TestEntry testId="51579947-a00a-89fd-8c29-c2c7b7c4f814" executionId="037505d1-5b66-4576-9653-6c7e643966f5" testListId="8c84fa94-04c1-424b-9868-57a2d4851a1d" />
    <TestEntry testId="be82b51c-3be8-bcc0-0e3f-6e24abe28fed" executionId="c4fd1fe4-ec30-4906-a1d3-85d10ebe43f8" testListId="8c84fa94-04c1-424b-9868-57a2d4851a1d" />
    <TestEntry testId="f7194480-9399-0052-3b84-846249066dbf" executionId="170f1167-9634-4194-affb-671deefa3277" testListId="8c84fa94-04c1-424b-9868-57a2d4851a1d" />
    <TestEntry testId="a09e1861-d612-ccea-38e2-f226c6a5598f" executionId="2d9fd6d8-0806-4213-a44a-65481fcef9ac" testListId="8c84fa94-04c1-424b-9868-57a2d4851a1d" />
    <TestEntry testId="ac0bc820-4f76-beb5-ec12-ae63c751fbef" executionId="f5bc4baa-867d-4433-9d74-565ba2477e41" testListId="8c84fa94-04c1-424b-9868-57a2d4851a1d" />
    <TestEntry testId="3da88a3e-b6f5-d800-66e5-348fb3505fed" executionId="ea654bee-4750-44ec-8788-eb49571364ab" testListId="8c84fa94-04c1-424b-9868-57a2d4851a1d" />
    <TestEntry testId="bf57b459-8be1-2213-c2f2-d0d3bb54333c" executionId="f9e778cd-6423-451b-85b2-5fb73277fdea" testListId="8c84fa94-04c1-424b-9868-57a2d4851a1d" />
    <TestEntry testId="9ff69c44-faa5-e60c-d71c-2cfcdff220ca" executionId="116f0569-fcea-4dd6-b827-3feaaec21b2e" testListId="8c84fa94-04c1-424b-9868-57a2d4851a1d" />
    <TestEntry testId="0e876ae0-e77c-4ca7-7879-98cd54300afa" executionId="d39dcc68-fd1d-4479-bbb3-9d06d6397105" testListId="8c84fa94-04c1-424b-9868-57a2d4851a1d" />
    <TestEntry testId="7b36674a-6731-09c1-bb69-026aa2292060" executionId="0efb19be-5298-4a5c-b2e1-291868ce957c" testListId="8c84fa94-04c1-424b-9868-57a2d4851a1d" />
    <TestEntry testId="7950db2f-ae36-eb6b-1adb-1b59e02a39cd" executionId="07969d86-9627-4960-afdb-3b6e28599f8d" testListId="8c84fa94-04c1-424b-9868-57a2d4851a1d" />
    <TestEntry testId="8f242e89-bf70-67a6-4013-7e1bcb746ba1" executionId="a38c048f-c73e-4319-8cb3-3b52dfa366d9" testListId="8c84fa94-04c1-424b-9868-57a2d4851a1d" />
    <TestEntry testId="c785965f-54f5-0958-d1b3-031adc08431b" executionId="aabca9b5-ce2d-4167-aa58-030b549a96d3" testListId="8c84fa94-04c1-424b-9868-57a2d4851a1d" />
    <TestEntry testId="00d1ae19-1e33-a988-217e-102646f74288" executionId="391cfa82-75f0-482a-80ce-8c60e5b9ebca" testListId="8c84fa94-04c1-424b-9868-57a2d4851a1d" />
    <TestEntry testId="9507dc98-5599-be8a-b135-ace9c72db944" executionId="7a590bb5-e440-4775-90b9-34bd937fb5da" testListId="8c84fa94-04c1-424b-9868-57a2d4851a1d" />
    <TestEntry testId="81e8f42e-2b74-f5ee-0e5a-f94f93713110" executionId="7a566c06-3b4a-4120-97ae-7c51bb7b9214" testListId="8c84fa94-04c1-424b-9868-57a2d4851a1d" />
    <TestEntry testId="272b23ff-f63d-4eb8-3096-16de66a4efef" executionId="5fbb8c72-30cd-43c5-8f26-9b11100d7806" testListId="8c84fa94-04c1-424b-9868-57a2d4851a1d" />
    <TestEntry testId="e7892a4f-a7f9-4559-9176-4da4301dff02" executionId="94565f49-a6ff-45e5-9961-79d9b5c61ebd" testListId="8c84fa94-04c1-424b-9868-57a2d4851a1d" />
    <TestEntry testId="ecf06a14-ada8-ce31-dbf3-612d3b2c4fdd" executionId="daa430d6-d163-4150-8b9d-50eb4ddae89b" testListId="8c84fa94-04c1-424b-9868-57a2d4851a1d" />
    <TestEntry testId="1b49adf1-4016-2333-bfa5-3112e1389a5a" executionId="e4cefcdb-57db-4198-b888-6dd6c5bd8998" testListId="8c84fa94-04c1-424b-9868-57a2d4851a1d" />
    <TestEntry testId="3e00b09b-68c1-faa6-6b39-9e8efa1da9eb" executionId="95f908d0-836d-42f4-a766-74c3c39ec755" testListId="8c84fa94-04c1-424b-9868-57a2d4851a1d" />
    <TestEntry testId="975bb357-e96e-64a7-408f-e212511c9c2e" executionId="cd8cb9d5-6c76-4686-986a-e7c330224561" testListId="8c84fa94-04c1-424b-9868-57a2d4851a1d" />
    <TestEntry testId="acfc01fa-94be-4bdb-e207-7fd8de9a95cd" executionId="ef8c7d2a-bfbe-42ff-a567-8c6710560bc8" testListId="8c84fa94-04c1-424b-9868-57a2d4851a1d" />
    <TestEntry testId="5fce9f5b-44f5-4e68-b548-4157a52c2c21" executionId="964dd4f0-3711-4729-98d1-40008afaece8" testListId="8c84fa94-04c1-424b-9868-57a2d4851a1d" />
    <TestEntry testId="ace63b21-b7f0-20d8-5d67-074f4026efd0" executionId="7e11a66b-9851-4310-a7a2-4221730be696" testListId="8c84fa94-04c1-424b-9868-57a2d4851a1d" />
    <TestEntry testId="6eb99c4a-01bc-c2e9-d8c3-c10f390a5232" executionId="acf90f5e-5192-4367-9d3d-e624d1111265" testListId="8c84fa94-04c1-424b-9868-57a2d4851a1d" />
    <TestEntry testId="d5c68c46-c896-a96f-a99c-e12ce7f25031" executionId="8dabafea-f3a9-4f91-982e-9638c229b699" testListId="8c84fa94-04c1-424b-9868-57a2d4851a1d" />
    <TestEntry testId="2b7d0b21-4591-5f61-149f-2d20880e8c4e" executionId="0fa16898-ca6f-4027-9d8f-e7e71f5f60f9" testListId="8c84fa94-04c1-424b-9868-57a2d4851a1d" />
    <TestEntry testId="238d6161-d560-b29b-9b2b-f26a292d411e" executionId="8589d63b-e798-4dd8-93cf-1df795199f1b" testListId="8c84fa94-04c1-424b-9868-57a2d4851a1d" />
    <TestEntry testId="ac2cb801-acd3-e8d1-6e82-b6d4b1b48910" executionId="dec4dd8f-c811-4c9a-9464-24c155625a53" testListId="8c84fa94-04c1-424b-9868-57a2d4851a1d" />
    <TestEntry testId="2a3523ac-fdf5-c5b9-c307-497d28bb65f8" executionId="67000719-8c60-40a9-9932-d59d02c59e45" testListId="8c84fa94-04c1-424b-9868-57a2d4851a1d" />
    <TestEntry testId="1ebb3d19-c1f5-6337-c253-fab534601faf" executionId="ce6398e3-0a85-4403-9d5d-cebaa9a9fadf" testListId="8c84fa94-04c1-424b-9868-57a2d4851a1d" />
    <TestEntry testId="eec139e4-b8d2-4787-eec5-f37b72dfef14" executionId="9705a091-d993-43a6-bddf-d202f86d1469" testListId="8c84fa94-04c1-424b-9868-57a2d4851a1d" />
    <TestEntry testId="90d351de-9252-a77d-cb14-a74503773f9c" executionId="2a3267cf-4374-4108-997c-64a9f76ad187" testListId="8c84fa94-04c1-424b-9868-57a2d4851a1d" />
    <TestEntry testId="1c88859b-4113-0216-b2f3-2b25555ba917" executionId="a08bac52-b87e-497f-84fb-129b87ec1aef" testListId="8c84fa94-04c1-424b-9868-57a2d4851a1d" />
    <TestEntry testId="172d5222-b9fc-660d-50b2-49274d6424c1" executionId="ef4232fd-9522-40a9-a152-2c86dc4505b5" testListId="8c84fa94-04c1-424b-9868-57a2d4851a1d" />
    <TestEntry testId="5b952f12-da7a-60a0-2d0b-adb17c4e2527" executionId="224c059c-70c1-49ab-90db-51a2e0b68a71" testListId="8c84fa94-04c1-424b-9868-57a2d4851a1d" />
    <TestEntry testId="d1e7751a-f78a-d6d6-e4d1-3b177d5d2849" executionId="29e2f11d-156b-4e50-a92f-f9ea78c6b8be" testListId="8c84fa94-04c1-424b-9868-57a2d4851a1d" />
    <TestEntry testId="ccbf1a1c-bb15-00d8-6c30-83490d79c7a4" executionId="2533f6fc-9023-4778-8b7b-72709fc7d683" testListId="8c84fa94-04c1-424b-9868-57a2d4851a1d" />
    <TestEntry testId="f8298d54-baa5-d2dc-db6d-c9ef0bf1832a" executionId="e9e9e7c7-c22b-4dff-91aa-9bda358e849b" testListId="8c84fa94-04c1-424b-9868-57a2d4851a1d" />
    <TestEntry testId="050f5418-717c-0616-f15d-60ec01d72cca" executionId="b370e992-573d-4531-a9e4-983f4b5fec9e" testListId="8c84fa94-04c1-424b-9868-57a2d4851a1d" />
    <TestEntry testId="79cfc419-cc18-83db-6883-06584171e046" executionId="0435cc4e-c0f0-40a1-aa54-4815f8517de7" testListId="8c84fa94-04c1-424b-9868-57a2d4851a1d" />
    <TestEntry testId="61fd8226-7b52-b909-bd0a-4672fb4bf31b" executionId="3f41ca93-d7fe-4a89-afbc-615329d19446" testListId="8c84fa94-04c1-424b-9868-57a2d4851a1d" />
    <TestEntry testId="cf8667da-b6a3-bb34-46c4-02e50a6f4aa1" executionId="2658ff9f-d5ea-4b06-84b8-3899abebcf09" testListId="8c84fa94-04c1-424b-9868-57a2d4851a1d" />
    <TestEntry testId="057adc5d-b9c7-9ec4-b79a-8781edbe539f" executionId="5c0125f0-422e-4eea-8693-b68fa343e8a6" testListId="8c84fa94-04c1-424b-9868-57a2d4851a1d" />
    <TestEntry testId="1635d350-77c7-937d-5384-a1d89274fb26" executionId="1358488a-f9eb-41ee-a5f4-d097b0498104" testListId="8c84fa94-04c1-424b-9868-57a2d4851a1d" />
    <TestEntry testId="e290abb5-4a4c-a6bc-7766-5c20f40d23f0" executionId="811f0b97-d6fe-4d41-bca3-8e7db6b1df33" testListId="8c84fa94-04c1-424b-9868-57a2d4851a1d" />
    <TestEntry testId="22df29ca-1919-bfd8-40d0-5cffe65d98c0" executionId="12dd2d88-cbc3-4482-b38d-070db6d9858d" testListId="8c84fa94-04c1-424b-9868-57a2d4851a1d" />
    <TestEntry testId="0cf4f303-b8ae-c881-1399-73c030b9a8c3" executionId="41b361c0-1e9d-461d-9d67-93b26577eae7" testListId="8c84fa94-04c1-424b-9868-57a2d4851a1d" />
    <TestEntry testId="8c8453f3-1b9c-3bfc-7145-aa2819e3ff59" executionId="13e8f5ac-7754-48fc-9d46-f0a4b5f05073" testListId="8c84fa94-04c1-424b-9868-57a2d4851a1d" />
    <TestEntry testId="c616ef4a-ff6a-726e-c8c2-0be8e6f710ca" executionId="0cb13bbc-0a08-4832-9f4d-e98fb1f848a8" testListId="8c84fa94-04c1-424b-9868-57a2d4851a1d" />
    <TestEntry testId="6b10ae76-054b-2eef-8d5d-e6115f7b869b" executionId="50db171f-bcbd-453e-bb2a-bead2dfb3cd5" testListId="8c84fa94-04c1-424b-9868-57a2d4851a1d" />
    <TestEntry testId="6cd4aab2-0a9a-d20f-25d8-3ba767ab2bf5" executionId="064ba1ce-14b4-4a6d-8d30-a8b59ad644a8" testListId="8c84fa94-04c1-424b-9868-57a2d4851a1d" />
    <TestEntry testId="66e4263d-a33f-9f76-5248-e0ea0462567e" executionId="f30b0f4a-5d0f-4ee7-a032-4e2c5500c71d" testListId="8c84fa94-04c1-424b-9868-57a2d4851a1d" />
    <TestEntry testId="d8edb4ad-4531-f937-2bac-550c98aef40e" executionId="9bde737a-c919-4166-add1-0cfbeef90710" testListId="8c84fa94-04c1-424b-9868-57a2d4851a1d" />
    <TestEntry testId="f05caa87-f69e-b71e-3668-ed6af5dc5a8c" executionId="f43d6f76-1b62-49cc-baa4-eec709a24070" testListId="8c84fa94-04c1-424b-9868-57a2d4851a1d" />
    <TestEntry testId="3932fc5c-8a7d-db96-142c-68fffa2dd87c" executionId="5ebb1e4f-2495-4620-b137-e3870a90cc94" testListId="8c84fa94-04c1-424b-9868-57a2d4851a1d" />
    <TestEntry testId="340b429b-cb7c-f1cb-c7fd-563586b2e442" executionId="b179f9aa-0ae0-45a4-b0d3-d1098781bd4a" testListId="8c84fa94-04c1-424b-9868-57a2d4851a1d" />
  </TestEntries>
  <TestLists>
    <TestList name="Results Not in a List" id="8c84fa94-04c1-424b-9868-57a2d4851a1d" />
    <TestList name="All Loaded Results" id="19431567-8539-422a-85d7-44ee4e166bda" />
  </TestLists>
  <ResultSummary outcome="Completed">
    <Counters total="80" executed="80" passed="80" failed="0" error="0" timeout="0" aborted="0" inconclusive="0" passedButRunAborted="0" notRunnable="0" notExecuted="0" disconnected="0" warning="0" completed="0" inProgress="0" pending="0" />
    <Output>
      <StdOut>[xUnit.net 00:00:00.00] xUnit.net VSTest Adapter v2.4.5+1caef2f33e (64-bit .NET 8.0.19)
[xUnit.net 00:00:00.30]   Discovering: Enterprise.Shared.Storage.Tests
[xUnit.net 00:00:00.33]   Discovered:  Enterprise.Shared.Storage.Tests
[xUnit.net 00:00:00.33]   Starting:    Enterprise.Shared.Storage.Tests
[xUnit.net 00:00:02.01]   Finished:    Enterprise.Shared.Storage.Tests
</StdOut>
    </Output>
  </ResultSummary>
</TestRun>